[2023-06-27T18:06:46.122+0000] {taskinstance.py:1087} INFO - Dependencies all met for <TaskInstance: load_pageviews.create_dbt_models manual__2023-06-27T18:05:25.115111+00:00 [queued]>
[2023-06-27T18:06:46.128+0000] {taskinstance.py:1087} INFO - Dependencies all met for <TaskInstance: load_pageviews.create_dbt_models manual__2023-06-27T18:05:25.115111+00:00 [queued]>
[2023-06-27T18:06:46.128+0000] {taskinstance.py:1283} INFO - 
--------------------------------------------------------------------------------
[2023-06-27T18:06:46.128+0000] {taskinstance.py:1284} INFO - Starting attempt 1 of 1
[2023-06-27T18:06:46.129+0000] {taskinstance.py:1285} INFO - 
--------------------------------------------------------------------------------
[2023-06-27T18:06:46.139+0000] {taskinstance.py:1304} INFO - Executing <Task(BashOperator): create_dbt_models> on 2023-06-27 18:05:25.115111+00:00
[2023-06-27T18:06:46.144+0000] {standard_task_runner.py:55} INFO - Started process 2515 to run task
[2023-06-27T18:06:46.148+0000] {standard_task_runner.py:82} INFO - Running: ['***', 'tasks', 'run', 'load_pageviews', 'create_dbt_models', 'manual__2023-06-27T18:05:25.115111+00:00', '--job-id', '32', '--raw', '--subdir', 'DAGS_FOLDER/load_pageviews.py', '--cfg-path', '/tmp/tmpnk32x6aq']
[2023-06-27T18:06:46.148+0000] {standard_task_runner.py:83} INFO - Job 32: Subtask create_dbt_models
[2023-06-27T18:06:46.191+0000] {task_command.py:389} INFO - Running <TaskInstance: load_pageviews.create_dbt_models manual__2023-06-27T18:05:25.115111+00:00 [running]> on host df36c5c3b1c7
[2023-06-27T18:06:46.240+0000] {taskinstance.py:1513} INFO - Exporting the following env vars:
AIRFLOW_CTX_DAG_OWNER=***
AIRFLOW_CTX_DAG_ID=load_pageviews
AIRFLOW_CTX_TASK_ID=create_dbt_models
AIRFLOW_CTX_EXECUTION_DATE=2023-06-27T18:05:25.115111+00:00
AIRFLOW_CTX_TRY_NUMBER=1
AIRFLOW_CTX_DAG_RUN_ID=manual__2023-06-27T18:05:25.115111+00:00
[2023-06-27T18:06:46.241+0000] {subprocess.py:63} INFO - Tmp dir root location: 
 /tmp
[2023-06-27T18:06:46.242+0000] {subprocess.py:75} INFO - Running command: ['/bin/bash', '-c', 'cd /opt/***/helper/dbt_pageviews && dbt run']
[2023-06-27T18:06:46.253+0000] {subprocess.py:86} INFO - Output:
[2023-06-27T18:06:48.112+0000] {subprocess.py:93} INFO - [0m18:06:48  Running with dbt=1.5.2
[2023-06-27T18:06:48.808+0000] {subprocess.py:93} INFO - [0m18:06:48  Registered adapter: bigquery=1.5.3
[2023-06-27T18:06:48.898+0000] {subprocess.py:93} INFO - [0m18:06:48  Found 3 models, 4 tests, 0 snapshots, 0 analyses, 357 macros, 0 operations, 0 seed files, 0 sources, 0 exposures, 0 metrics, 0 groups
[2023-06-27T18:06:48.900+0000] {subprocess.py:93} INFO - [0m18:06:48
[2023-06-27T18:06:49.827+0000] {subprocess.py:93} INFO - [0m18:06:49  Concurrency: 1 threads (target='dev')
[2023-06-27T18:06:49.828+0000] {subprocess.py:93} INFO - [0m18:06:49
[2023-06-27T18:06:49.834+0000] {subprocess.py:93} INFO - [0m18:06:49  1 of 3 START sql table model pageviews.my_first_dbt_model ...................... [RUN]
[2023-06-27T18:06:52.692+0000] {subprocess.py:93} INFO - [0m18:06:52  1 of 3 OK created sql table model pageviews.my_first_dbt_model ................. [[32mCREATE TABLE (2.0 rows, 0 processed)[0m in 2.86s]
[2023-06-27T18:06:52.693+0000] {subprocess.py:93} INFO - [0m18:06:52  2 of 3 START sql view model pageviews.pageviews_ranks .......................... [RUN]
[2023-06-27T18:06:53.774+0000] {subprocess.py:93} INFO - [0m18:06:53  2 of 3 OK created sql view model pageviews.pageviews_ranks ..................... [[32mCREATE VIEW (0 processed)[0m in 1.08s]
[2023-06-27T18:06:53.775+0000] {subprocess.py:93} INFO - [0m18:06:53  3 of 3 START sql view model pageviews.my_second_dbt_model ...................... [RUN]
[2023-06-27T18:06:54.720+0000] {subprocess.py:93} INFO - [0m18:06:54  3 of 3 OK created sql view model pageviews.my_second_dbt_model ................. [[32mCREATE VIEW (0 processed)[0m in 0.94s]
[2023-06-27T18:06:54.757+0000] {subprocess.py:93} INFO - [0m18:06:54
[2023-06-27T18:06:54.757+0000] {subprocess.py:93} INFO - [0m18:06:54  Finished running 1 table model, 2 view models in 0 hours 0 minutes and 5.86 seconds (5.86s).
[2023-06-27T18:06:54.767+0000] {subprocess.py:93} INFO - [0m18:06:54
[2023-06-27T18:06:54.767+0000] {subprocess.py:93} INFO - [0m18:06:54  [32mCompleted successfully[0m
[2023-06-27T18:06:54.768+0000] {subprocess.py:93} INFO - [0m18:06:54
[2023-06-27T18:06:54.768+0000] {subprocess.py:93} INFO - [0m18:06:54  Done. PASS=3 WARN=0 ERROR=0 SKIP=0 TOTAL=3
[2023-06-27T18:06:57.651+0000] {subprocess.py:97} INFO - Command exited with return code 0
[2023-06-27T18:06:57.671+0000] {taskinstance.py:1327} INFO - Marking task as SUCCESS. dag_id=load_pageviews, task_id=create_dbt_models, execution_date=20230627T180525, start_date=20230627T180646, end_date=20230627T180657
[2023-06-27T18:06:57.714+0000] {local_task_job.py:159} INFO - Task exited with return code 0
[2023-06-27T18:06:57.731+0000] {taskinstance.py:2582} INFO - 1 downstream tasks scheduled from follow-on schedule check
