[2023-06-28T13:00:17.178+0000] {taskinstance.py:1087} INFO - Dependencies all met for <TaskInstance: predict_rates.generate_predictions_view scheduled__2023-06-28T12:00:00+00:00 [queued]>
[2023-06-28T13:00:17.197+0000] {taskinstance.py:1087} INFO - Dependencies all met for <TaskInstance: predict_rates.generate_predictions_view scheduled__2023-06-28T12:00:00+00:00 [queued]>
[2023-06-28T13:00:17.197+0000] {taskinstance.py:1283} INFO - 
--------------------------------------------------------------------------------
[2023-06-28T13:00:17.197+0000] {taskinstance.py:1284} INFO - Starting attempt 1 of 1
[2023-06-28T13:00:17.197+0000] {taskinstance.py:1285} INFO - 
--------------------------------------------------------------------------------
[2023-06-28T13:00:17.208+0000] {taskinstance.py:1304} INFO - Executing <Task(_PythonDecoratedOperator): generate_predictions_view> on 2023-06-28 12:00:00+00:00
[2023-06-28T13:00:17.216+0000] {standard_task_runner.py:55} INFO - Started process 3109 to run task
[2023-06-28T13:00:17.219+0000] {standard_task_runner.py:82} INFO - Running: ['***', 'tasks', 'run', 'predict_rates', 'generate_predictions_view', 'scheduled__2023-06-28T12:00:00+00:00', '--job-id', '109', '--raw', '--subdir', 'DAGS_FOLDER/predict_rates.py', '--cfg-path', '/tmp/tmp5jdzz8l8']
[2023-06-28T13:00:17.222+0000] {standard_task_runner.py:83} INFO - Job 109: Subtask generate_predictions_view
[2023-06-28T13:00:17.275+0000] {task_command.py:389} INFO - Running <TaskInstance: predict_rates.generate_predictions_view scheduled__2023-06-28T12:00:00+00:00 [running]> on host 3e2e38946fac
[2023-06-28T13:00:17.333+0000] {taskinstance.py:1513} INFO - Exporting the following env vars:
AIRFLOW_CTX_DAG_OWNER=***
AIRFLOW_CTX_DAG_ID=predict_rates
AIRFLOW_CTX_TASK_ID=generate_predictions_view
AIRFLOW_CTX_EXECUTION_DATE=2023-06-28T12:00:00+00:00
AIRFLOW_CTX_TRY_NUMBER=1
AIRFLOW_CTX_DAG_RUN_ID=scheduled__2023-06-28T12:00:00+00:00
[2023-06-28T13:00:17.334+0000] {logging_mixin.py:137} INFO - {'AMZN': {'0': 129.5213681684}, 'GOOGL': {'0': 118.4978279165}, 'META': {'0': 284.6517351481}, 'MSFT': {'0': 333.2903650367}, 'AAPL': {'0': 187.426136261}}
[2023-06-28T13:00:17.347+0000] {logging_mixin.py:137} INFO -          AMZN       GOOGL        META        AAPL        MSFT date
0  129.521368  118.497828  284.651735  187.426136  333.290365  NaN
[2023-06-28T13:00:32.513+0000] {logging_mixin.py:137} INFO - Loaded 1 rows into pageviews-390416.pageviews.predictions.
[2023-06-28T13:00:32.513+0000] {python.py:177} INFO - Done. Returned value was: None
[2023-06-28T13:00:32.522+0000] {taskinstance.py:1327} INFO - Marking task as SUCCESS. dag_id=predict_rates, task_id=generate_predictions_view, execution_date=20230628T120000, start_date=20230628T130017, end_date=20230628T130032
[2023-06-28T13:00:32.566+0000] {local_task_job.py:159} INFO - Task exited with return code 0
[2023-06-28T13:00:32.581+0000] {taskinstance.py:2582} INFO - 0 downstream tasks scheduled from follow-on schedule check
