[2023-06-28T06:00:44.053+0000] {taskinstance.py:1087} INFO - Dependencies all met for <TaskInstance: load_pageviews.load_pageview_data scheduled__2023-06-28T05:00:00+00:00 [queued]>
[2023-06-28T06:00:44.059+0000] {taskinstance.py:1087} INFO - Dependencies all met for <TaskInstance: load_pageviews.load_pageview_data scheduled__2023-06-28T05:00:00+00:00 [queued]>
[2023-06-28T06:00:44.060+0000] {taskinstance.py:1283} INFO - 
--------------------------------------------------------------------------------
[2023-06-28T06:00:44.060+0000] {taskinstance.py:1284} INFO - Starting attempt 1 of 1
[2023-06-28T06:00:44.060+0000] {taskinstance.py:1285} INFO - 
--------------------------------------------------------------------------------
[2023-06-28T06:00:44.070+0000] {taskinstance.py:1304} INFO - Executing <Task(PythonOperator): load_pageview_data> on 2023-06-28 05:00:00+00:00
[2023-06-28T06:00:44.076+0000] {standard_task_runner.py:55} INFO - Started process 151 to run task
[2023-06-28T06:00:44.079+0000] {standard_task_runner.py:82} INFO - Running: ['***', 'tasks', 'run', 'load_pageviews', 'load_pageview_data', 'scheduled__2023-06-28T05:00:00+00:00', '--job-id', '65', '--raw', '--subdir', 'DAGS_FOLDER/load_pageviews.py', '--cfg-path', '/tmp/tmpde6fmv5y']
[2023-06-28T06:00:44.080+0000] {standard_task_runner.py:83} INFO - Job 65: Subtask load_pageview_data
[2023-06-28T06:00:44.124+0000] {task_command.py:389} INFO - Running <TaskInstance: load_pageviews.load_pageview_data scheduled__2023-06-28T05:00:00+00:00 [running]> on host 53ef9e17488f
[2023-06-28T06:00:44.171+0000] {taskinstance.py:1513} INFO - Exporting the following env vars:
AIRFLOW_CTX_DAG_OWNER=***
AIRFLOW_CTX_DAG_ID=load_pageviews
AIRFLOW_CTX_TASK_ID=load_pageview_data
AIRFLOW_CTX_EXECUTION_DATE=2023-06-28T05:00:00+00:00
AIRFLOW_CTX_TRY_NUMBER=1
AIRFLOW_CTX_DAG_RUN_ID=scheduled__2023-06-28T05:00:00+00:00
[2023-06-28T06:00:50.457+0000] {logging_mixin.py:137} INFO - Loaded 5 rows into pageviews-390416.pageviews.pageviews.
[2023-06-28T06:00:50.458+0000] {python.py:177} INFO - Done. Returned value was: None
[2023-06-28T06:00:50.466+0000] {taskinstance.py:1327} INFO - Marking task as SUCCESS. dag_id=load_pageviews, task_id=load_pageview_data, execution_date=20230628T050000, start_date=20230628T060044, end_date=20230628T060050
[2023-06-28T06:00:50.512+0000] {local_task_job.py:159} INFO - Task exited with return code 0
[2023-06-28T06:00:50.533+0000] {taskinstance.py:2582} INFO - 1 downstream tasks scheduled from follow-on schedule check
