[2023-06-28T16:00:01.971+0000] {taskinstance.py:1087} INFO - Dependencies all met for <TaskInstance: predict_rates.predict_rates scheduled__2023-06-28T15:00:00+00:00 [queued]>
[2023-06-28T16:00:01.979+0000] {taskinstance.py:1087} INFO - Dependencies all met for <TaskInstance: predict_rates.predict_rates scheduled__2023-06-28T15:00:00+00:00 [queued]>
[2023-06-28T16:00:01.979+0000] {taskinstance.py:1283} INFO - 
--------------------------------------------------------------------------------
[2023-06-28T16:00:01.979+0000] {taskinstance.py:1284} INFO - Starting attempt 1 of 1
[2023-06-28T16:00:01.979+0000] {taskinstance.py:1285} INFO - 
--------------------------------------------------------------------------------
[2023-06-28T16:00:01.991+0000] {taskinstance.py:1304} INFO - Executing <Task(_PythonDecoratedOperator): predict_rates> on 2023-06-28 15:00:00+00:00
[2023-06-28T16:00:01.999+0000] {standard_task_runner.py:55} INFO - Started process 10884 to run task
[2023-06-28T16:00:02.002+0000] {standard_task_runner.py:82} INFO - Running: ['***', 'tasks', 'run', 'predict_rates', 'predict_rates', 'scheduled__2023-06-28T15:00:00+00:00', '--job-id', '133', '--raw', '--subdir', 'DAGS_FOLDER/predict_rates.py', '--cfg-path', '/tmp/tmpdb3natuz']
[2023-06-28T16:00:02.004+0000] {standard_task_runner.py:83} INFO - Job 133: Subtask predict_rates
[2023-06-28T16:00:02.060+0000] {task_command.py:389} INFO - Running <TaskInstance: predict_rates.predict_rates scheduled__2023-06-28T15:00:00+00:00 [running]> on host 3e2e38946fac
[2023-06-28T16:00:02.121+0000] {taskinstance.py:1513} INFO - Exporting the following env vars:
AIRFLOW_CTX_DAG_OWNER=***
AIRFLOW_CTX_DAG_ID=predict_rates
AIRFLOW_CTX_TASK_ID=predict_rates
AIRFLOW_CTX_EXECUTION_DATE=2023-06-28T15:00:00+00:00
AIRFLOW_CTX_TRY_NUMBER=1
AIRFLOW_CTX_DAG_RUN_ID=scheduled__2023-06-28T15:00:00+00:00
[2023-06-28T16:00:06.697+0000] {logging_mixin.py:137} INFO -    pageviews  year  month  day  hour  minute  second
0         10  2023      6   28    13       0       0
[2023-06-28T16:00:06.745+0000] {logging_mixin.py:137} INFO - Model R^2 Score is: 0.2671049869435346
[2023-06-28T16:00:06.745+0000] {warnings.py:110} WARNING - /home/***/.local/lib/python3.7/site-packages/sklearn/base.py:444: UserWarning: X has feature names, but RandomForestRegressor was fitted without feature names
  f"X has feature names, but {self.__class__.__name__} was fitted without"

[2023-06-28T16:00:06.751+0000] {logging_mixin.py:137} INFO - [129.34405025]
[2023-06-28T16:00:09.003+0000] {logging_mixin.py:137} INFO -    pageviews  year  month  day  hour  minute  second
0        983  2023      6   28    13       0       0
[2023-06-28T16:00:09.051+0000] {logging_mixin.py:137} INFO - Model R^2 Score is: -0.00891942145233049
[2023-06-28T16:00:09.052+0000] {warnings.py:110} WARNING - /home/***/.local/lib/python3.7/site-packages/sklearn/base.py:444: UserWarning: X has feature names, but RandomForestRegressor was fitted without feature names
  f"X has feature names, but {self.__class__.__name__} was fitted without"

[2023-06-28T16:00:09.057+0000] {logging_mixin.py:137} INFO - [118.72138633]
[2023-06-28T16:00:11.170+0000] {logging_mixin.py:137} INFO -    pageviews  year  month  day  hour  minute  second
0       1044  2023      6   28    13       0       0
[2023-06-28T16:00:11.205+0000] {logging_mixin.py:137} INFO - Model R^2 Score is: -11.334646957340036
[2023-06-28T16:00:11.205+0000] {warnings.py:110} WARNING - /home/***/.local/lib/python3.7/site-packages/sklearn/base.py:444: UserWarning: X has feature names, but RandomForestRegressor was fitted without feature names
  f"X has feature names, but {self.__class__.__name__} was fitted without"

[2023-06-28T16:00:11.208+0000] {logging_mixin.py:137} INFO - [287.0764573]
[2023-06-28T16:00:13.385+0000] {logging_mixin.py:137} INFO -    pageviews  year  month  day  hour  minute  second
0        248  2023      6   28    13       0       0
[2023-06-28T16:00:13.418+0000] {logging_mixin.py:137} INFO - Model R^2 Score is: -5.141242889401459
[2023-06-28T16:00:13.418+0000] {warnings.py:110} WARNING - /home/***/.local/lib/python3.7/site-packages/sklearn/base.py:444: UserWarning: X has feature names, but RandomForestRegressor was fitted without feature names
  f"X has feature names, but {self.__class__.__name__} was fitted without"

[2023-06-28T16:00:13.423+0000] {logging_mixin.py:137} INFO - [334.33414752]
[2023-06-28T16:00:15.574+0000] {logging_mixin.py:137} INFO -    pageviews  year  month  day  hour  minute  second
0         52  2023      6   28    13       0       0
[2023-06-28T16:00:15.608+0000] {logging_mixin.py:137} INFO - Model R^2 Score is: -0.894282635680703
[2023-06-28T16:00:15.608+0000] {warnings.py:110} WARNING - /home/***/.local/lib/python3.7/site-packages/sklearn/base.py:444: UserWarning: X has feature names, but RandomForestRegressor was fitted without feature names
  f"X has feature names, but {self.__class__.__name__} was fitted without"

[2023-06-28T16:00:15.612+0000] {logging_mixin.py:137} INFO - [187.88355457]
[2023-06-28T16:00:15.615+0000] {python.py:177} INFO - Done. Returned value was: None
[2023-06-28T16:00:15.625+0000] {taskinstance.py:1327} INFO - Marking task as SUCCESS. dag_id=predict_rates, task_id=predict_rates, execution_date=20230628T150000, start_date=20230628T160001, end_date=20230628T160015
[2023-06-28T16:00:15.683+0000] {local_task_job.py:159} INFO - Task exited with return code 0
[2023-06-28T16:00:15.704+0000] {taskinstance.py:2582} INFO - 1 downstream tasks scheduled from follow-on schedule check
