[2023-06-28T06:01:04.874+0000] {taskinstance.py:1087} INFO - Dependencies all met for <TaskInstance: load_pageviews.create_dbt_models scheduled__2023-06-28T05:00:00+00:00 [queued]>
[2023-06-28T06:01:04.882+0000] {taskinstance.py:1087} INFO - Dependencies all met for <TaskInstance: load_pageviews.create_dbt_models scheduled__2023-06-28T05:00:00+00:00 [queued]>
[2023-06-28T06:01:04.882+0000] {taskinstance.py:1283} INFO - 
--------------------------------------------------------------------------------
[2023-06-28T06:01:04.882+0000] {taskinstance.py:1284} INFO - Starting attempt 1 of 1
[2023-06-28T06:01:04.882+0000] {taskinstance.py:1285} INFO - 
--------------------------------------------------------------------------------
[2023-06-28T06:01:04.891+0000] {taskinstance.py:1304} INFO - Executing <Task(BashOperator): create_dbt_models> on 2023-06-28 05:00:00+00:00
[2023-06-28T06:01:04.897+0000] {standard_task_runner.py:55} INFO - Started process 178 to run task
[2023-06-28T06:01:04.900+0000] {standard_task_runner.py:82} INFO - Running: ['***', 'tasks', 'run', 'load_pageviews', 'create_dbt_models', 'scheduled__2023-06-28T05:00:00+00:00', '--job-id', '67', '--raw', '--subdir', 'DAGS_FOLDER/load_pageviews.py', '--cfg-path', '/tmp/tmp84dly5yz']
[2023-06-28T06:01:04.900+0000] {standard_task_runner.py:83} INFO - Job 67: Subtask create_dbt_models
[2023-06-28T06:01:04.947+0000] {task_command.py:389} INFO - Running <TaskInstance: load_pageviews.create_dbt_models scheduled__2023-06-28T05:00:00+00:00 [running]> on host 53ef9e17488f
[2023-06-28T06:01:05.007+0000] {taskinstance.py:1513} INFO - Exporting the following env vars:
AIRFLOW_CTX_DAG_OWNER=***
AIRFLOW_CTX_DAG_ID=load_pageviews
AIRFLOW_CTX_TASK_ID=create_dbt_models
AIRFLOW_CTX_EXECUTION_DATE=2023-06-28T05:00:00+00:00
AIRFLOW_CTX_TRY_NUMBER=1
AIRFLOW_CTX_DAG_RUN_ID=scheduled__2023-06-28T05:00:00+00:00
[2023-06-28T06:01:05.008+0000] {subprocess.py:63} INFO - Tmp dir root location: 
 /tmp
[2023-06-28T06:01:05.009+0000] {subprocess.py:75} INFO - Running command: ['/bin/bash', '-c', 'cd /opt/***/helper/dbt_pageviews && dbt run']
[2023-06-28T06:01:05.019+0000] {subprocess.py:86} INFO - Output:
[2023-06-28T06:01:06.996+0000] {subprocess.py:93} INFO - [0m06:01:06  Running with dbt=1.5.2
[2023-06-28T06:01:07.727+0000] {subprocess.py:93} INFO - [0m06:01:07  Registered adapter: bigquery=1.5.3
[2023-06-28T06:01:07.772+0000] {subprocess.py:93} INFO - [0m06:01:07  Found 3 models, 4 tests, 0 snapshots, 0 analyses, 357 macros, 0 operations, 0 seed files, 0 sources, 0 exposures, 0 metrics, 0 groups
[2023-06-28T06:01:07.774+0000] {subprocess.py:93} INFO - [0m06:01:07
[2023-06-28T06:01:08.697+0000] {subprocess.py:93} INFO - [0m06:01:08  Concurrency: 1 threads (target='dev')
[2023-06-28T06:01:08.697+0000] {subprocess.py:93} INFO - [0m06:01:08
[2023-06-28T06:01:08.703+0000] {subprocess.py:93} INFO - [0m06:01:08  1 of 3 START sql table model pageviews.my_first_dbt_model ...................... [RUN]
[2023-06-28T06:01:11.258+0000] {subprocess.py:93} INFO - [0m06:01:11  1 of 3 OK created sql table model pageviews.my_first_dbt_model ................. [[32mCREATE TABLE (2.0 rows, 0 processed)[0m in 2.55s]
[2023-06-28T06:01:11.261+0000] {subprocess.py:93} INFO - [0m06:01:11  2 of 3 START sql view model pageviews.pageviews_ranks .......................... [RUN]
[2023-06-28T06:01:12.340+0000] {subprocess.py:93} INFO - [0m06:01:12  2 of 3 OK created sql view model pageviews.pageviews_ranks ..................... [[32mCREATE VIEW (0 processed)[0m in 1.08s]
[2023-06-28T06:01:12.342+0000] {subprocess.py:93} INFO - [0m06:01:12  3 of 3 START sql view model pageviews.my_second_dbt_model ...................... [RUN]
[2023-06-28T06:01:13.357+0000] {subprocess.py:93} INFO - [0m06:01:13  3 of 3 OK created sql view model pageviews.my_second_dbt_model ................. [[32mCREATE VIEW (0 processed)[0m in 1.01s]
[2023-06-28T06:01:13.419+0000] {subprocess.py:93} INFO - [0m06:01:13
[2023-06-28T06:01:13.420+0000] {subprocess.py:93} INFO - [0m06:01:13  Finished running 1 table model, 2 view models in 0 hours 0 minutes and 5.64 seconds (5.64s).
[2023-06-28T06:01:13.432+0000] {subprocess.py:93} INFO - [0m06:01:13
[2023-06-28T06:01:13.432+0000] {subprocess.py:93} INFO - [0m06:01:13  [32mCompleted successfully[0m
[2023-06-28T06:01:13.433+0000] {subprocess.py:93} INFO - [0m06:01:13
[2023-06-28T06:01:13.434+0000] {subprocess.py:93} INFO - [0m06:01:13  Done. PASS=3 WARN=0 ERROR=0 SKIP=0 TOTAL=3
[2023-06-28T06:01:14.237+0000] {subprocess.py:97} INFO - Command exited with return code 0
[2023-06-28T06:01:14.255+0000] {taskinstance.py:1327} INFO - Marking task as SUCCESS. dag_id=load_pageviews, task_id=create_dbt_models, execution_date=20230628T050000, start_date=20230628T060104, end_date=20230628T060114
[2023-06-28T06:01:14.301+0000] {local_task_job.py:159} INFO - Task exited with return code 0
[2023-06-28T06:01:14.319+0000] {taskinstance.py:2582} INFO - 0 downstream tasks scheduled from follow-on schedule check
