[2023-06-28T06:00:34.748+0000] {taskinstance.py:1087} INFO - Dependencies all met for <TaskInstance: load_pageviews.unzip_file scheduled__2023-06-28T05:00:00+00:00 [queued]>
[2023-06-28T06:00:34.755+0000] {taskinstance.py:1087} INFO - Dependencies all met for <TaskInstance: load_pageviews.unzip_file scheduled__2023-06-28T05:00:00+00:00 [queued]>
[2023-06-28T06:00:34.755+0000] {taskinstance.py:1283} INFO - 
--------------------------------------------------------------------------------
[2023-06-28T06:00:34.755+0000] {taskinstance.py:1284} INFO - Starting attempt 1 of 1
[2023-06-28T06:00:34.755+0000] {taskinstance.py:1285} INFO - 
--------------------------------------------------------------------------------
[2023-06-28T06:00:34.764+0000] {taskinstance.py:1304} INFO - Executing <Task(BashOperator): unzip_file> on 2023-06-28 05:00:00+00:00
[2023-06-28T06:00:34.769+0000] {standard_task_runner.py:55} INFO - Started process 144 to run task
[2023-06-28T06:00:34.772+0000] {standard_task_runner.py:82} INFO - Running: ['***', 'tasks', 'run', 'load_pageviews', 'unzip_file', 'scheduled__2023-06-28T05:00:00+00:00', '--job-id', '63', '--raw', '--subdir', 'DAGS_FOLDER/load_pageviews.py', '--cfg-path', '/tmp/tmpwu9djhv2']
[2023-06-28T06:00:34.773+0000] {standard_task_runner.py:83} INFO - Job 63: Subtask unzip_file
[2023-06-28T06:00:34.815+0000] {task_command.py:389} INFO - Running <TaskInstance: load_pageviews.unzip_file scheduled__2023-06-28T05:00:00+00:00 [running]> on host 53ef9e17488f
[2023-06-28T06:00:34.858+0000] {taskinstance.py:1513} INFO - Exporting the following env vars:
AIRFLOW_CTX_DAG_OWNER=***
AIRFLOW_CTX_DAG_ID=load_pageviews
AIRFLOW_CTX_TASK_ID=unzip_file
AIRFLOW_CTX_EXECUTION_DATE=2023-06-28T05:00:00+00:00
AIRFLOW_CTX_TRY_NUMBER=1
AIRFLOW_CTX_DAG_RUN_ID=scheduled__2023-06-28T05:00:00+00:00
[2023-06-28T06:00:34.859+0000] {subprocess.py:63} INFO - Tmp dir root location: 
 /tmp
[2023-06-28T06:00:34.860+0000] {subprocess.py:75} INFO - Running command: ['/bin/bash', '-c', 'gunzip --force /tmp/wikipageviews.gz']
[2023-06-28T06:00:34.868+0000] {subprocess.py:86} INFO - Output:
[2023-06-28T06:00:35.986+0000] {subprocess.py:97} INFO - Command exited with return code 0
[2023-06-28T06:00:36.006+0000] {taskinstance.py:1327} INFO - Marking task as SUCCESS. dag_id=load_pageviews, task_id=unzip_file, execution_date=20230628T050000, start_date=20230628T060034, end_date=20230628T060036
[2023-06-28T06:00:36.028+0000] {local_task_job.py:159} INFO - Task exited with return code 0
[2023-06-28T06:00:36.049+0000] {taskinstance.py:2582} INFO - 1 downstream tasks scheduled from follow-on schedule check
