[2023-06-28T15:01:11.316+0000] {taskinstance.py:1087} INFO - Dependencies all met for <TaskInstance: load_pageviews.create_dbt_models scheduled__2023-06-28T14:00:00+00:00 [queued]>
[2023-06-28T15:01:11.330+0000] {taskinstance.py:1087} INFO - Dependencies all met for <TaskInstance: load_pageviews.create_dbt_models scheduled__2023-06-28T14:00:00+00:00 [queued]>
[2023-06-28T15:01:11.330+0000] {taskinstance.py:1283} INFO - 
--------------------------------------------------------------------------------
[2023-06-28T15:01:11.330+0000] {taskinstance.py:1284} INFO - Starting attempt 1 of 1
[2023-06-28T15:01:11.330+0000] {taskinstance.py:1285} INFO - 
--------------------------------------------------------------------------------
[2023-06-28T15:01:11.344+0000] {taskinstance.py:1304} INFO - Executing <Task(BashOperator): create_dbt_models> on 2023-06-28 14:00:00+00:00
[2023-06-28T15:01:11.354+0000] {standard_task_runner.py:55} INFO - Started process 8568 to run task
[2023-06-28T15:01:11.358+0000] {standard_task_runner.py:82} INFO - Running: ['***', 'tasks', 'run', 'load_pageviews', 'create_dbt_models', 'scheduled__2023-06-28T14:00:00+00:00', '--job-id', '131', '--raw', '--subdir', 'DAGS_FOLDER/load_pageviews.py', '--cfg-path', '/tmp/tmptcmav8j0']
[2023-06-28T15:01:11.358+0000] {standard_task_runner.py:83} INFO - Job 131: Subtask create_dbt_models
[2023-06-28T15:01:11.419+0000] {task_command.py:389} INFO - Running <TaskInstance: load_pageviews.create_dbt_models scheduled__2023-06-28T14:00:00+00:00 [running]> on host 3e2e38946fac
[2023-06-28T15:01:11.483+0000] {taskinstance.py:1513} INFO - Exporting the following env vars:
AIRFLOW_CTX_DAG_OWNER=***
AIRFLOW_CTX_DAG_ID=load_pageviews
AIRFLOW_CTX_TASK_ID=create_dbt_models
AIRFLOW_CTX_EXECUTION_DATE=2023-06-28T14:00:00+00:00
AIRFLOW_CTX_TRY_NUMBER=1
AIRFLOW_CTX_DAG_RUN_ID=scheduled__2023-06-28T14:00:00+00:00
[2023-06-28T15:01:11.484+0000] {subprocess.py:63} INFO - Tmp dir root location: 
 /tmp
[2023-06-28T15:01:11.485+0000] {subprocess.py:75} INFO - Running command: ['/bin/bash', '-c', 'cd /opt/***/helper/dbt_pageviews && dbt run']
[2023-06-28T15:01:11.502+0000] {subprocess.py:86} INFO - Output:
[2023-06-28T15:01:13.978+0000] {subprocess.py:93} INFO - [0m15:01:13  Running with dbt=1.5.2
[2023-06-28T15:01:15.018+0000] {subprocess.py:93} INFO - [0m15:01:15  Registered adapter: bigquery=1.5.3
[2023-06-28T15:01:15.110+0000] {subprocess.py:93} INFO - [0m15:01:15  Found 3 models, 4 tests, 0 snapshots, 0 analyses, 357 macros, 0 operations, 0 seed files, 0 sources, 0 exposures, 0 metrics, 0 groups
[2023-06-28T15:01:15.112+0000] {subprocess.py:93} INFO - [0m15:01:15
[2023-06-28T15:01:16.015+0000] {subprocess.py:93} INFO - [0m15:01:16  Concurrency: 1 threads (target='dev')
[2023-06-28T15:01:16.016+0000] {subprocess.py:93} INFO - [0m15:01:16
[2023-06-28T15:01:16.022+0000] {subprocess.py:93} INFO - [0m15:01:16  1 of 3 START sql table model pageviews.my_first_dbt_model ...................... [RUN]
[2023-06-28T15:01:18.651+0000] {subprocess.py:93} INFO - [0m15:01:18  1 of 3 OK created sql table model pageviews.my_first_dbt_model ................. [[32mCREATE TABLE (2.0 rows, 0 processed)[0m in 2.63s]
[2023-06-28T15:01:18.654+0000] {subprocess.py:93} INFO - [0m15:01:18  2 of 3 START sql view model pageviews.pageviews_ranks .......................... [RUN]
[2023-06-28T15:01:19.844+0000] {subprocess.py:93} INFO - [0m15:01:19  2 of 3 OK created sql view model pageviews.pageviews_ranks ..................... [[32mCREATE VIEW (0 processed)[0m in 1.19s]
[2023-06-28T15:01:19.846+0000] {subprocess.py:93} INFO - [0m15:01:19  3 of 3 START sql view model pageviews.my_second_dbt_model ...................... [RUN]
[2023-06-28T15:01:20.814+0000] {subprocess.py:93} INFO - [0m15:01:20  3 of 3 OK created sql view model pageviews.my_second_dbt_model ................. [[32mCREATE VIEW (0 processed)[0m in 0.97s]
[2023-06-28T15:01:20.832+0000] {subprocess.py:93} INFO - [0m15:01:20
[2023-06-28T15:01:20.832+0000] {subprocess.py:93} INFO - [0m15:01:20  Finished running 1 table model, 2 view models in 0 hours 0 minutes and 5.72 seconds (5.72s).
[2023-06-28T15:01:20.841+0000] {subprocess.py:93} INFO - [0m15:01:20
[2023-06-28T15:01:20.842+0000] {subprocess.py:93} INFO - [0m15:01:20  [32mCompleted successfully[0m
[2023-06-28T15:01:20.843+0000] {subprocess.py:93} INFO - [0m15:01:20
[2023-06-28T15:01:20.843+0000] {subprocess.py:93} INFO - [0m15:01:20  Done. PASS=3 WARN=0 ERROR=0 SKIP=0 TOTAL=3
[2023-06-28T15:01:21.723+0000] {subprocess.py:97} INFO - Command exited with return code 0
[2023-06-28T15:01:21.745+0000] {taskinstance.py:1327} INFO - Marking task as SUCCESS. dag_id=load_pageviews, task_id=create_dbt_models, execution_date=20230628T140000, start_date=20230628T150111, end_date=20230628T150121
[2023-06-28T15:01:21.787+0000] {local_task_job.py:159} INFO - Task exited with return code 0
[2023-06-28T15:01:21.805+0000] {taskinstance.py:2582} INFO - 1 downstream tasks scheduled from follow-on schedule check
