[2023-06-27T18:00:42.562+0000] {taskinstance.py:1087} INFO - Dependencies all met for <TaskInstance: load_pageviews.fetch_pageviews scheduled__2023-06-27T17:00:00+00:00 [queued]>
[2023-06-27T18:00:42.570+0000] {taskinstance.py:1087} INFO - Dependencies all met for <TaskInstance: load_pageviews.fetch_pageviews scheduled__2023-06-27T17:00:00+00:00 [queued]>
[2023-06-27T18:00:42.570+0000] {taskinstance.py:1283} INFO - 
--------------------------------------------------------------------------------
[2023-06-27T18:00:42.570+0000] {taskinstance.py:1284} INFO - Starting attempt 1 of 1
[2023-06-27T18:00:42.570+0000] {taskinstance.py:1285} INFO - 
--------------------------------------------------------------------------------
[2023-06-27T18:00:42.582+0000] {taskinstance.py:1304} INFO - Executing <Task(PythonOperator): fetch_pageviews> on 2023-06-27 17:00:00+00:00
[2023-06-27T18:00:42.588+0000] {standard_task_runner.py:55} INFO - Started process 2185 to run task
[2023-06-27T18:00:42.591+0000] {standard_task_runner.py:82} INFO - Running: ['***', 'tasks', 'run', 'load_pageviews', 'fetch_pageviews', 'scheduled__2023-06-27T17:00:00+00:00', '--job-id', '20', '--raw', '--subdir', 'DAGS_FOLDER/load_pageviews.py', '--cfg-path', '/tmp/tmp3bhf1jmk']
[2023-06-27T18:00:42.592+0000] {standard_task_runner.py:83} INFO - Job 20: Subtask fetch_pageviews
[2023-06-27T18:00:42.632+0000] {task_command.py:389} INFO - Running <TaskInstance: load_pageviews.fetch_pageviews scheduled__2023-06-27T17:00:00+00:00 [running]> on host df36c5c3b1c7
[2023-06-27T18:00:42.684+0000] {taskinstance.py:1513} INFO - Exporting the following env vars:
AIRFLOW_CTX_DAG_OWNER=***
AIRFLOW_CTX_DAG_ID=load_pageviews
AIRFLOW_CTX_TASK_ID=fetch_pageviews
AIRFLOW_CTX_EXECUTION_DATE=2023-06-27T17:00:00+00:00
AIRFLOW_CTX_TRY_NUMBER=1
AIRFLOW_CTX_DAG_RUN_ID=scheduled__2023-06-27T17:00:00+00:00
[2023-06-27T18:00:45.115+0000] {logging_mixin.py:137} INFO - {'Microsoft': '252', 'Google': '906', 'Facebook': '1064', 'Amazon': '30', 'Apple': '72'}
[2023-06-27T18:00:45.818+0000] {python.py:177} INFO - Done. Returned value was: None
[2023-06-27T18:00:45.825+0000] {taskinstance.py:1327} INFO - Marking task as SUCCESS. dag_id=load_pageviews, task_id=fetch_pageviews, execution_date=20230627T170000, start_date=20230627T180042, end_date=20230627T180045
[2023-06-27T18:00:46.213+0000] {local_task_job.py:159} INFO - Task exited with return code 0
[2023-06-27T18:00:46.239+0000] {taskinstance.py:2582} INFO - 1 downstream tasks scheduled from follow-on schedule check
