[2023-06-28T15:01:24.417+0000] {taskinstance.py:1087} INFO - Dependencies all met for <TaskInstance: load_pageviews.send_email_notification scheduled__2023-06-28T14:00:00+00:00 [queued]>
[2023-06-28T15:01:24.426+0000] {taskinstance.py:1087} INFO - Dependencies all met for <TaskInstance: load_pageviews.send_email_notification scheduled__2023-06-28T14:00:00+00:00 [queued]>
[2023-06-28T15:01:24.426+0000] {taskinstance.py:1283} INFO - 
--------------------------------------------------------------------------------
[2023-06-28T15:01:24.426+0000] {taskinstance.py:1284} INFO - Starting attempt 1 of 1
[2023-06-28T15:01:24.426+0000] {taskinstance.py:1285} INFO - 
--------------------------------------------------------------------------------
[2023-06-28T15:01:24.436+0000] {taskinstance.py:1304} INFO - Executing <Task(EmailOperator): send_email_notification> on 2023-06-28 14:00:00+00:00
[2023-06-28T15:01:24.445+0000] {standard_task_runner.py:55} INFO - Started process 8592 to run task
[2023-06-28T15:01:24.449+0000] {standard_task_runner.py:82} INFO - Running: ['***', 'tasks', 'run', 'load_pageviews', 'send_email_notification', 'scheduled__2023-06-28T14:00:00+00:00', '--job-id', '132', '--raw', '--subdir', 'DAGS_FOLDER/load_pageviews.py', '--cfg-path', '/tmp/tmpc9_g9_23']
[2023-06-28T15:01:24.450+0000] {standard_task_runner.py:83} INFO - Job 132: Subtask send_email_notification
[2023-06-28T15:01:24.513+0000] {task_command.py:389} INFO - Running <TaskInstance: load_pageviews.send_email_notification scheduled__2023-06-28T14:00:00+00:00 [running]> on host 3e2e38946fac
[2023-06-28T15:01:24.576+0000] {taskinstance.py:1513} INFO - Exporting the following env vars:
AIRFLOW_CTX_DAG_OWNER=***
AIRFLOW_CTX_DAG_ID=load_pageviews
AIRFLOW_CTX_TASK_ID=send_email_notification
AIRFLOW_CTX_EXECUTION_DATE=2023-06-28T14:00:00+00:00
AIRFLOW_CTX_TRY_NUMBER=1
AIRFLOW_CTX_DAG_RUN_ID=scheduled__2023-06-28T14:00:00+00:00
[2023-06-28T15:01:24.584+0000] {warnings.py:110} WARNING - /home/***/.local/lib/python3.7/site-packages/***/utils/email.py:120: RemovedInAirflow3Warning: Fetching SMTP credentials from configuration variables will be deprecated in a future release. Please set credentials using a connection instead.
  send_mime_email(e_from=mail_from, e_to=recipients, mime_msg=msg, conn_id=conn_id, dryrun=dryrun)

[2023-06-28T15:01:24.584+0000] {email.py:229} INFO - Email alerting: attempt 1
[2023-06-28T15:01:25.442+0000] {email.py:241} INFO - Sent an alert email to ['bdadon50@gmail.com']
[2023-06-28T15:01:27.167+0000] {taskinstance.py:1327} INFO - Marking task as SUCCESS. dag_id=load_pageviews, task_id=send_email_notification, execution_date=20230628T140000, start_date=20230628T150124, end_date=20230628T150127
[2023-06-28T15:01:27.187+0000] {local_task_job.py:159} INFO - Task exited with return code 0
[2023-06-28T15:01:27.201+0000] {taskinstance.py:2582} INFO - 0 downstream tasks scheduled from follow-on schedule check
