[2023-06-28T12:25:40.109+0000] {taskinstance.py:1087} INFO - Dependencies all met for <TaskInstance: load_pageviews.fetch_pageviews scheduled__2023-06-28T11:00:00+00:00 [queued]>
[2023-06-28T12:25:40.115+0000] {taskinstance.py:1087} INFO - Dependencies all met for <TaskInstance: load_pageviews.fetch_pageviews scheduled__2023-06-28T11:00:00+00:00 [queued]>
[2023-06-28T12:25:40.116+0000] {taskinstance.py:1283} INFO - 
--------------------------------------------------------------------------------
[2023-06-28T12:25:40.116+0000] {taskinstance.py:1284} INFO - Starting attempt 1 of 1
[2023-06-28T12:25:40.116+0000] {taskinstance.py:1285} INFO - 
--------------------------------------------------------------------------------
[2023-06-28T12:25:40.125+0000] {taskinstance.py:1304} INFO - Executing <Task(PythonOperator): fetch_pageviews> on 2023-06-28 11:00:00+00:00
[2023-06-28T12:25:40.131+0000] {standard_task_runner.py:55} INFO - Started process 120 to run task
[2023-06-28T12:25:40.133+0000] {standard_task_runner.py:82} INFO - Running: ['***', 'tasks', 'run', 'load_pageviews', 'fetch_pageviews', 'scheduled__2023-06-28T11:00:00+00:00', '--job-id', '87', '--raw', '--subdir', 'DAGS_FOLDER/load_pageviews.py', '--cfg-path', '/tmp/tmp4zsiorlc']
[2023-06-28T12:25:40.133+0000] {standard_task_runner.py:83} INFO - Job 87: Subtask fetch_pageviews
[2023-06-28T12:25:40.182+0000] {task_command.py:389} INFO - Running <TaskInstance: load_pageviews.fetch_pageviews scheduled__2023-06-28T11:00:00+00:00 [running]> on host 3e2e38946fac
[2023-06-28T12:25:40.228+0000] {taskinstance.py:1513} INFO - Exporting the following env vars:
AIRFLOW_CTX_DAG_OWNER=***
AIRFLOW_CTX_DAG_ID=load_pageviews
AIRFLOW_CTX_TASK_ID=fetch_pageviews
AIRFLOW_CTX_EXECUTION_DATE=2023-06-28T11:00:00+00:00
AIRFLOW_CTX_TRY_NUMBER=1
AIRFLOW_CTX_DAG_RUN_ID=scheduled__2023-06-28T11:00:00+00:00
[2023-06-28T12:25:42.689+0000] {logging_mixin.py:137} INFO - {'Facebook': '1005', 'Google': '828', 'Microsoft': '179', 'Amazon': '39', 'Apple': '58'}
[2023-06-28T12:25:43.382+0000] {python.py:177} INFO - Done. Returned value was: None
[2023-06-28T12:25:43.389+0000] {taskinstance.py:1327} INFO - Marking task as SUCCESS. dag_id=load_pageviews, task_id=fetch_pageviews, execution_date=20230628T110000, start_date=20230628T122540, end_date=20230628T122543
[2023-06-28T12:25:43.435+0000] {local_task_job.py:159} INFO - Task exited with return code 0
[2023-06-28T12:25:43.456+0000] {taskinstance.py:2582} INFO - 1 downstream tasks scheduled from follow-on schedule check
