[2023-06-28T05:39:35.868+0000] {taskinstance.py:1087} INFO - Dependencies all met for <TaskInstance: load_pageviews.create_dbt_models scheduled__2023-06-28T04:00:00+00:00 [queued]>
[2023-06-28T05:39:35.874+0000] {taskinstance.py:1087} INFO - Dependencies all met for <TaskInstance: load_pageviews.create_dbt_models scheduled__2023-06-28T04:00:00+00:00 [queued]>
[2023-06-28T05:39:35.874+0000] {taskinstance.py:1283} INFO - 
--------------------------------------------------------------------------------
[2023-06-28T05:39:35.874+0000] {taskinstance.py:1284} INFO - Starting attempt 1 of 1
[2023-06-28T05:39:35.874+0000] {taskinstance.py:1285} INFO - 
--------------------------------------------------------------------------------
[2023-06-28T05:39:35.884+0000] {taskinstance.py:1304} INFO - Executing <Task(BashOperator): create_dbt_models> on 2023-06-28 04:00:00+00:00
[2023-06-28T05:39:35.890+0000] {standard_task_runner.py:55} INFO - Started process 163 to run task
[2023-06-28T05:39:35.893+0000] {standard_task_runner.py:82} INFO - Running: ['***', 'tasks', 'run', 'load_pageviews', 'create_dbt_models', 'scheduled__2023-06-28T04:00:00+00:00', '--job-id', '47', '--raw', '--subdir', 'DAGS_FOLDER/load_pageviews.py', '--cfg-path', '/tmp/tmpywlrqb8i']
[2023-06-28T05:39:35.893+0000] {standard_task_runner.py:83} INFO - Job 47: Subtask create_dbt_models
[2023-06-28T05:39:35.938+0000] {task_command.py:389} INFO - Running <TaskInstance: load_pageviews.create_dbt_models scheduled__2023-06-28T04:00:00+00:00 [running]> on host b7f23ecf7992
[2023-06-28T05:39:35.985+0000] {taskinstance.py:1513} INFO - Exporting the following env vars:
AIRFLOW_CTX_DAG_OWNER=***
AIRFLOW_CTX_DAG_ID=load_pageviews
AIRFLOW_CTX_TASK_ID=create_dbt_models
AIRFLOW_CTX_EXECUTION_DATE=2023-06-28T04:00:00+00:00
AIRFLOW_CTX_TRY_NUMBER=1
AIRFLOW_CTX_DAG_RUN_ID=scheduled__2023-06-28T04:00:00+00:00
[2023-06-28T05:39:35.986+0000] {subprocess.py:63} INFO - Tmp dir root location: 
 /tmp
[2023-06-28T05:39:35.986+0000] {subprocess.py:75} INFO - Running command: ['/bin/bash', '-c', 'cd /opt/***/helper/dbt_pageviews && dbt run']
[2023-06-28T05:39:35.997+0000] {subprocess.py:86} INFO - Output:
[2023-06-28T05:39:37.981+0000] {subprocess.py:93} INFO - [0m05:39:37  Running with dbt=1.5.2
[2023-06-28T05:39:38.713+0000] {subprocess.py:93} INFO - [0m05:39:38  Registered adapter: bigquery=1.5.3
[2023-06-28T05:39:38.766+0000] {subprocess.py:93} INFO - [0m05:39:38  Found 3 models, 4 tests, 0 snapshots, 0 analyses, 357 macros, 0 operations, 0 seed files, 0 sources, 0 exposures, 0 metrics, 0 groups
[2023-06-28T05:39:38.768+0000] {subprocess.py:93} INFO - [0m05:39:38
[2023-06-28T05:39:39.694+0000] {subprocess.py:93} INFO - [0m05:39:39  Concurrency: 1 threads (target='dev')
[2023-06-28T05:39:39.695+0000] {subprocess.py:93} INFO - [0m05:39:39
[2023-06-28T05:39:39.700+0000] {subprocess.py:93} INFO - [0m05:39:39  1 of 3 START sql table model pageviews.my_first_dbt_model ...................... [RUN]
[2023-06-28T05:39:42.641+0000] {subprocess.py:93} INFO - [0m05:39:42  1 of 3 OK created sql table model pageviews.my_first_dbt_model ................. [[32mCREATE TABLE (2.0 rows, 0 processed)[0m in 2.94s]
[2023-06-28T05:39:42.643+0000] {subprocess.py:93} INFO - [0m05:39:42  2 of 3 START sql view model pageviews.pageviews_ranks .......................... [RUN]
[2023-06-28T05:39:43.676+0000] {subprocess.py:93} INFO - [0m05:39:43  2 of 3 OK created sql view model pageviews.pageviews_ranks ..................... [[32mCREATE VIEW (0 processed)[0m in 1.03s]
[2023-06-28T05:39:43.678+0000] {subprocess.py:93} INFO - [0m05:39:43  3 of 3 START sql view model pageviews.my_second_dbt_model ...................... [RUN]
[2023-06-28T05:39:44.686+0000] {subprocess.py:93} INFO - [0m05:39:44  3 of 3 OK created sql view model pageviews.my_second_dbt_model ................. [[32mCREATE VIEW (0 processed)[0m in 1.01s]
[2023-06-28T05:39:44.717+0000] {subprocess.py:93} INFO - [0m05:39:44
[2023-06-28T05:39:44.718+0000] {subprocess.py:93} INFO - [0m05:39:44  Finished running 1 table model, 2 view models in 0 hours 0 minutes and 5.95 seconds (5.95s).
[2023-06-28T05:39:44.727+0000] {subprocess.py:93} INFO - [0m05:39:44
[2023-06-28T05:39:44.727+0000] {subprocess.py:93} INFO - [0m05:39:44  [32mCompleted successfully[0m
[2023-06-28T05:39:44.728+0000] {subprocess.py:93} INFO - [0m05:39:44
[2023-06-28T05:39:44.728+0000] {subprocess.py:93} INFO - [0m05:39:44  Done. PASS=3 WARN=0 ERROR=0 SKIP=0 TOTAL=3
[2023-06-28T05:39:45.525+0000] {subprocess.py:97} INFO - Command exited with return code 0
[2023-06-28T05:39:45.544+0000] {taskinstance.py:1327} INFO - Marking task as SUCCESS. dag_id=load_pageviews, task_id=create_dbt_models, execution_date=20230628T040000, start_date=20230628T053935, end_date=20230628T053945
[2023-06-28T05:39:45.572+0000] {local_task_job.py:159} INFO - Task exited with return code 0
[2023-06-28T05:39:45.587+0000] {taskinstance.py:2582} INFO - 1 downstream tasks scheduled from follow-on schedule check
