[2023-06-28T06:02:46.487+0000] {taskinstance.py:1087} INFO - Dependencies all met for <TaskInstance: load_pageviews.wait_for_file manual__2023-06-28T06:02:22.812930+00:00 [queued]>
[2023-06-28T06:02:46.492+0000] {taskinstance.py:1087} INFO - Dependencies all met for <TaskInstance: load_pageviews.wait_for_file manual__2023-06-28T06:02:22.812930+00:00 [queued]>
[2023-06-28T06:02:46.493+0000] {taskinstance.py:1283} INFO - 
--------------------------------------------------------------------------------
[2023-06-28T06:02:46.493+0000] {taskinstance.py:1284} INFO - Starting attempt 1 of 1
[2023-06-28T06:02:46.493+0000] {taskinstance.py:1285} INFO - 
--------------------------------------------------------------------------------
[2023-06-28T06:02:46.502+0000] {taskinstance.py:1304} INFO - Executing <Task(FileSensor): wait_for_file> on 2023-06-28 06:02:22.812930+00:00
[2023-06-28T06:02:46.507+0000] {standard_task_runner.py:55} INFO - Started process 309 to run task
[2023-06-28T06:02:46.510+0000] {standard_task_runner.py:82} INFO - Running: ['***', 'tasks', 'run', 'load_pageviews', 'wait_for_file', 'manual__2023-06-28T06:02:22.812930+00:00', '--job-id', '71', '--raw', '--subdir', 'DAGS_FOLDER/load_pageviews.py', '--cfg-path', '/tmp/tmp6vo6alsa']
[2023-06-28T06:02:46.510+0000] {standard_task_runner.py:83} INFO - Job 71: Subtask wait_for_file
[2023-06-28T06:02:46.552+0000] {task_command.py:389} INFO - Running <TaskInstance: load_pageviews.wait_for_file manual__2023-06-28T06:02:22.812930+00:00 [running]> on host 53ef9e17488f
[2023-06-28T06:02:46.684+0000] {taskinstance.py:1513} INFO - Exporting the following env vars:
AIRFLOW_CTX_DAG_OWNER=***
AIRFLOW_CTX_DAG_ID=load_pageviews
AIRFLOW_CTX_TASK_ID=wait_for_file
AIRFLOW_CTX_EXECUTION_DATE=2023-06-28T06:02:22.812930+00:00
AIRFLOW_CTX_TRY_NUMBER=1
AIRFLOW_CTX_DAG_RUN_ID=manual__2023-06-28T06:02:22.812930+00:00
[2023-06-28T06:02:46.692+0000] {base.py:73} INFO - Using connection ID 'gz_file' for task execution.
[2023-06-28T06:02:46.693+0000] {filesystem.py:64} INFO - Poking for file /tmp/wikipageviews.gz
[2023-06-28T06:02:46.693+0000] {filesystem.py:69} INFO - Found File /tmp/wikipageviews.gz last modified: 20230628060244
[2023-06-28T06:02:46.693+0000] {base.py:228} INFO - Success criteria met. Exiting.
[2023-06-28T06:02:46.703+0000] {taskinstance.py:1327} INFO - Marking task as SUCCESS. dag_id=load_pageviews, task_id=wait_for_file, execution_date=20230628T060222, start_date=20230628T060246, end_date=20230628T060246
[2023-06-28T06:02:46.721+0000] {local_task_job.py:159} INFO - Task exited with return code 0
[2023-06-28T06:02:46.747+0000] {taskinstance.py:2582} INFO - 1 downstream tasks scheduled from follow-on schedule check
