[2023-06-28T05:44:59.463+0000] {taskinstance.py:1087} INFO - Dependencies all met for <TaskInstance: load_pageviews.fetch_pageviews manual__2023-06-28T05:44:28.068172+00:00 [queued]>
[2023-06-28T05:44:59.469+0000] {taskinstance.py:1087} INFO - Dependencies all met for <TaskInstance: load_pageviews.fetch_pageviews manual__2023-06-28T05:44:28.068172+00:00 [queued]>
[2023-06-28T05:44:59.469+0000] {taskinstance.py:1283} INFO - 
--------------------------------------------------------------------------------
[2023-06-28T05:44:59.469+0000] {taskinstance.py:1284} INFO - Starting attempt 1 of 1
[2023-06-28T05:44:59.469+0000] {taskinstance.py:1285} INFO - 
--------------------------------------------------------------------------------
[2023-06-28T05:44:59.479+0000] {taskinstance.py:1304} INFO - Executing <Task(PythonOperator): fetch_pageviews> on 2023-06-28 05:44:28.068172+00:00
[2023-06-28T05:44:59.484+0000] {standard_task_runner.py:55} INFO - Started process 431 to run task
[2023-06-28T05:44:59.487+0000] {standard_task_runner.py:82} INFO - Running: ['***', 'tasks', 'run', 'load_pageviews', 'fetch_pageviews', 'manual__2023-06-28T05:44:28.068172+00:00', '--job-id', '53', '--raw', '--subdir', 'DAGS_FOLDER/load_pageviews.py', '--cfg-path', '/tmp/tmp_t2bdpfj']
[2023-06-28T05:44:59.487+0000] {standard_task_runner.py:83} INFO - Job 53: Subtask fetch_pageviews
[2023-06-28T05:44:59.536+0000] {task_command.py:389} INFO - Running <TaskInstance: load_pageviews.fetch_pageviews manual__2023-06-28T05:44:28.068172+00:00 [running]> on host b7f23ecf7992
[2023-06-28T05:44:59.585+0000] {taskinstance.py:1513} INFO - Exporting the following env vars:
AIRFLOW_CTX_DAG_OWNER=***
AIRFLOW_CTX_DAG_ID=load_pageviews
AIRFLOW_CTX_TASK_ID=fetch_pageviews
AIRFLOW_CTX_EXECUTION_DATE=2023-06-28T05:44:28.068172+00:00
AIRFLOW_CTX_TRY_NUMBER=1
AIRFLOW_CTX_DAG_RUN_ID=manual__2023-06-28T05:44:28.068172+00:00
[2023-06-28T05:45:01.814+0000] {logging_mixin.py:137} INFO - {'Microsoft': '117', 'Amazon': '16', 'Facebook': '519', 'Apple': '39', 'Google': '535'}
[2023-06-28T05:45:02.470+0000] {python.py:177} INFO - Done. Returned value was: None
[2023-06-28T05:45:02.477+0000] {taskinstance.py:1327} INFO - Marking task as SUCCESS. dag_id=load_pageviews, task_id=fetch_pageviews, execution_date=20230628T054428, start_date=20230628T054459, end_date=20230628T054502
[2023-06-28T05:45:02.508+0000] {local_task_job.py:159} INFO - Task exited with return code 0
[2023-06-28T05:45:02.533+0000] {taskinstance.py:2582} INFO - 1 downstream tasks scheduled from follow-on schedule check
