[2023-06-27T18:00:38.965+0000] {taskinstance.py:1087} INFO - Dependencies all met for <TaskInstance: load_pageviews.unzip_file scheduled__2023-06-27T17:00:00+00:00 [queued]>
[2023-06-27T18:00:38.974+0000] {taskinstance.py:1087} INFO - Dependencies all met for <TaskInstance: load_pageviews.unzip_file scheduled__2023-06-27T17:00:00+00:00 [queued]>
[2023-06-27T18:00:38.974+0000] {taskinstance.py:1283} INFO - 
--------------------------------------------------------------------------------
[2023-06-27T18:00:38.974+0000] {taskinstance.py:1284} INFO - Starting attempt 1 of 1
[2023-06-27T18:00:38.974+0000] {taskinstance.py:1285} INFO - 
--------------------------------------------------------------------------------
[2023-06-27T18:00:38.984+0000] {taskinstance.py:1304} INFO - Executing <Task(BashOperator): unzip_file> on 2023-06-27 17:00:00+00:00
[2023-06-27T18:00:38.989+0000] {standard_task_runner.py:55} INFO - Started process 2181 to run task
[2023-06-27T18:00:38.992+0000] {standard_task_runner.py:82} INFO - Running: ['***', 'tasks', 'run', 'load_pageviews', 'unzip_file', 'scheduled__2023-06-27T17:00:00+00:00', '--job-id', '19', '--raw', '--subdir', 'DAGS_FOLDER/load_pageviews.py', '--cfg-path', '/tmp/tmp511lw5x4']
[2023-06-27T18:00:38.992+0000] {standard_task_runner.py:83} INFO - Job 19: Subtask unzip_file
[2023-06-27T18:00:39.040+0000] {task_command.py:389} INFO - Running <TaskInstance: load_pageviews.unzip_file scheduled__2023-06-27T17:00:00+00:00 [running]> on host df36c5c3b1c7
[2023-06-27T18:00:39.170+0000] {taskinstance.py:1513} INFO - Exporting the following env vars:
AIRFLOW_CTX_DAG_OWNER=***
AIRFLOW_CTX_DAG_ID=load_pageviews
AIRFLOW_CTX_TASK_ID=unzip_file
AIRFLOW_CTX_EXECUTION_DATE=2023-06-27T17:00:00+00:00
AIRFLOW_CTX_TRY_NUMBER=1
AIRFLOW_CTX_DAG_RUN_ID=scheduled__2023-06-27T17:00:00+00:00
[2023-06-27T18:00:39.171+0000] {subprocess.py:63} INFO - Tmp dir root location: 
 /tmp
[2023-06-27T18:00:39.171+0000] {subprocess.py:75} INFO - Running command: ['/bin/bash', '-c', 'gunzip --force /tmp/wikipageviews.gz']
[2023-06-27T18:00:39.182+0000] {subprocess.py:86} INFO - Output:
[2023-06-27T18:00:40.480+0000] {subprocess.py:97} INFO - Command exited with return code 0
[2023-06-27T18:00:40.573+0000] {taskinstance.py:1327} INFO - Marking task as SUCCESS. dag_id=load_pageviews, task_id=unzip_file, execution_date=20230627T170000, start_date=20230627T180038, end_date=20230627T180040
[2023-06-27T18:00:40.608+0000] {local_task_job.py:159} INFO - Task exited with return code 0
[2023-06-27T18:00:40.634+0000] {taskinstance.py:2582} INFO - 1 downstream tasks scheduled from follow-on schedule check
