[2023-06-27T18:00:36.175+0000] {taskinstance.py:1087} INFO - Dependencies all met for <TaskInstance: load_pageviews.wait_for_file scheduled__2023-06-27T17:00:00+00:00 [queued]>
[2023-06-27T18:00:36.182+0000] {taskinstance.py:1087} INFO - Dependencies all met for <TaskInstance: load_pageviews.wait_for_file scheduled__2023-06-27T17:00:00+00:00 [queued]>
[2023-06-27T18:00:36.182+0000] {taskinstance.py:1283} INFO - 
--------------------------------------------------------------------------------
[2023-06-27T18:00:36.182+0000] {taskinstance.py:1284} INFO - Starting attempt 1 of 1
[2023-06-27T18:00:36.183+0000] {taskinstance.py:1285} INFO - 
--------------------------------------------------------------------------------
[2023-06-27T18:00:36.192+0000] {taskinstance.py:1304} INFO - Executing <Task(FileSensor): wait_for_file> on 2023-06-27 17:00:00+00:00
[2023-06-27T18:00:36.198+0000] {standard_task_runner.py:55} INFO - Started process 2178 to run task
[2023-06-27T18:00:36.201+0000] {standard_task_runner.py:82} INFO - Running: ['***', 'tasks', 'run', 'load_pageviews', 'wait_for_file', 'scheduled__2023-06-27T17:00:00+00:00', '--job-id', '18', '--raw', '--subdir', 'DAGS_FOLDER/load_pageviews.py', '--cfg-path', '/tmp/tmp2ums07aw']
[2023-06-27T18:00:36.201+0000] {standard_task_runner.py:83} INFO - Job 18: Subtask wait_for_file
[2023-06-27T18:00:36.245+0000] {task_command.py:389} INFO - Running <TaskInstance: load_pageviews.wait_for_file scheduled__2023-06-27T17:00:00+00:00 [running]> on host df36c5c3b1c7
[2023-06-27T18:00:36.296+0000] {taskinstance.py:1513} INFO - Exporting the following env vars:
AIRFLOW_CTX_DAG_OWNER=***
AIRFLOW_CTX_DAG_ID=load_pageviews
AIRFLOW_CTX_TASK_ID=wait_for_file
AIRFLOW_CTX_EXECUTION_DATE=2023-06-27T17:00:00+00:00
AIRFLOW_CTX_TRY_NUMBER=1
AIRFLOW_CTX_DAG_RUN_ID=scheduled__2023-06-27T17:00:00+00:00
[2023-06-27T18:00:36.303+0000] {base.py:73} INFO - Using connection ID 'gz_file' for task execution.
[2023-06-27T18:00:36.303+0000] {filesystem.py:64} INFO - Poking for file /tmp/wikipageviews.gz
[2023-06-27T18:00:36.304+0000] {filesystem.py:69} INFO - Found File /tmp/wikipageviews.gz last modified: 20230627180034
[2023-06-27T18:00:36.304+0000] {base.py:228} INFO - Success criteria met. Exiting.
[2023-06-27T18:00:36.310+0000] {taskinstance.py:1327} INFO - Marking task as SUCCESS. dag_id=load_pageviews, task_id=wait_for_file, execution_date=20230627T170000, start_date=20230627T180036, end_date=20230627T180036
[2023-06-27T18:00:36.412+0000] {local_task_job.py:159} INFO - Task exited with return code 0
[2023-06-27T18:00:36.442+0000] {taskinstance.py:2582} INFO - 0 downstream tasks scheduled from follow-on schedule check
