[2023-06-27T18:06:17.129+0000] {taskinstance.py:1087} INFO - Dependencies all met for <TaskInstance: load_pageviews.load_rates_data manual__2023-06-27T18:05:25.115111+00:00 [queued]>
[2023-06-27T18:06:17.136+0000] {taskinstance.py:1087} INFO - Dependencies all met for <TaskInstance: load_pageviews.load_rates_data manual__2023-06-27T18:05:25.115111+00:00 [queued]>
[2023-06-27T18:06:17.136+0000] {taskinstance.py:1283} INFO - 
--------------------------------------------------------------------------------
[2023-06-27T18:06:17.136+0000] {taskinstance.py:1284} INFO - Starting attempt 1 of 1
[2023-06-27T18:06:17.136+0000] {taskinstance.py:1285} INFO - 
--------------------------------------------------------------------------------
[2023-06-27T18:06:17.146+0000] {taskinstance.py:1304} INFO - Executing <Task(PythonOperator): load_rates_data> on 2023-06-27 18:05:25.115111+00:00
[2023-06-27T18:06:17.152+0000] {standard_task_runner.py:55} INFO - Started process 2486 to run task
[2023-06-27T18:06:17.154+0000] {standard_task_runner.py:82} INFO - Running: ['***', 'tasks', 'run', 'load_pageviews', 'load_rates_data', 'manual__2023-06-27T18:05:25.115111+00:00', '--job-id', '31', '--raw', '--subdir', 'DAGS_FOLDER/load_pageviews.py', '--cfg-path', '/tmp/tmp_5ajbryz']
[2023-06-27T18:06:17.155+0000] {standard_task_runner.py:83} INFO - Job 31: Subtask load_rates_data
[2023-06-27T18:06:17.197+0000] {task_command.py:389} INFO - Running <TaskInstance: load_pageviews.load_rates_data manual__2023-06-27T18:05:25.115111+00:00 [running]> on host df36c5c3b1c7
[2023-06-27T18:06:17.249+0000] {taskinstance.py:1513} INFO - Exporting the following env vars:
AIRFLOW_CTX_DAG_OWNER=***
AIRFLOW_CTX_DAG_ID=load_pageviews
AIRFLOW_CTX_TASK_ID=load_rates_data
AIRFLOW_CTX_EXECUTION_DATE=2023-06-27T18:05:25.115111+00:00
AIRFLOW_CTX_TRY_NUMBER=1
AIRFLOW_CTX_DAG_RUN_ID=manual__2023-06-27T18:05:25.115111+00:00
[2023-06-27T18:06:42.387+0000] {logging_mixin.py:137} INFO - Loaded 5 rows into pageviews-390416.pageviews.rates.
[2023-06-27T18:06:42.387+0000] {python.py:177} INFO - Done. Returned value was: None
[2023-06-27T18:06:42.394+0000] {taskinstance.py:1327} INFO - Marking task as SUCCESS. dag_id=load_pageviews, task_id=load_rates_data, execution_date=20230627T180525, start_date=20230627T180617, end_date=20230627T180642
[2023-06-27T18:06:42.416+0000] {local_task_job.py:159} INFO - Task exited with return code 0
[2023-06-27T18:06:42.441+0000] {taskinstance.py:2582} INFO - 1 downstream tasks scheduled from follow-on schedule check
