[2023-06-28T05:44:53.750+0000] {taskinstance.py:1087} INFO - Dependencies all met for <TaskInstance: load_pageviews.wait_for_file manual__2023-06-28T05:44:28.068172+00:00 [queued]>
[2023-06-28T05:44:53.755+0000] {taskinstance.py:1087} INFO - Dependencies all met for <TaskInstance: load_pageviews.wait_for_file manual__2023-06-28T05:44:28.068172+00:00 [queued]>
[2023-06-28T05:44:53.756+0000] {taskinstance.py:1283} INFO - 
--------------------------------------------------------------------------------
[2023-06-28T05:44:53.756+0000] {taskinstance.py:1284} INFO - Starting attempt 1 of 1
[2023-06-28T05:44:53.756+0000] {taskinstance.py:1285} INFO - 
--------------------------------------------------------------------------------
[2023-06-28T05:44:53.766+0000] {taskinstance.py:1304} INFO - Executing <Task(FileSensor): wait_for_file> on 2023-06-28 05:44:28.068172+00:00
[2023-06-28T05:44:53.772+0000] {standard_task_runner.py:55} INFO - Started process 424 to run task
[2023-06-28T05:44:53.774+0000] {standard_task_runner.py:82} INFO - Running: ['***', 'tasks', 'run', 'load_pageviews', 'wait_for_file', 'manual__2023-06-28T05:44:28.068172+00:00', '--job-id', '51', '--raw', '--subdir', 'DAGS_FOLDER/load_pageviews.py', '--cfg-path', '/tmp/tmp3_keo0ja']
[2023-06-28T05:44:53.775+0000] {standard_task_runner.py:83} INFO - Job 51: Subtask wait_for_file
[2023-06-28T05:44:53.824+0000] {task_command.py:389} INFO - Running <TaskInstance: load_pageviews.wait_for_file manual__2023-06-28T05:44:28.068172+00:00 [running]> on host b7f23ecf7992
[2023-06-28T05:44:53.875+0000] {taskinstance.py:1513} INFO - Exporting the following env vars:
AIRFLOW_CTX_DAG_OWNER=***
AIRFLOW_CTX_DAG_ID=load_pageviews
AIRFLOW_CTX_TASK_ID=wait_for_file
AIRFLOW_CTX_EXECUTION_DATE=2023-06-28T05:44:28.068172+00:00
AIRFLOW_CTX_TRY_NUMBER=1
AIRFLOW_CTX_DAG_RUN_ID=manual__2023-06-28T05:44:28.068172+00:00
[2023-06-28T05:44:53.883+0000] {base.py:73} INFO - Using connection ID 'gz_file' for task execution.
[2023-06-28T05:44:53.883+0000] {filesystem.py:64} INFO - Poking for file /tmp/wikipageviews.gz
[2023-06-28T05:44:53.883+0000] {filesystem.py:69} INFO - Found File /tmp/wikipageviews.gz last modified: 20230628054451
[2023-06-28T05:44:53.883+0000] {base.py:228} INFO - Success criteria met. Exiting.
[2023-06-28T05:44:53.889+0000] {taskinstance.py:1327} INFO - Marking task as SUCCESS. dag_id=load_pageviews, task_id=wait_for_file, execution_date=20230628T054428, start_date=20230628T054453, end_date=20230628T054453
[2023-06-28T05:44:53.906+0000] {local_task_job.py:159} INFO - Task exited with return code 0
[2023-06-28T05:44:53.932+0000] {taskinstance.py:2582} INFO - 1 downstream tasks scheduled from follow-on schedule check
