[2023-06-28T14:00:16.957+0000] {taskinstance.py:1087} INFO - Dependencies all met for <TaskInstance: predict_rates.generate_predictions_view scheduled__2023-06-28T13:00:00+00:00 [queued]>
[2023-06-28T14:00:16.966+0000] {taskinstance.py:1087} INFO - Dependencies all met for <TaskInstance: predict_rates.generate_predictions_view scheduled__2023-06-28T13:00:00+00:00 [queued]>
[2023-06-28T14:00:16.966+0000] {taskinstance.py:1283} INFO - 
--------------------------------------------------------------------------------
[2023-06-28T14:00:16.966+0000] {taskinstance.py:1284} INFO - Starting attempt 1 of 1
[2023-06-28T14:00:16.966+0000] {taskinstance.py:1285} INFO - 
--------------------------------------------------------------------------------
[2023-06-28T14:00:16.979+0000] {taskinstance.py:1304} INFO - Executing <Task(_PythonDecoratedOperator): generate_predictions_view> on 2023-06-28 13:00:00+00:00
[2023-06-28T14:00:16.986+0000] {standard_task_runner.py:55} INFO - Started process 5879 to run task
[2023-06-28T14:00:16.990+0000] {standard_task_runner.py:82} INFO - Running: ['***', 'tasks', 'run', 'predict_rates', 'generate_predictions_view', 'scheduled__2023-06-28T13:00:00+00:00', '--job-id', '118', '--raw', '--subdir', 'DAGS_FOLDER/predict_rates.py', '--cfg-path', '/tmp/tmpe7gaoj21']
[2023-06-28T14:00:16.993+0000] {standard_task_runner.py:83} INFO - Job 118: Subtask generate_predictions_view
[2023-06-28T14:00:17.067+0000] {task_command.py:389} INFO - Running <TaskInstance: predict_rates.generate_predictions_view scheduled__2023-06-28T13:00:00+00:00 [running]> on host 3e2e38946fac
[2023-06-28T14:00:17.124+0000] {taskinstance.py:1513} INFO - Exporting the following env vars:
AIRFLOW_CTX_DAG_OWNER=***
AIRFLOW_CTX_DAG_ID=predict_rates
AIRFLOW_CTX_TASK_ID=generate_predictions_view
AIRFLOW_CTX_EXECUTION_DATE=2023-06-28T13:00:00+00:00
AIRFLOW_CTX_TRY_NUMBER=1
AIRFLOW_CTX_DAG_RUN_ID=scheduled__2023-06-28T13:00:00+00:00
[2023-06-28T14:00:27.138+0000] {logging_mixin.py:137} INFO - Loaded 1 rows into pageviews-390416.pageviews.predictions.
[2023-06-28T14:00:27.139+0000] {python.py:177} INFO - Done. Returned value was: None
[2023-06-28T14:00:27.148+0000] {taskinstance.py:1327} INFO - Marking task as SUCCESS. dag_id=predict_rates, task_id=generate_predictions_view, execution_date=20230628T130000, start_date=20230628T140016, end_date=20230628T140027
[2023-06-28T14:00:27.182+0000] {local_task_job.py:159} INFO - Task exited with return code 0
[2023-06-28T14:00:27.195+0000] {taskinstance.py:2582} INFO - 0 downstream tasks scheduled from follow-on schedule check
