[2023-06-27T18:05:58.039+0000] {taskinstance.py:1087} INFO - Dependencies all met for <TaskInstance: load_pageviews.unzip_file manual__2023-06-27T18:05:25.115111+00:00 [queued]>
[2023-06-27T18:05:58.047+0000] {taskinstance.py:1087} INFO - Dependencies all met for <TaskInstance: load_pageviews.unzip_file manual__2023-06-27T18:05:25.115111+00:00 [queued]>
[2023-06-27T18:05:58.048+0000] {taskinstance.py:1283} INFO - 
--------------------------------------------------------------------------------
[2023-06-27T18:05:58.048+0000] {taskinstance.py:1284} INFO - Starting attempt 1 of 1
[2023-06-27T18:05:58.048+0000] {taskinstance.py:1285} INFO - 
--------------------------------------------------------------------------------
[2023-06-27T18:05:58.058+0000] {taskinstance.py:1304} INFO - Executing <Task(BashOperator): unzip_file> on 2023-06-27 18:05:25.115111+00:00
[2023-06-27T18:05:58.062+0000] {standard_task_runner.py:55} INFO - Started process 2450 to run task
[2023-06-27T18:05:58.066+0000] {standard_task_runner.py:82} INFO - Running: ['***', 'tasks', 'run', 'load_pageviews', 'unzip_file', 'manual__2023-06-27T18:05:25.115111+00:00', '--job-id', '28', '--raw', '--subdir', 'DAGS_FOLDER/load_pageviews.py', '--cfg-path', '/tmp/tmpug3vn4lf']
[2023-06-27T18:05:58.066+0000] {standard_task_runner.py:83} INFO - Job 28: Subtask unzip_file
[2023-06-27T18:05:58.112+0000] {task_command.py:389} INFO - Running <TaskInstance: load_pageviews.unzip_file manual__2023-06-27T18:05:25.115111+00:00 [running]> on host df36c5c3b1c7
[2023-06-27T18:05:58.166+0000] {taskinstance.py:1513} INFO - Exporting the following env vars:
AIRFLOW_CTX_DAG_OWNER=***
AIRFLOW_CTX_DAG_ID=load_pageviews
AIRFLOW_CTX_TASK_ID=unzip_file
AIRFLOW_CTX_EXECUTION_DATE=2023-06-27T18:05:25.115111+00:00
AIRFLOW_CTX_TRY_NUMBER=1
AIRFLOW_CTX_DAG_RUN_ID=manual__2023-06-27T18:05:25.115111+00:00
[2023-06-27T18:05:58.167+0000] {subprocess.py:63} INFO - Tmp dir root location: 
 /tmp
[2023-06-27T18:05:58.167+0000] {subprocess.py:75} INFO - Running command: ['/bin/bash', '-c', 'gunzip --force /tmp/wikipageviews.gz']
[2023-06-27T18:05:58.176+0000] {subprocess.py:86} INFO - Output:
[2023-06-27T18:05:59.407+0000] {subprocess.py:97} INFO - Command exited with return code 0
[2023-06-27T18:05:59.427+0000] {taskinstance.py:1327} INFO - Marking task as SUCCESS. dag_id=load_pageviews, task_id=unzip_file, execution_date=20230627T180525, start_date=20230627T180558, end_date=20230627T180559
[2023-06-27T18:05:59.481+0000] {local_task_job.py:159} INFO - Task exited with return code 0
[2023-06-27T18:05:59.511+0000] {taskinstance.py:2582} INFO - 1 downstream tasks scheduled from follow-on schedule check
