[2023-06-28T05:44:55.874+0000] {taskinstance.py:1087} INFO - Dependencies all met for <TaskInstance: load_pageviews.unzip_file manual__2023-06-28T05:44:28.068172+00:00 [queued]>
[2023-06-28T05:44:55.882+0000] {taskinstance.py:1087} INFO - Dependencies all met for <TaskInstance: load_pageviews.unzip_file manual__2023-06-28T05:44:28.068172+00:00 [queued]>
[2023-06-28T05:44:55.882+0000] {taskinstance.py:1283} INFO - 
--------------------------------------------------------------------------------
[2023-06-28T05:44:55.883+0000] {taskinstance.py:1284} INFO - Starting attempt 1 of 1
[2023-06-28T05:44:55.883+0000] {taskinstance.py:1285} INFO - 
--------------------------------------------------------------------------------
[2023-06-28T05:44:55.892+0000] {taskinstance.py:1304} INFO - Executing <Task(BashOperator): unzip_file> on 2023-06-28 05:44:28.068172+00:00
[2023-06-28T05:44:55.897+0000] {standard_task_runner.py:55} INFO - Started process 427 to run task
[2023-06-28T05:44:55.900+0000] {standard_task_runner.py:82} INFO - Running: ['***', 'tasks', 'run', 'load_pageviews', 'unzip_file', 'manual__2023-06-28T05:44:28.068172+00:00', '--job-id', '52', '--raw', '--subdir', 'DAGS_FOLDER/load_pageviews.py', '--cfg-path', '/tmp/tmp59baca31']
[2023-06-28T05:44:55.901+0000] {standard_task_runner.py:83} INFO - Job 52: Subtask unzip_file
[2023-06-28T05:44:55.943+0000] {task_command.py:389} INFO - Running <TaskInstance: load_pageviews.unzip_file manual__2023-06-28T05:44:28.068172+00:00 [running]> on host b7f23ecf7992
[2023-06-28T05:44:55.989+0000] {taskinstance.py:1513} INFO - Exporting the following env vars:
AIRFLOW_CTX_DAG_OWNER=***
AIRFLOW_CTX_DAG_ID=load_pageviews
AIRFLOW_CTX_TASK_ID=unzip_file
AIRFLOW_CTX_EXECUTION_DATE=2023-06-28T05:44:28.068172+00:00
AIRFLOW_CTX_TRY_NUMBER=1
AIRFLOW_CTX_DAG_RUN_ID=manual__2023-06-28T05:44:28.068172+00:00
[2023-06-28T05:44:55.990+0000] {subprocess.py:63} INFO - Tmp dir root location: 
 /tmp
[2023-06-28T05:44:55.990+0000] {subprocess.py:75} INFO - Running command: ['/bin/bash', '-c', 'gunzip --force /tmp/wikipageviews.gz']
[2023-06-28T05:44:56.000+0000] {subprocess.py:86} INFO - Output:
[2023-06-28T05:44:57.122+0000] {subprocess.py:97} INFO - Command exited with return code 0
[2023-06-28T05:44:57.141+0000] {taskinstance.py:1327} INFO - Marking task as SUCCESS. dag_id=load_pageviews, task_id=unzip_file, execution_date=20230628T054428, start_date=20230628T054455, end_date=20230628T054457
[2023-06-28T05:44:57.155+0000] {local_task_job.py:159} INFO - Task exited with return code 0
[2023-06-28T05:44:57.179+0000] {taskinstance.py:2582} INFO - 1 downstream tasks scheduled from follow-on schedule check
