[2023-06-28T05:44:36.289+0000] {taskinstance.py:1087} INFO - Dependencies all met for <TaskInstance: load_pageviews.extract_data manual__2023-06-28T05:44:28.068172+00:00 [queued]>
[2023-06-28T05:44:36.296+0000] {taskinstance.py:1087} INFO - Dependencies all met for <TaskInstance: load_pageviews.extract_data manual__2023-06-28T05:44:28.068172+00:00 [queued]>
[2023-06-28T05:44:36.296+0000] {taskinstance.py:1283} INFO - 
--------------------------------------------------------------------------------
[2023-06-28T05:44:36.296+0000] {taskinstance.py:1284} INFO - Starting attempt 1 of 1
[2023-06-28T05:44:36.296+0000] {taskinstance.py:1285} INFO - 
--------------------------------------------------------------------------------
[2023-06-28T05:44:36.306+0000] {taskinstance.py:1304} INFO - Executing <Task(BashOperator): extract_data> on 2023-06-28 05:44:28.068172+00:00
[2023-06-28T05:44:36.311+0000] {standard_task_runner.py:55} INFO - Started process 399 to run task
[2023-06-28T05:44:36.314+0000] {standard_task_runner.py:82} INFO - Running: ['***', 'tasks', 'run', 'load_pageviews', 'extract_data', 'manual__2023-06-28T05:44:28.068172+00:00', '--job-id', '50', '--raw', '--subdir', 'DAGS_FOLDER/load_pageviews.py', '--cfg-path', '/tmp/tmp8a2oyu1h']
[2023-06-28T05:44:36.315+0000] {standard_task_runner.py:83} INFO - Job 50: Subtask extract_data
[2023-06-28T05:44:36.361+0000] {task_command.py:389} INFO - Running <TaskInstance: load_pageviews.extract_data manual__2023-06-28T05:44:28.068172+00:00 [running]> on host b7f23ecf7992
[2023-06-28T05:44:36.415+0000] {taskinstance.py:1513} INFO - Exporting the following env vars:
AIRFLOW_CTX_DAG_OWNER=***
AIRFLOW_CTX_DAG_ID=load_pageviews
AIRFLOW_CTX_TASK_ID=extract_data
AIRFLOW_CTX_EXECUTION_DATE=2023-06-28T05:44:28.068172+00:00
AIRFLOW_CTX_TRY_NUMBER=1
AIRFLOW_CTX_DAG_RUN_ID=manual__2023-06-28T05:44:28.068172+00:00
[2023-06-28T05:44:36.416+0000] {subprocess.py:63} INFO - Tmp dir root location: 
 /tmp
[2023-06-28T05:44:36.416+0000] {subprocess.py:75} INFO - Running command: ['/bin/bash', '-c', 'curl -o /tmp/wikipageviews.gz https://dumps.wikimedia.org/other/pageviews/2023/2023-06/pageviews-20230628-030000.gz']
[2023-06-28T05:44:36.470+0000] {subprocess.py:86} INFO - Output:
[2023-06-28T05:44:36.476+0000] {subprocess.py:93} INFO -   % Total    % Received % Xferd  Average Speed   Time    Time     Time  Current
[2023-06-28T05:44:36.476+0000] {subprocess.py:93} INFO -                                  Dload  Upload   Total   Spent    Left  Speed
[2023-06-28T05:44:51.579+0000] {subprocess.py:93} INFO -   0     0    0     0    0     0      0      0 --:--:-- --:--:-- --:--:--     0  0     0    0     0    0     0      0      0 --:--:-- --:--:-- --:--:--     0  0 55.8M    0  447k    0     0   379k      0  0:02:30  0:00:01  0:02:29  378k  8 55.8M    8 4655k    0     0  2220k      0  0:00:25  0:00:02  0:00:23 2219k 14 55.8M   14 8367k    0     0  2715k      0  0:00:21  0:00:03  0:00:18 2714k 21 55.8M   21 12.1M    0     0  3047k      0  0:00:18  0:00:04  0:00:14 3047k 29 55.8M   29 16.3M    0     0  3289k      0  0:00:17  0:00:05  0:00:12 3388k 36 55.8M   36 20.4M    0     0  3445k      0  0:00:16  0:00:06  0:00:10 4183k 43 55.8M   43 24.5M    0     0  3547k      0  0:00:16  0:00:07  0:00:09 4105k 51 55.8M   51 28.6M    0     0  3630k      0  0:00:15  0:00:08  0:00:07 4195k 59 55.8M   59 32.9M    0     0  3718k      0  0:00:15  0:00:09  0:00:06 4268k 66 55.8M   66 37.0M    0     0  3761k      0  0:00:15  0:00:10  0:00:05 4242k 73 55.8M   73 41.1M    0     0  3799k      0  0:00:15  0:00:11  0:00:04 4230k 79 55.8M   79 44.5M    0     0  3770k      0  0:00:15  0:00:12  0:00:03 4086k 86 55.8M   86 48.1M    0     0  3762k      0  0:00:15  0:00:13  0:00:02 3974k 93 55.8M   93 52.0M    0     0  3772k      0  0:00:15  0:00:14  0:00:01 3867k 99 55.8M   99 55.6M    0     0  3780k      0  0:00:15  0:00:15 --:--:-- 3820k100 55.8M  100 55.8M    0     0  3784k      0  0:00:15  0:00:15 --:--:-- 3744k
[2023-06-28T05:44:51.581+0000] {subprocess.py:97} INFO - Command exited with return code 0
[2023-06-28T05:44:51.601+0000] {taskinstance.py:1327} INFO - Marking task as SUCCESS. dag_id=load_pageviews, task_id=extract_data, execution_date=20230628T054428, start_date=20230628T054436, end_date=20230628T054451
[2023-06-28T05:44:51.618+0000] {local_task_job.py:159} INFO - Task exited with return code 0
[2023-06-28T05:44:51.640+0000] {taskinstance.py:2582} INFO - 1 downstream tasks scheduled from follow-on schedule check
