[2023-06-27T18:12:20.859+0000] {taskinstance.py:1087} INFO - Dependencies all met for <TaskInstance: load_pageviews.check_if_new_link_is_available __airflow_temporary_run_2023-06-27T18:12:18.630142+00:00__ [queued]>
[2023-06-27T18:12:20.865+0000] {taskinstance.py:1087} INFO - Dependencies all met for <TaskInstance: load_pageviews.check_if_new_link_is_available __airflow_temporary_run_2023-06-27T18:12:18.630142+00:00__ [queued]>
[2023-06-27T18:12:20.865+0000] {taskinstance.py:1283} INFO - 
--------------------------------------------------------------------------------
[2023-06-27T18:12:20.865+0000] {taskinstance.py:1284} INFO - Starting attempt 1 of 1
[2023-06-27T18:12:20.865+0000] {taskinstance.py:1285} INFO - 
--------------------------------------------------------------------------------
[2023-06-27T18:12:20.874+0000] {taskinstance.py:1304} INFO - Executing <Task(PythonOperator): check_if_new_link_is_available> on 2023-06-27 00:00:00+00:00
[2023-06-27T18:12:20.879+0000] {standard_task_runner.py:55} INFO - Started process 2790 to run task
[2023-06-27T18:12:20.881+0000] {standard_task_runner.py:82} INFO - Running: ['***', 'tasks', 'run', 'load_pageviews', 'check_if_new_link_is_available', '__***_temporary_run_2023-06-27T18:12:18.630142+00:00__', '--job-id', '36', '--raw', '--subdir', 'DAGS_FOLDER/load_pageviews.py', '--cfg-path', '/tmp/tmpckl7zv0u']
[2023-06-27T18:12:20.882+0000] {standard_task_runner.py:83} INFO - Job 36: Subtask check_if_new_link_is_available
[2023-06-27T18:12:20.924+0000] {task_command.py:389} INFO - Running <TaskInstance: load_pageviews.check_if_new_link_is_available __airflow_temporary_run_2023-06-27T18:12:18.630142+00:00__ [running]> on host df36c5c3b1c7
[2023-06-27T18:12:20.969+0000] {taskinstance.py:1513} INFO - Exporting the following env vars:
AIRFLOW_CTX_DAG_OWNER=***
AIRFLOW_CTX_DAG_ID=load_pageviews
AIRFLOW_CTX_TASK_ID=check_if_new_link_is_available
AIRFLOW_CTX_EXECUTION_DATE=2023-06-27T00:00:00+00:00
AIRFLOW_CTX_TRY_NUMBER=1
AIRFLOW_CTX_DAG_RUN_ID=__***_temporary_run_2023-06-27T18:12:18.630142+00:00__
[2023-06-27T18:12:23.290+0000] {taskinstance.py:1772} ERROR - Task failed with exception
Traceback (most recent call last):
  File "/home/airflow/.local/lib/python3.7/site-packages/airflow/operators/python.py", line 175, in execute
    return_value = self.execute_callable()
  File "/home/airflow/.local/lib/python3.7/site-packages/airflow/operators/python.py", line 192, in execute_callable
    return self.python_callable(*self.op_args, **self.op_kwargs)
  File "/opt/airflow/helper/helper.py", line 263, in is_new_data_is_available
    latest_link_from_bigquery = latest_link_from_bigquery.strftime("%Y%m%d-%H%M%S")
AttributeError: 'numpy.datetime64' object has no attribute 'strftime'
[2023-06-27T18:12:23.296+0000] {taskinstance.py:1327} INFO - Marking task as FAILED. dag_id=load_pageviews, task_id=check_if_new_link_is_available, execution_date=20230627T000000, start_date=20230627T181220, end_date=20230627T181223
[2023-06-27T18:12:23.305+0000] {standard_task_runner.py:105} ERROR - Failed to execute job 36 for task check_if_new_link_is_available ((psycopg2.errors.ForeignKeyViolation) insert or update on table "task_fail" violates foreign key constraint "task_fail_ti_fkey"
DETAIL:  Key (dag_id, task_id, run_id, map_index)=(load_pageviews, check_if_new_link_is_available, __airflow_temporary_run_2023-06-27T18:12:18.630142+00:00__, -1) is not present in table "task_instance".

[SQL: INSERT INTO task_fail (task_id, dag_id, run_id, map_index, start_date, end_date, duration) VALUES (%(task_id)s, %(dag_id)s, %(run_id)s, %(map_index)s, %(start_date)s, %(end_date)s, %(duration)s) RETURNING task_fail.id]
[parameters: {'task_id': 'check_if_new_link_is_available', 'dag_id': 'load_pageviews', 'run_id': '__airflow_temporary_run_2023-06-27T18:12:18.630142+00:00__', 'map_index': -1, 'start_date': datetime.datetime(2023, 6, 27, 18, 12, 20, 860400, tzinfo=Timezone('UTC')), 'end_date': datetime.datetime(2023, 6, 27, 18, 12, 23, 295736, tzinfo=Timezone('UTC')), 'duration': 2}]
(Background on this error at: https://sqlalche.me/e/14/gkpj); 2790)
[2023-06-27T18:12:23.340+0000] {local_task_job.py:159} INFO - Task exited with return code 1
