[2023-06-28T17:00:17.652+0000] {taskinstance.py:1087} INFO - Dependencies all met for <TaskInstance: predict_rates.generate_predictions_view scheduled__2023-06-28T16:00:00+00:00 [queued]>
[2023-06-28T17:00:17.661+0000] {taskinstance.py:1087} INFO - Dependencies all met for <TaskInstance: predict_rates.generate_predictions_view scheduled__2023-06-28T16:00:00+00:00 [queued]>
[2023-06-28T17:00:17.661+0000] {taskinstance.py:1283} INFO - 
--------------------------------------------------------------------------------
[2023-06-28T17:00:17.661+0000] {taskinstance.py:1284} INFO - Starting attempt 1 of 1
[2023-06-28T17:00:17.661+0000] {taskinstance.py:1285} INFO - 
--------------------------------------------------------------------------------
[2023-06-28T17:00:17.703+0000] {taskinstance.py:1304} INFO - Executing <Task(_PythonDecoratedOperator): generate_predictions_view> on 2023-06-28 16:00:00+00:00
[2023-06-28T17:00:17.712+0000] {standard_task_runner.py:55} INFO - Started process 13580 to run task
[2023-06-28T17:00:17.717+0000] {standard_task_runner.py:82} INFO - Running: ['***', 'tasks', 'run', 'predict_rates', 'generate_predictions_view', 'scheduled__2023-06-28T16:00:00+00:00', '--job-id', '140', '--raw', '--subdir', 'DAGS_FOLDER/predict_rates.py', '--cfg-path', '/tmp/tmp_cr6m6z6']
[2023-06-28T17:00:17.722+0000] {standard_task_runner.py:83} INFO - Job 140: Subtask generate_predictions_view
[2023-06-28T17:00:17.813+0000] {task_command.py:389} INFO - Running <TaskInstance: predict_rates.generate_predictions_view scheduled__2023-06-28T16:00:00+00:00 [running]> on host 3e2e38946fac
[2023-06-28T17:00:17.876+0000] {taskinstance.py:1513} INFO - Exporting the following env vars:
AIRFLOW_CTX_DAG_OWNER=***
AIRFLOW_CTX_DAG_ID=predict_rates
AIRFLOW_CTX_TASK_ID=generate_predictions_view
AIRFLOW_CTX_EXECUTION_DATE=2023-06-28T16:00:00+00:00
AIRFLOW_CTX_TRY_NUMBER=1
AIRFLOW_CTX_DAG_RUN_ID=scheduled__2023-06-28T16:00:00+00:00
[2023-06-28T17:00:29.175+0000] {logging_mixin.py:137} INFO - Loaded 1 rows into pageviews-390416.pageviews.predictions.
[2023-06-28T17:00:29.176+0000] {python.py:177} INFO - Done. Returned value was: None
[2023-06-28T17:00:29.184+0000] {taskinstance.py:1327} INFO - Marking task as SUCCESS. dag_id=predict_rates, task_id=generate_predictions_view, execution_date=20230628T160000, start_date=20230628T170017, end_date=20230628T170029
[2023-06-28T17:00:29.234+0000] {local_task_job.py:159} INFO - Task exited with return code 0
[2023-06-28T17:00:29.246+0000] {taskinstance.py:2582} INFO - 0 downstream tasks scheduled from follow-on schedule check
