[2023-06-28T12:59:23.574+0000] {taskinstance.py:1087} INFO - Dependencies all met for <TaskInstance: predict_rates.generate_predictions_view __airflow_temporary_run_2023-06-28T12:57:51.016674+00:00__ [queued]>
[2023-06-28T12:59:23.582+0000] {taskinstance.py:1087} INFO - Dependencies all met for <TaskInstance: predict_rates.generate_predictions_view __airflow_temporary_run_2023-06-28T12:57:51.016674+00:00__ [queued]>
[2023-06-28T12:59:23.582+0000] {taskinstance.py:1283} INFO - 
--------------------------------------------------------------------------------
[2023-06-28T12:59:23.582+0000] {taskinstance.py:1284} INFO - Starting attempt 1 of 1
[2023-06-28T12:59:23.582+0000] {taskinstance.py:1285} INFO - 
--------------------------------------------------------------------------------
[2023-06-28T12:59:23.594+0000] {taskinstance.py:1304} INFO - Executing <Task(_PythonDecoratedOperator): generate_predictions_view> on 2023-06-28 00:00:00+00:00
[2023-06-28T12:59:23.601+0000] {standard_task_runner.py:55} INFO - Started process 2872 to run task
[2023-06-28T12:59:23.605+0000] {standard_task_runner.py:82} INFO - Running: ['***', 'tasks', 'run', 'predict_rates', 'generate_predictions_view', '__***_temporary_run_2023-06-28T12:57:51.016674+00:00__', '--job-id', '106', '--raw', '--subdir', 'DAGS_FOLDER/predict_rates.py', '--cfg-path', '/tmp/tmp6d15jq3f']
[2023-06-28T12:59:23.606+0000] {standard_task_runner.py:83} INFO - Job 106: Subtask generate_predictions_view
[2023-06-28T12:59:23.653+0000] {task_command.py:389} INFO - Running <TaskInstance: predict_rates.generate_predictions_view __airflow_temporary_run_2023-06-28T12:57:51.016674+00:00__ [running]> on host 3e2e38946fac
[2023-06-28T12:59:23.714+0000] {taskinstance.py:1513} INFO - Exporting the following env vars:
AIRFLOW_CTX_DAG_OWNER=***
AIRFLOW_CTX_DAG_ID=predict_rates
AIRFLOW_CTX_TASK_ID=generate_predictions_view
AIRFLOW_CTX_EXECUTION_DATE=2023-06-28T00:00:00+00:00
AIRFLOW_CTX_TRY_NUMBER=1
AIRFLOW_CTX_DAG_RUN_ID=__***_temporary_run_2023-06-28T12:57:51.016674+00:00__
[2023-06-28T12:59:23.715+0000] {logging_mixin.py:137} INFO - {'AMZN': {'0': 129.5213681684}, 'GOOGL': {'0': 118.4978279165}, 'META': {'0': 284.6517351481}, 'MSFT': {'0': 333.2903650367}, 'AAPL': {'0': 187.426136261}}
[2023-06-28T12:59:23.730+0000] {logging_mixin.py:137} INFO -          AMZN       GOOGL        META        AAPL        MSFT date
0  129.521368  118.497828  284.651735  187.426136  333.290365  NaN
[2023-06-28T12:59:35.092+0000] {logging_mixin.py:137} INFO - Loaded 1 rows into pageviews-390416.pageviews.predictions.
[2023-06-28T12:59:35.092+0000] {python.py:177} INFO - Done. Returned value was: None
[2023-06-28T12:59:35.102+0000] {taskinstance.py:1327} INFO - Marking task as SUCCESS. dag_id=predict_rates, task_id=generate_predictions_view, execution_date=20230628T000000, start_date=20230628T125923, end_date=20230628T125935
[2023-06-28T12:59:35.160+0000] {local_task_job.py:159} INFO - Task exited with return code 0
[2023-06-28T12:59:35.177+0000] {taskinstance.py:2582} INFO - 0 downstream tasks scheduled from follow-on schedule check
