[2023-06-28T06:00:32.935+0000] {taskinstance.py:1087} INFO - Dependencies all met for <TaskInstance: load_pageviews.wait_for_file scheduled__2023-06-28T05:00:00+00:00 [queued]>
[2023-06-28T06:00:32.943+0000] {taskinstance.py:1087} INFO - Dependencies all met for <TaskInstance: load_pageviews.wait_for_file scheduled__2023-06-28T05:00:00+00:00 [queued]>
[2023-06-28T06:00:32.943+0000] {taskinstance.py:1283} INFO - 
--------------------------------------------------------------------------------
[2023-06-28T06:00:32.943+0000] {taskinstance.py:1284} INFO - Starting attempt 1 of 1
[2023-06-28T06:00:32.943+0000] {taskinstance.py:1285} INFO - 
--------------------------------------------------------------------------------
[2023-06-28T06:00:32.954+0000] {taskinstance.py:1304} INFO - Executing <Task(FileSensor): wait_for_file> on 2023-06-28 05:00:00+00:00
[2023-06-28T06:00:32.958+0000] {standard_task_runner.py:55} INFO - Started process 128 to run task
[2023-06-28T06:00:32.961+0000] {standard_task_runner.py:82} INFO - Running: ['***', 'tasks', 'run', 'load_pageviews', 'wait_for_file', 'scheduled__2023-06-28T05:00:00+00:00', '--job-id', '62', '--raw', '--subdir', 'DAGS_FOLDER/load_pageviews.py', '--cfg-path', '/tmp/tmp9bx_uhv1']
[2023-06-28T06:00:32.961+0000] {standard_task_runner.py:83} INFO - Job 62: Subtask wait_for_file
[2023-06-28T06:00:33.002+0000] {task_command.py:389} INFO - Running <TaskInstance: load_pageviews.wait_for_file scheduled__2023-06-28T05:00:00+00:00 [running]> on host 53ef9e17488f
[2023-06-28T06:00:33.049+0000] {taskinstance.py:1513} INFO - Exporting the following env vars:
AIRFLOW_CTX_DAG_OWNER=***
AIRFLOW_CTX_DAG_ID=load_pageviews
AIRFLOW_CTX_TASK_ID=wait_for_file
AIRFLOW_CTX_EXECUTION_DATE=2023-06-28T05:00:00+00:00
AIRFLOW_CTX_TRY_NUMBER=1
AIRFLOW_CTX_DAG_RUN_ID=scheduled__2023-06-28T05:00:00+00:00
[2023-06-28T06:00:33.055+0000] {base.py:73} INFO - Using connection ID 'gz_file' for task execution.
[2023-06-28T06:00:33.055+0000] {filesystem.py:64} INFO - Poking for file /tmp/wikipageviews.gz
[2023-06-28T06:00:33.055+0000] {filesystem.py:69} INFO - Found File /tmp/wikipageviews.gz last modified: 20230628060030
[2023-06-28T06:00:33.056+0000] {base.py:228} INFO - Success criteria met. Exiting.
[2023-06-28T06:00:33.062+0000] {taskinstance.py:1327} INFO - Marking task as SUCCESS. dag_id=load_pageviews, task_id=wait_for_file, execution_date=20230628T050000, start_date=20230628T060032, end_date=20230628T060033
[2023-06-28T06:00:33.092+0000] {local_task_job.py:159} INFO - Task exited with return code 0
[2023-06-28T06:00:33.117+0000] {taskinstance.py:2582} INFO - 1 downstream tasks scheduled from follow-on schedule check
