[2023-06-28T06:02:24.447+0000] {taskinstance.py:1087} INFO - Dependencies all met for <TaskInstance: load_pageviews.check_if_new_link_is_available manual__2023-06-28T06:02:22.812930+00:00 [queued]>
[2023-06-28T06:02:24.454+0000] {taskinstance.py:1087} INFO - Dependencies all met for <TaskInstance: load_pageviews.check_if_new_link_is_available manual__2023-06-28T06:02:22.812930+00:00 [queued]>
[2023-06-28T06:02:24.454+0000] {taskinstance.py:1283} INFO - 
--------------------------------------------------------------------------------
[2023-06-28T06:02:24.454+0000] {taskinstance.py:1284} INFO - Starting attempt 1 of 1
[2023-06-28T06:02:24.454+0000] {taskinstance.py:1285} INFO - 
--------------------------------------------------------------------------------
[2023-06-28T06:02:24.465+0000] {taskinstance.py:1304} INFO - Executing <Task(PythonOperator): check_if_new_link_is_available> on 2023-06-28 06:02:22.812930+00:00
[2023-06-28T06:02:24.470+0000] {standard_task_runner.py:55} INFO - Started process 257 to run task
[2023-06-28T06:02:24.472+0000] {standard_task_runner.py:82} INFO - Running: ['***', 'tasks', 'run', 'load_pageviews', 'check_if_new_link_is_available', 'manual__2023-06-28T06:02:22.812930+00:00', '--job-id', '69', '--raw', '--subdir', 'DAGS_FOLDER/load_pageviews.py', '--cfg-path', '/tmp/tmpjf57enij']
[2023-06-28T06:02:24.473+0000] {standard_task_runner.py:83} INFO - Job 69: Subtask check_if_new_link_is_available
[2023-06-28T06:02:24.515+0000] {task_command.py:389} INFO - Running <TaskInstance: load_pageviews.check_if_new_link_is_available manual__2023-06-28T06:02:22.812930+00:00 [running]> on host 53ef9e17488f
[2023-06-28T06:02:24.561+0000] {taskinstance.py:1513} INFO - Exporting the following env vars:
AIRFLOW_CTX_DAG_OWNER=***
AIRFLOW_CTX_DAG_ID=load_pageviews
AIRFLOW_CTX_TASK_ID=check_if_new_link_is_available
AIRFLOW_CTX_EXECUTION_DATE=2023-06-28T06:02:22.812930+00:00
AIRFLOW_CTX_TRY_NUMBER=1
AIRFLOW_CTX_DAG_RUN_ID=manual__2023-06-28T06:02:22.812930+00:00
[2023-06-28T06:02:28.102+0000] {python.py:177} INFO - Done. Returned value was: True
[2023-06-28T06:02:28.118+0000] {taskinstance.py:1327} INFO - Marking task as SUCCESS. dag_id=load_pageviews, task_id=check_if_new_link_is_available, execution_date=20230628T060222, start_date=20230628T060224, end_date=20230628T060228
[2023-06-28T06:02:28.139+0000] {local_task_job.py:159} INFO - Task exited with return code 0
[2023-06-28T06:02:28.165+0000] {taskinstance.py:2582} INFO - 1 downstream tasks scheduled from follow-on schedule check
