[2023-06-28T06:00:53.022+0000] {taskinstance.py:1087} INFO - Dependencies all met for <TaskInstance: load_pageviews.load_rates_data scheduled__2023-06-28T05:00:00+00:00 [queued]>
[2023-06-28T06:00:53.029+0000] {taskinstance.py:1087} INFO - Dependencies all met for <TaskInstance: load_pageviews.load_rates_data scheduled__2023-06-28T05:00:00+00:00 [queued]>
[2023-06-28T06:00:53.029+0000] {taskinstance.py:1283} INFO - 
--------------------------------------------------------------------------------
[2023-06-28T06:00:53.029+0000] {taskinstance.py:1284} INFO - Starting attempt 1 of 1
[2023-06-28T06:00:53.030+0000] {taskinstance.py:1285} INFO - 
--------------------------------------------------------------------------------
[2023-06-28T06:00:53.038+0000] {taskinstance.py:1304} INFO - Executing <Task(PythonOperator): load_rates_data> on 2023-06-28 05:00:00+00:00
[2023-06-28T06:00:53.044+0000] {standard_task_runner.py:55} INFO - Started process 160 to run task
[2023-06-28T06:00:53.046+0000] {standard_task_runner.py:82} INFO - Running: ['***', 'tasks', 'run', 'load_pageviews', 'load_rates_data', 'scheduled__2023-06-28T05:00:00+00:00', '--job-id', '66', '--raw', '--subdir', 'DAGS_FOLDER/load_pageviews.py', '--cfg-path', '/tmp/tmpxbe_mwgz']
[2023-06-28T06:00:53.047+0000] {standard_task_runner.py:83} INFO - Job 66: Subtask load_rates_data
[2023-06-28T06:00:53.089+0000] {task_command.py:389} INFO - Running <TaskInstance: load_pageviews.load_rates_data scheduled__2023-06-28T05:00:00+00:00 [running]> on host 53ef9e17488f
[2023-06-28T06:00:53.132+0000] {taskinstance.py:1513} INFO - Exporting the following env vars:
AIRFLOW_CTX_DAG_OWNER=***
AIRFLOW_CTX_DAG_ID=load_pageviews
AIRFLOW_CTX_TASK_ID=load_rates_data
AIRFLOW_CTX_EXECUTION_DATE=2023-06-28T05:00:00+00:00
AIRFLOW_CTX_TRY_NUMBER=1
AIRFLOW_CTX_DAG_RUN_ID=scheduled__2023-06-28T05:00:00+00:00
[2023-06-28T06:01:03.198+0000] {logging_mixin.py:137} INFO - Loaded 5 rows into pageviews-390416.pageviews.rates.
[2023-06-28T06:01:03.198+0000] {python.py:177} INFO - Done. Returned value was: None
[2023-06-28T06:01:03.204+0000] {taskinstance.py:1327} INFO - Marking task as SUCCESS. dag_id=load_pageviews, task_id=load_rates_data, execution_date=20230628T050000, start_date=20230628T060053, end_date=20230628T060103
[2023-06-28T06:01:03.241+0000] {local_task_job.py:159} INFO - Task exited with return code 0
[2023-06-28T06:01:03.262+0000] {taskinstance.py:2582} INFO - 1 downstream tasks scheduled from follow-on schedule check
