[2023-06-28T13:40:02.490+0000] {taskinstance.py:1087} INFO - Dependencies all met for <TaskInstance: predict_rates.predict_rates manual__2023-06-28T13:40:00.462662+00:00 [queued]>
[2023-06-28T13:40:02.498+0000] {taskinstance.py:1087} INFO - Dependencies all met for <TaskInstance: predict_rates.predict_rates manual__2023-06-28T13:40:00.462662+00:00 [queued]>
[2023-06-28T13:40:02.498+0000] {taskinstance.py:1283} INFO - 
--------------------------------------------------------------------------------
[2023-06-28T13:40:02.498+0000] {taskinstance.py:1284} INFO - Starting attempt 1 of 1
[2023-06-28T13:40:02.498+0000] {taskinstance.py:1285} INFO - 
--------------------------------------------------------------------------------
[2023-06-28T13:40:02.511+0000] {taskinstance.py:1304} INFO - Executing <Task(_PythonDecoratedOperator): predict_rates> on 2023-06-28 13:40:00.462662+00:00
[2023-06-28T13:40:02.517+0000] {standard_task_runner.py:55} INFO - Started process 4677 to run task
[2023-06-28T13:40:02.521+0000] {standard_task_runner.py:82} INFO - Running: ['***', 'tasks', 'run', 'predict_rates', 'predict_rates', 'manual__2023-06-28T13:40:00.462662+00:00', '--job-id', '110', '--raw', '--subdir', 'DAGS_FOLDER/predict_rates.py', '--cfg-path', '/tmp/tmpnuwjxi51']
[2023-06-28T13:40:02.522+0000] {standard_task_runner.py:83} INFO - Job 110: Subtask predict_rates
[2023-06-28T13:40:02.578+0000] {task_command.py:389} INFO - Running <TaskInstance: predict_rates.predict_rates manual__2023-06-28T13:40:00.462662+00:00 [running]> on host 3e2e38946fac
[2023-06-28T13:40:02.639+0000] {taskinstance.py:1513} INFO - Exporting the following env vars:
AIRFLOW_CTX_DAG_OWNER=***
AIRFLOW_CTX_DAG_ID=predict_rates
AIRFLOW_CTX_TASK_ID=predict_rates
AIRFLOW_CTX_EXECUTION_DATE=2023-06-28T13:40:00.462662+00:00
AIRFLOW_CTX_TRY_NUMBER=1
AIRFLOW_CTX_DAG_RUN_ID=manual__2023-06-28T13:40:00.462662+00:00
[2023-06-28T13:40:06.730+0000] {logging_mixin.py:137} INFO -    pageviews  year  month  day  hour  minute  second
0         10  2023      6   28    11       0       0
[2023-06-28T13:40:06.771+0000] {logging_mixin.py:137} INFO - Model R^2 Score is: 0.0
[2023-06-28T13:40:06.772+0000] {warnings.py:110} WARNING - /home/***/.local/lib/python3.7/site-packages/sklearn/base.py:444: UserWarning: X has feature names, but RandomForestRegressor was fitted without feature names
  f"X has feature names, but {self.__class__.__name__} was fitted without"

[2023-06-28T13:40:06.776+0000] {logging_mixin.py:137} INFO - [129.52136817]
[2023-06-28T13:40:08.844+0000] {logging_mixin.py:137} INFO -    pageviews  year  month  day  hour  minute  second
0        983  2023      6   28    11       0       0
[2023-06-28T13:40:08.890+0000] {logging_mixin.py:137} INFO - Model R^2 Score is: 0.0
[2023-06-28T13:40:08.890+0000] {warnings.py:110} WARNING - /home/***/.local/lib/python3.7/site-packages/sklearn/base.py:444: UserWarning: X has feature names, but RandomForestRegressor was fitted without feature names
  f"X has feature names, but {self.__class__.__name__} was fitted without"

[2023-06-28T13:40:08.896+0000] {logging_mixin.py:137} INFO - [118.49782792]
[2023-06-28T13:40:10.972+0000] {logging_mixin.py:137} INFO -    pageviews  year  month  day  hour  minute  second
0       1044  2023      6   28    11       0       0
[2023-06-28T13:40:11.015+0000] {logging_mixin.py:137} INFO - Model R^2 Score is: 0.0
[2023-06-28T13:40:11.015+0000] {warnings.py:110} WARNING - /home/***/.local/lib/python3.7/site-packages/sklearn/base.py:444: UserWarning: X has feature names, but RandomForestRegressor was fitted without feature names
  f"X has feature names, but {self.__class__.__name__} was fitted without"

[2023-06-28T13:40:11.019+0000] {logging_mixin.py:137} INFO - [284.65173515]
[2023-06-28T13:40:12.996+0000] {logging_mixin.py:137} INFO -    pageviews  year  month  day  hour  minute  second
0        248  2023      6   28    11       0       0
[2023-06-28T13:40:13.035+0000] {logging_mixin.py:137} INFO - Model R^2 Score is: 0.0
[2023-06-28T13:40:13.035+0000] {warnings.py:110} WARNING - /home/***/.local/lib/python3.7/site-packages/sklearn/base.py:444: UserWarning: X has feature names, but RandomForestRegressor was fitted without feature names
  f"X has feature names, but {self.__class__.__name__} was fitted without"

[2023-06-28T13:40:13.039+0000] {logging_mixin.py:137} INFO - [333.29036504]
[2023-06-28T13:40:15.165+0000] {logging_mixin.py:137} INFO -    pageviews  year  month  day  hour  minute  second
0         52  2023      6   28    11       0       0
[2023-06-28T13:40:15.198+0000] {logging_mixin.py:137} INFO - Model R^2 Score is: 0.0
[2023-06-28T13:40:15.198+0000] {warnings.py:110} WARNING - /home/***/.local/lib/python3.7/site-packages/sklearn/base.py:444: UserWarning: X has feature names, but RandomForestRegressor was fitted without feature names
  f"X has feature names, but {self.__class__.__name__} was fitted without"

[2023-06-28T13:40:15.202+0000] {logging_mixin.py:137} INFO - [187.42613626]
[2023-06-28T13:40:15.206+0000] {python.py:177} INFO - Done. Returned value was: None
[2023-06-28T13:40:15.214+0000] {taskinstance.py:1327} INFO - Marking task as SUCCESS. dag_id=predict_rates, task_id=predict_rates, execution_date=20230628T134000, start_date=20230628T134002, end_date=20230628T134015
[2023-06-28T13:40:15.236+0000] {local_task_job.py:159} INFO - Task exited with return code 0
[2023-06-28T13:40:15.258+0000] {taskinstance.py:2582} INFO - 1 downstream tasks scheduled from follow-on schedule check
