[2023-06-28T12:25:36.064+0000] {taskinstance.py:1087} INFO - Dependencies all met for <TaskInstance: load_pageviews.unzip_file scheduled__2023-06-28T11:00:00+00:00 [queued]>
[2023-06-28T12:25:36.072+0000] {taskinstance.py:1087} INFO - Dependencies all met for <TaskInstance: load_pageviews.unzip_file scheduled__2023-06-28T11:00:00+00:00 [queued]>
[2023-06-28T12:25:36.072+0000] {taskinstance.py:1283} INFO - 
--------------------------------------------------------------------------------
[2023-06-28T12:25:36.072+0000] {taskinstance.py:1284} INFO - Starting attempt 1 of 1
[2023-06-28T12:25:36.072+0000] {taskinstance.py:1285} INFO - 
--------------------------------------------------------------------------------
[2023-06-28T12:25:36.081+0000] {taskinstance.py:1304} INFO - Executing <Task(BashOperator): unzip_file> on 2023-06-28 11:00:00+00:00
[2023-06-28T12:25:36.087+0000] {standard_task_runner.py:55} INFO - Started process 116 to run task
[2023-06-28T12:25:36.090+0000] {standard_task_runner.py:82} INFO - Running: ['***', 'tasks', 'run', 'load_pageviews', 'unzip_file', 'scheduled__2023-06-28T11:00:00+00:00', '--job-id', '86', '--raw', '--subdir', 'DAGS_FOLDER/load_pageviews.py', '--cfg-path', '/tmp/tmppi9h_r6u']
[2023-06-28T12:25:36.090+0000] {standard_task_runner.py:83} INFO - Job 86: Subtask unzip_file
[2023-06-28T12:25:36.131+0000] {task_command.py:389} INFO - Running <TaskInstance: load_pageviews.unzip_file scheduled__2023-06-28T11:00:00+00:00 [running]> on host 3e2e38946fac
[2023-06-28T12:25:36.178+0000] {taskinstance.py:1513} INFO - Exporting the following env vars:
AIRFLOW_CTX_DAG_OWNER=***
AIRFLOW_CTX_DAG_ID=load_pageviews
AIRFLOW_CTX_TASK_ID=unzip_file
AIRFLOW_CTX_EXECUTION_DATE=2023-06-28T11:00:00+00:00
AIRFLOW_CTX_TRY_NUMBER=1
AIRFLOW_CTX_DAG_RUN_ID=scheduled__2023-06-28T11:00:00+00:00
[2023-06-28T12:25:36.179+0000] {subprocess.py:63} INFO - Tmp dir root location: 
 /tmp
[2023-06-28T12:25:36.179+0000] {subprocess.py:75} INFO - Running command: ['/bin/bash', '-c', 'gunzip --force /tmp/wikipageviews.gz']
[2023-06-28T12:25:36.189+0000] {subprocess.py:86} INFO - Output:
[2023-06-28T12:25:37.403+0000] {subprocess.py:97} INFO - Command exited with return code 0
[2023-06-28T12:25:37.453+0000] {taskinstance.py:1327} INFO - Marking task as SUCCESS. dag_id=load_pageviews, task_id=unzip_file, execution_date=20230628T110000, start_date=20230628T122536, end_date=20230628T122537
[2023-06-28T12:25:37.504+0000] {local_task_job.py:159} INFO - Task exited with return code 0
[2023-06-28T12:25:37.525+0000] {taskinstance.py:2582} INFO - 1 downstream tasks scheduled from follow-on schedule check
