[2023-06-28T05:39:04.853+0000] {taskinstance.py:1087} INFO - Dependencies all met for <TaskInstance: load_pageviews.unzip_file scheduled__2023-06-28T04:00:00+00:00 [queued]>
[2023-06-28T05:39:04.861+0000] {taskinstance.py:1087} INFO - Dependencies all met for <TaskInstance: load_pageviews.unzip_file scheduled__2023-06-28T04:00:00+00:00 [queued]>
[2023-06-28T05:39:04.861+0000] {taskinstance.py:1283} INFO - 
--------------------------------------------------------------------------------
[2023-06-28T05:39:04.861+0000] {taskinstance.py:1284} INFO - Starting attempt 1 of 1
[2023-06-28T05:39:04.861+0000] {taskinstance.py:1285} INFO - 
--------------------------------------------------------------------------------
[2023-06-28T05:39:04.870+0000] {taskinstance.py:1304} INFO - Executing <Task(BashOperator): unzip_file> on 2023-06-28 04:00:00+00:00
[2023-06-28T05:39:04.875+0000] {standard_task_runner.py:55} INFO - Started process 117 to run task
[2023-06-28T05:39:04.878+0000] {standard_task_runner.py:82} INFO - Running: ['***', 'tasks', 'run', 'load_pageviews', 'unzip_file', 'scheduled__2023-06-28T04:00:00+00:00', '--job-id', '43', '--raw', '--subdir', 'DAGS_FOLDER/load_pageviews.py', '--cfg-path', '/tmp/tmpo55hl7br']
[2023-06-28T05:39:04.879+0000] {standard_task_runner.py:83} INFO - Job 43: Subtask unzip_file
[2023-06-28T05:39:04.927+0000] {task_command.py:389} INFO - Running <TaskInstance: load_pageviews.unzip_file scheduled__2023-06-28T04:00:00+00:00 [running]> on host b7f23ecf7992
[2023-06-28T05:39:04.974+0000] {taskinstance.py:1513} INFO - Exporting the following env vars:
AIRFLOW_CTX_DAG_OWNER=***
AIRFLOW_CTX_DAG_ID=load_pageviews
AIRFLOW_CTX_TASK_ID=unzip_file
AIRFLOW_CTX_EXECUTION_DATE=2023-06-28T04:00:00+00:00
AIRFLOW_CTX_TRY_NUMBER=1
AIRFLOW_CTX_DAG_RUN_ID=scheduled__2023-06-28T04:00:00+00:00
[2023-06-28T05:39:04.975+0000] {subprocess.py:63} INFO - Tmp dir root location: 
 /tmp
[2023-06-28T05:39:04.976+0000] {subprocess.py:75} INFO - Running command: ['/bin/bash', '-c', 'gunzip --force /tmp/wikipageviews.gz']
[2023-06-28T05:39:04.986+0000] {subprocess.py:86} INFO - Output:
[2023-06-28T05:39:06.106+0000] {subprocess.py:97} INFO - Command exited with return code 0
[2023-06-28T05:39:06.124+0000] {taskinstance.py:1327} INFO - Marking task as SUCCESS. dag_id=load_pageviews, task_id=unzip_file, execution_date=20230628T040000, start_date=20230628T053904, end_date=20230628T053906
[2023-06-28T05:39:06.173+0000] {local_task_job.py:159} INFO - Task exited with return code 0
[2023-06-28T05:39:06.195+0000] {taskinstance.py:2582} INFO - 1 downstream tasks scheduled from follow-on schedule check
