[2023-06-27T17:22:56.396+0000] {processor.py:153} INFO - Started process (PID=1415) to work on /opt/airflow/dags/load_pageviews.py
[2023-06-27T17:22:56.396+0000] {processor.py:743} INFO - Processing file /opt/airflow/dags/load_pageviews.py for tasks to queue
[2023-06-27T17:22:56.397+0000] {logging_mixin.py:137} INFO - [2023-06-27T17:22:56.397+0000] {dagbag.py:538} INFO - Filling up the DagBag from /opt/airflow/dags/load_pageviews.py
[2023-06-27T17:23:06.197+0000] {processor.py:753} INFO - DAG(s) dict_keys(['load_pageviews']) retrieved from /opt/airflow/dags/load_pageviews.py
[2023-06-27T17:23:06.284+0000] {logging_mixin.py:137} INFO - [2023-06-27T17:23:06.283+0000] {manager.py:504} INFO - Created Permission View: can delete on DAG:load_pageviews
[2023-06-27T17:23:06.291+0000] {logging_mixin.py:137} INFO - [2023-06-27T17:23:06.291+0000] {manager.py:504} INFO - Created Permission View: can read on DAG:load_pageviews
[2023-06-27T17:23:06.297+0000] {logging_mixin.py:137} INFO - [2023-06-27T17:23:06.297+0000] {manager.py:504} INFO - Created Permission View: can edit on DAG:load_pageviews
[2023-06-27T17:23:06.298+0000] {logging_mixin.py:137} INFO - [2023-06-27T17:23:06.297+0000] {dag.py:2676} INFO - Sync 1 DAGs
[2023-06-27T17:23:06.311+0000] {logging_mixin.py:137} INFO - [2023-06-27T17:23:06.310+0000] {dag.py:2697} INFO - Creating ORM DAG for load_pageviews
[2023-06-27T17:23:06.321+0000] {logging_mixin.py:137} INFO - [2023-06-27T17:23:06.321+0000] {dag.py:3427} INFO - Setting next_dagrun for load_pageviews to 2023-06-27T16:00:00+00:00, run_after=2023-06-27T17:00:00+00:00
[2023-06-27T17:23:06.335+0000] {processor.py:175} INFO - Processing /opt/airflow/dags/load_pageviews.py took 9.941 seconds
[2023-06-27T17:23:36.435+0000] {processor.py:153} INFO - Started process (PID=1470) to work on /opt/airflow/dags/load_pageviews.py
[2023-06-27T17:23:36.437+0000] {processor.py:743} INFO - Processing file /opt/airflow/dags/load_pageviews.py for tasks to queue
[2023-06-27T17:23:36.438+0000] {logging_mixin.py:137} INFO - [2023-06-27T17:23:36.437+0000] {dagbag.py:538} INFO - Filling up the DagBag from /opt/airflow/dags/load_pageviews.py
[2023-06-27T17:23:38.081+0000] {processor.py:753} INFO - DAG(s) dict_keys(['load_pageviews']) retrieved from /opt/airflow/dags/load_pageviews.py
[2023-06-27T17:23:38.130+0000] {logging_mixin.py:137} INFO - [2023-06-27T17:23:38.130+0000] {dag.py:2676} INFO - Sync 1 DAGs
[2023-06-27T17:23:38.147+0000] {logging_mixin.py:137} INFO - [2023-06-27T17:23:38.147+0000] {dag.py:3427} INFO - Setting next_dagrun for load_pageviews to 2023-06-27T16:00:00+00:00, run_after=2023-06-27T17:00:00+00:00
[2023-06-27T17:23:38.163+0000] {processor.py:175} INFO - Processing /opt/airflow/dags/load_pageviews.py took 1.731 seconds
[2023-06-27T17:24:08.363+0000] {processor.py:153} INFO - Started process (PID=1525) to work on /opt/airflow/dags/load_pageviews.py
[2023-06-27T17:24:08.364+0000] {processor.py:743} INFO - Processing file /opt/airflow/dags/load_pageviews.py for tasks to queue
[2023-06-27T17:24:08.365+0000] {logging_mixin.py:137} INFO - [2023-06-27T17:24:08.364+0000] {dagbag.py:538} INFO - Filling up the DagBag from /opt/airflow/dags/load_pageviews.py
[2023-06-27T17:24:09.562+0000] {processor.py:753} INFO - DAG(s) dict_keys(['load_pageviews']) retrieved from /opt/airflow/dags/load_pageviews.py
[2023-06-27T17:24:09.624+0000] {logging_mixin.py:137} INFO - [2023-06-27T17:24:09.624+0000] {dag.py:2676} INFO - Sync 1 DAGs
[2023-06-27T17:24:09.644+0000] {logging_mixin.py:137} INFO - [2023-06-27T17:24:09.643+0000] {dag.py:3427} INFO - Setting next_dagrun for load_pageviews to 2023-06-27T16:00:00+00:00, run_after=2023-06-27T17:00:00+00:00
[2023-06-27T17:24:09.661+0000] {processor.py:175} INFO - Processing /opt/airflow/dags/load_pageviews.py took 1.301 seconds
[2023-06-27T17:24:39.889+0000] {processor.py:153} INFO - Started process (PID=1582) to work on /opt/airflow/dags/load_pageviews.py
[2023-06-27T17:24:39.890+0000] {processor.py:743} INFO - Processing file /opt/airflow/dags/load_pageviews.py for tasks to queue
[2023-06-27T17:24:39.890+0000] {logging_mixin.py:137} INFO - [2023-06-27T17:24:39.890+0000] {dagbag.py:538} INFO - Filling up the DagBag from /opt/airflow/dags/load_pageviews.py
[2023-06-27T17:24:41.881+0000] {processor.py:753} INFO - DAG(s) dict_keys(['load_pageviews']) retrieved from /opt/airflow/dags/load_pageviews.py
[2023-06-27T17:24:41.948+0000] {logging_mixin.py:137} INFO - [2023-06-27T17:24:41.946+0000] {dag.py:2676} INFO - Sync 1 DAGs
[2023-06-27T17:24:41.970+0000] {logging_mixin.py:137} INFO - [2023-06-27T17:24:41.969+0000] {dag.py:3427} INFO - Setting next_dagrun for load_pageviews to 2023-06-27T16:00:00+00:00, run_after=2023-06-27T17:00:00+00:00
[2023-06-27T17:24:41.987+0000] {processor.py:175} INFO - Processing /opt/airflow/dags/load_pageviews.py took 2.101 seconds
[2023-06-27T17:25:12.868+0000] {processor.py:153} INFO - Started process (PID=1642) to work on /opt/airflow/dags/load_pageviews.py
[2023-06-27T17:25:12.869+0000] {processor.py:743} INFO - Processing file /opt/airflow/dags/load_pageviews.py for tasks to queue
[2023-06-27T17:25:12.870+0000] {logging_mixin.py:137} INFO - [2023-06-27T17:25:12.870+0000] {dagbag.py:538} INFO - Filling up the DagBag from /opt/airflow/dags/load_pageviews.py
[2023-06-27T17:25:13.975+0000] {processor.py:753} INFO - DAG(s) dict_keys(['load_pageviews']) retrieved from /opt/airflow/dags/load_pageviews.py
[2023-06-27T17:25:14.045+0000] {logging_mixin.py:137} INFO - [2023-06-27T17:25:14.043+0000] {dag.py:2676} INFO - Sync 1 DAGs
[2023-06-27T17:25:14.079+0000] {logging_mixin.py:137} INFO - [2023-06-27T17:25:14.079+0000] {dag.py:3427} INFO - Setting next_dagrun for load_pageviews to 2023-06-27T16:00:00+00:00, run_after=2023-06-27T17:00:00+00:00
[2023-06-27T17:25:14.100+0000] {processor.py:175} INFO - Processing /opt/airflow/dags/load_pageviews.py took 1.234 seconds
[2023-06-27T17:25:44.283+0000] {processor.py:153} INFO - Started process (PID=1690) to work on /opt/airflow/dags/load_pageviews.py
[2023-06-27T17:25:44.284+0000] {processor.py:743} INFO - Processing file /opt/airflow/dags/load_pageviews.py for tasks to queue
[2023-06-27T17:25:44.284+0000] {logging_mixin.py:137} INFO - [2023-06-27T17:25:44.284+0000] {dagbag.py:538} INFO - Filling up the DagBag from /opt/airflow/dags/load_pageviews.py
[2023-06-27T17:25:45.395+0000] {processor.py:753} INFO - DAG(s) dict_keys(['load_pageviews']) retrieved from /opt/airflow/dags/load_pageviews.py
[2023-06-27T17:25:45.457+0000] {logging_mixin.py:137} INFO - [2023-06-27T17:25:45.457+0000] {dag.py:2676} INFO - Sync 1 DAGs
[2023-06-27T17:25:45.477+0000] {logging_mixin.py:137} INFO - [2023-06-27T17:25:45.477+0000] {dag.py:3427} INFO - Setting next_dagrun for load_pageviews to 2023-06-27T16:00:00+00:00, run_after=2023-06-27T17:00:00+00:00
[2023-06-27T17:25:45.494+0000] {processor.py:175} INFO - Processing /opt/airflow/dags/load_pageviews.py took 1.214 seconds
[2023-06-27T17:26:15.529+0000] {processor.py:153} INFO - Started process (PID=1737) to work on /opt/airflow/dags/load_pageviews.py
[2023-06-27T17:26:15.530+0000] {processor.py:743} INFO - Processing file /opt/airflow/dags/load_pageviews.py for tasks to queue
[2023-06-27T17:26:15.530+0000] {logging_mixin.py:137} INFO - [2023-06-27T17:26:15.530+0000] {dagbag.py:538} INFO - Filling up the DagBag from /opt/airflow/dags/load_pageviews.py
[2023-06-27T17:26:18.680+0000] {processor.py:753} INFO - DAG(s) dict_keys(['load_pageviews']) retrieved from /opt/airflow/dags/load_pageviews.py
[2023-06-27T17:26:18.727+0000] {logging_mixin.py:137} INFO - [2023-06-27T17:26:18.726+0000] {dag.py:2676} INFO - Sync 1 DAGs
[2023-06-27T17:26:18.747+0000] {logging_mixin.py:137} INFO - [2023-06-27T17:26:18.746+0000] {dag.py:3427} INFO - Setting next_dagrun for load_pageviews to 2023-06-27T16:00:00+00:00, run_after=2023-06-27T17:00:00+00:00
[2023-06-27T17:26:18.761+0000] {processor.py:175} INFO - Processing /opt/airflow/dags/load_pageviews.py took 3.235 seconds
[2023-06-27T17:26:49.668+0000] {processor.py:153} INFO - Started process (PID=1784) to work on /opt/airflow/dags/load_pageviews.py
[2023-06-27T17:26:49.670+0000] {processor.py:743} INFO - Processing file /opt/airflow/dags/load_pageviews.py for tasks to queue
[2023-06-27T17:26:49.672+0000] {logging_mixin.py:137} INFO - [2023-06-27T17:26:49.671+0000] {dagbag.py:538} INFO - Filling up the DagBag from /opt/airflow/dags/load_pageviews.py
[2023-06-27T17:26:50.937+0000] {processor.py:753} INFO - DAG(s) dict_keys(['load_pageviews']) retrieved from /opt/airflow/dags/load_pageviews.py
[2023-06-27T17:26:50.995+0000] {logging_mixin.py:137} INFO - [2023-06-27T17:26:50.994+0000] {dag.py:2676} INFO - Sync 1 DAGs
[2023-06-27T17:26:51.016+0000] {logging_mixin.py:137} INFO - [2023-06-27T17:26:51.016+0000] {dag.py:3427} INFO - Setting next_dagrun for load_pageviews to 2023-06-27T16:00:00+00:00, run_after=2023-06-27T17:00:00+00:00
[2023-06-27T17:26:51.036+0000] {processor.py:175} INFO - Processing /opt/airflow/dags/load_pageviews.py took 1.375 seconds
[2023-06-27T17:27:21.828+0000] {processor.py:153} INFO - Started process (PID=1840) to work on /opt/airflow/dags/load_pageviews.py
[2023-06-27T17:27:21.829+0000] {processor.py:743} INFO - Processing file /opt/airflow/dags/load_pageviews.py for tasks to queue
[2023-06-27T17:27:21.830+0000] {logging_mixin.py:137} INFO - [2023-06-27T17:27:21.829+0000] {dagbag.py:538} INFO - Filling up the DagBag from /opt/airflow/dags/load_pageviews.py
[2023-06-27T17:27:23.095+0000] {processor.py:753} INFO - DAG(s) dict_keys(['load_pageviews']) retrieved from /opt/airflow/dags/load_pageviews.py
[2023-06-27T17:27:23.147+0000] {logging_mixin.py:137} INFO - [2023-06-27T17:27:23.146+0000] {dag.py:2676} INFO - Sync 1 DAGs
[2023-06-27T17:27:23.162+0000] {logging_mixin.py:137} INFO - [2023-06-27T17:27:23.162+0000] {dag.py:3427} INFO - Setting next_dagrun for load_pageviews to 2023-06-27T16:00:00+00:00, run_after=2023-06-27T17:00:00+00:00
[2023-06-27T17:27:23.176+0000] {processor.py:175} INFO - Processing /opt/airflow/dags/load_pageviews.py took 1.351 seconds
[2023-06-27T17:27:54.037+0000] {processor.py:153} INFO - Started process (PID=1888) to work on /opt/airflow/dags/load_pageviews.py
[2023-06-27T17:27:54.038+0000] {processor.py:743} INFO - Processing file /opt/airflow/dags/load_pageviews.py for tasks to queue
[2023-06-27T17:27:54.038+0000] {logging_mixin.py:137} INFO - [2023-06-27T17:27:54.038+0000] {dagbag.py:538} INFO - Filling up the DagBag from /opt/airflow/dags/load_pageviews.py
[2023-06-27T17:28:03.321+0000] {processor.py:753} INFO - DAG(s) dict_keys(['load_pageviews']) retrieved from /opt/airflow/dags/load_pageviews.py
[2023-06-27T17:28:03.387+0000] {logging_mixin.py:137} INFO - [2023-06-27T17:28:03.387+0000] {dag.py:2676} INFO - Sync 1 DAGs
[2023-06-27T17:28:03.408+0000] {logging_mixin.py:137} INFO - [2023-06-27T17:28:03.408+0000] {dag.py:3427} INFO - Setting next_dagrun for load_pageviews to 2023-06-27T16:00:00+00:00, run_after=2023-06-27T17:00:00+00:00
[2023-06-27T17:28:03.427+0000] {processor.py:175} INFO - Processing /opt/airflow/dags/load_pageviews.py took 9.393 seconds
[2023-06-27T17:28:33.697+0000] {processor.py:153} INFO - Started process (PID=1940) to work on /opt/airflow/dags/load_pageviews.py
[2023-06-27T17:28:33.698+0000] {processor.py:743} INFO - Processing file /opt/airflow/dags/load_pageviews.py for tasks to queue
[2023-06-27T17:28:33.698+0000] {logging_mixin.py:137} INFO - [2023-06-27T17:28:33.698+0000] {dagbag.py:538} INFO - Filling up the DagBag from /opt/airflow/dags/load_pageviews.py
[2023-06-27T17:28:36.716+0000] {processor.py:753} INFO - DAG(s) dict_keys(['load_pageviews']) retrieved from /opt/airflow/dags/load_pageviews.py
[2023-06-27T17:28:36.767+0000] {logging_mixin.py:137} INFO - [2023-06-27T17:28:36.767+0000] {dag.py:2676} INFO - Sync 1 DAGs
[2023-06-27T17:28:36.786+0000] {logging_mixin.py:137} INFO - [2023-06-27T17:28:36.786+0000] {dag.py:3427} INFO - Setting next_dagrun for load_pageviews to 2023-06-27T16:00:00+00:00, run_after=2023-06-27T17:00:00+00:00
[2023-06-27T17:28:36.804+0000] {processor.py:175} INFO - Processing /opt/airflow/dags/load_pageviews.py took 3.108 seconds
[2023-06-27T17:29:07.793+0000] {processor.py:153} INFO - Started process (PID=1988) to work on /opt/airflow/dags/load_pageviews.py
[2023-06-27T17:29:07.794+0000] {processor.py:743} INFO - Processing file /opt/airflow/dags/load_pageviews.py for tasks to queue
[2023-06-27T17:29:07.794+0000] {logging_mixin.py:137} INFO - [2023-06-27T17:29:07.794+0000] {dagbag.py:538} INFO - Filling up the DagBag from /opt/airflow/dags/load_pageviews.py
[2023-06-27T17:29:09.701+0000] {processor.py:753} INFO - DAG(s) dict_keys(['load_pageviews']) retrieved from /opt/airflow/dags/load_pageviews.py
[2023-06-27T17:29:09.749+0000] {logging_mixin.py:137} INFO - [2023-06-27T17:29:09.749+0000] {dag.py:2676} INFO - Sync 1 DAGs
[2023-06-27T17:29:09.765+0000] {logging_mixin.py:137} INFO - [2023-06-27T17:29:09.764+0000] {dag.py:3427} INFO - Setting next_dagrun for load_pageviews to 2023-06-27T16:00:00+00:00, run_after=2023-06-27T17:00:00+00:00
[2023-06-27T17:29:09.778+0000] {processor.py:175} INFO - Processing /opt/airflow/dags/load_pageviews.py took 1.987 seconds
[2023-06-27T17:29:40.397+0000] {processor.py:153} INFO - Started process (PID=2040) to work on /opt/airflow/dags/load_pageviews.py
[2023-06-27T17:29:40.399+0000] {processor.py:743} INFO - Processing file /opt/airflow/dags/load_pageviews.py for tasks to queue
[2023-06-27T17:29:40.400+0000] {logging_mixin.py:137} INFO - [2023-06-27T17:29:40.400+0000] {dagbag.py:538} INFO - Filling up the DagBag from /opt/airflow/dags/load_pageviews.py
[2023-06-27T17:29:42.612+0000] {processor.py:753} INFO - DAG(s) dict_keys(['load_pageviews']) retrieved from /opt/airflow/dags/load_pageviews.py
[2023-06-27T17:29:42.661+0000] {logging_mixin.py:137} INFO - [2023-06-27T17:29:42.661+0000] {dag.py:2676} INFO - Sync 1 DAGs
[2023-06-27T17:29:42.678+0000] {logging_mixin.py:137} INFO - [2023-06-27T17:29:42.678+0000] {dag.py:3427} INFO - Setting next_dagrun for load_pageviews to 2023-06-27T16:00:00+00:00, run_after=2023-06-27T17:00:00+00:00
[2023-06-27T17:29:42.693+0000] {processor.py:175} INFO - Processing /opt/airflow/dags/load_pageviews.py took 2.298 seconds
[2023-06-27T17:30:12.744+0000] {processor.py:153} INFO - Started process (PID=2100) to work on /opt/airflow/dags/load_pageviews.py
[2023-06-27T17:30:12.744+0000] {processor.py:743} INFO - Processing file /opt/airflow/dags/load_pageviews.py for tasks to queue
[2023-06-27T17:30:12.744+0000] {logging_mixin.py:137} INFO - [2023-06-27T17:30:12.744+0000] {dagbag.py:538} INFO - Filling up the DagBag from /opt/airflow/dags/load_pageviews.py
[2023-06-27T17:30:13.877+0000] {processor.py:753} INFO - DAG(s) dict_keys(['load_pageviews']) retrieved from /opt/airflow/dags/load_pageviews.py
[2023-06-27T17:30:13.924+0000] {logging_mixin.py:137} INFO - [2023-06-27T17:30:13.923+0000] {dag.py:2676} INFO - Sync 1 DAGs
[2023-06-27T17:30:13.944+0000] {logging_mixin.py:137} INFO - [2023-06-27T17:30:13.944+0000] {dag.py:3427} INFO - Setting next_dagrun for load_pageviews to 2023-06-27T16:00:00+00:00, run_after=2023-06-27T17:00:00+00:00
[2023-06-27T17:30:13.961+0000] {processor.py:175} INFO - Processing /opt/airflow/dags/load_pageviews.py took 1.220 seconds
[2023-06-27T17:30:44.671+0000] {processor.py:153} INFO - Started process (PID=2156) to work on /opt/airflow/dags/load_pageviews.py
[2023-06-27T17:30:44.672+0000] {processor.py:743} INFO - Processing file /opt/airflow/dags/load_pageviews.py for tasks to queue
[2023-06-27T17:30:44.672+0000] {logging_mixin.py:137} INFO - [2023-06-27T17:30:44.672+0000] {dagbag.py:538} INFO - Filling up the DagBag from /opt/airflow/dags/load_pageviews.py
[2023-06-27T17:30:45.820+0000] {processor.py:753} INFO - DAG(s) dict_keys(['load_pageviews']) retrieved from /opt/airflow/dags/load_pageviews.py
[2023-06-27T17:30:45.870+0000] {logging_mixin.py:137} INFO - [2023-06-27T17:30:45.869+0000] {dag.py:2676} INFO - Sync 1 DAGs
[2023-06-27T17:30:45.886+0000] {logging_mixin.py:137} INFO - [2023-06-27T17:30:45.886+0000] {dag.py:3427} INFO - Setting next_dagrun for load_pageviews to 2023-06-27T16:00:00+00:00, run_after=2023-06-27T17:00:00+00:00
[2023-06-27T17:30:45.901+0000] {processor.py:175} INFO - Processing /opt/airflow/dags/load_pageviews.py took 1.233 seconds
[2023-06-27T17:31:16.542+0000] {processor.py:153} INFO - Started process (PID=2211) to work on /opt/airflow/dags/load_pageviews.py
[2023-06-27T17:31:16.543+0000] {processor.py:743} INFO - Processing file /opt/airflow/dags/load_pageviews.py for tasks to queue
[2023-06-27T17:31:16.543+0000] {logging_mixin.py:137} INFO - [2023-06-27T17:31:16.543+0000] {dagbag.py:538} INFO - Filling up the DagBag from /opt/airflow/dags/load_pageviews.py
[2023-06-27T17:31:17.623+0000] {processor.py:753} INFO - DAG(s) dict_keys(['load_pageviews']) retrieved from /opt/airflow/dags/load_pageviews.py
[2023-06-27T17:31:17.675+0000] {logging_mixin.py:137} INFO - [2023-06-27T17:31:17.674+0000] {dag.py:2676} INFO - Sync 1 DAGs
[2023-06-27T17:31:17.691+0000] {logging_mixin.py:137} INFO - [2023-06-27T17:31:17.691+0000] {dag.py:3427} INFO - Setting next_dagrun for load_pageviews to 2023-06-27T17:00:00+00:00, run_after=2023-06-27T18:00:00+00:00
[2023-06-27T17:31:17.705+0000] {processor.py:175} INFO - Processing /opt/airflow/dags/load_pageviews.py took 1.165 seconds
[2023-06-27T17:31:47.748+0000] {processor.py:153} INFO - Started process (PID=2259) to work on /opt/airflow/dags/load_pageviews.py
[2023-06-27T17:31:47.749+0000] {processor.py:743} INFO - Processing file /opt/airflow/dags/load_pageviews.py for tasks to queue
[2023-06-27T17:31:47.749+0000] {logging_mixin.py:137} INFO - [2023-06-27T17:31:47.749+0000] {dagbag.py:538} INFO - Filling up the DagBag from /opt/airflow/dags/load_pageviews.py
[2023-06-27T17:31:49.817+0000] {processor.py:753} INFO - DAG(s) dict_keys(['load_pageviews']) retrieved from /opt/airflow/dags/load_pageviews.py
[2023-06-27T17:31:49.870+0000] {logging_mixin.py:137} INFO - [2023-06-27T17:31:49.870+0000] {dag.py:2676} INFO - Sync 1 DAGs
[2023-06-27T17:31:49.891+0000] {logging_mixin.py:137} INFO - [2023-06-27T17:31:49.891+0000] {dag.py:3427} INFO - Setting next_dagrun for load_pageviews to 2023-06-27T17:00:00+00:00, run_after=2023-06-27T18:00:00+00:00
[2023-06-27T17:31:49.911+0000] {processor.py:175} INFO - Processing /opt/airflow/dags/load_pageviews.py took 2.166 seconds
[2023-06-27T17:32:20.871+0000] {processor.py:153} INFO - Started process (PID=2306) to work on /opt/airflow/dags/load_pageviews.py
[2023-06-27T17:32:20.872+0000] {processor.py:743} INFO - Processing file /opt/airflow/dags/load_pageviews.py for tasks to queue
[2023-06-27T17:32:20.872+0000] {logging_mixin.py:137} INFO - [2023-06-27T17:32:20.872+0000] {dagbag.py:538} INFO - Filling up the DagBag from /opt/airflow/dags/load_pageviews.py
[2023-06-27T17:32:22.014+0000] {processor.py:753} INFO - DAG(s) dict_keys(['load_pageviews']) retrieved from /opt/airflow/dags/load_pageviews.py
[2023-06-27T17:32:22.062+0000] {logging_mixin.py:137} INFO - [2023-06-27T17:32:22.061+0000] {dag.py:2676} INFO - Sync 1 DAGs
[2023-06-27T17:32:22.080+0000] {logging_mixin.py:137} INFO - [2023-06-27T17:32:22.080+0000] {dag.py:3427} INFO - Setting next_dagrun for load_pageviews to 2023-06-27T17:00:00+00:00, run_after=2023-06-27T18:00:00+00:00
[2023-06-27T17:32:22.093+0000] {processor.py:175} INFO - Processing /opt/airflow/dags/load_pageviews.py took 1.225 seconds
[2023-06-27T17:32:52.119+0000] {processor.py:153} INFO - Started process (PID=2353) to work on /opt/airflow/dags/load_pageviews.py
[2023-06-27T17:32:52.120+0000] {processor.py:743} INFO - Processing file /opt/airflow/dags/load_pageviews.py for tasks to queue
[2023-06-27T17:32:52.120+0000] {logging_mixin.py:137} INFO - [2023-06-27T17:32:52.120+0000] {dagbag.py:538} INFO - Filling up the DagBag from /opt/airflow/dags/load_pageviews.py
[2023-06-27T17:32:53.218+0000] {processor.py:753} INFO - DAG(s) dict_keys(['load_pageviews']) retrieved from /opt/airflow/dags/load_pageviews.py
[2023-06-27T17:32:53.271+0000] {logging_mixin.py:137} INFO - [2023-06-27T17:32:53.271+0000] {dag.py:2676} INFO - Sync 1 DAGs
[2023-06-27T17:32:53.288+0000] {logging_mixin.py:137} INFO - [2023-06-27T17:32:53.288+0000] {dag.py:3427} INFO - Setting next_dagrun for load_pageviews to 2023-06-27T17:00:00+00:00, run_after=2023-06-27T18:00:00+00:00
[2023-06-27T17:32:53.302+0000] {processor.py:175} INFO - Processing /opt/airflow/dags/load_pageviews.py took 1.185 seconds
[2023-06-27T17:33:24.298+0000] {processor.py:153} INFO - Started process (PID=2415) to work on /opt/airflow/dags/load_pageviews.py
[2023-06-27T17:33:24.299+0000] {processor.py:743} INFO - Processing file /opt/airflow/dags/load_pageviews.py for tasks to queue
[2023-06-27T17:33:24.299+0000] {logging_mixin.py:137} INFO - [2023-06-27T17:33:24.299+0000] {dagbag.py:538} INFO - Filling up the DagBag from /opt/airflow/dags/load_pageviews.py
[2023-06-27T17:33:26.167+0000] {processor.py:753} INFO - DAG(s) dict_keys(['load_pageviews']) retrieved from /opt/airflow/dags/load_pageviews.py
[2023-06-27T17:33:26.212+0000] {logging_mixin.py:137} INFO - [2023-06-27T17:33:26.211+0000] {dag.py:2676} INFO - Sync 1 DAGs
[2023-06-27T17:33:26.228+0000] {logging_mixin.py:137} INFO - [2023-06-27T17:33:26.227+0000] {dag.py:3427} INFO - Setting next_dagrun for load_pageviews to 2023-06-27T17:00:00+00:00, run_after=2023-06-27T18:00:00+00:00
[2023-06-27T17:33:26.242+0000] {processor.py:175} INFO - Processing /opt/airflow/dags/load_pageviews.py took 1.946 seconds
[2023-06-27T17:33:56.458+0000] {processor.py:153} INFO - Started process (PID=2462) to work on /opt/airflow/dags/load_pageviews.py
[2023-06-27T17:33:56.460+0000] {processor.py:743} INFO - Processing file /opt/airflow/dags/load_pageviews.py for tasks to queue
[2023-06-27T17:33:56.460+0000] {logging_mixin.py:137} INFO - [2023-06-27T17:33:56.460+0000] {dagbag.py:538} INFO - Filling up the DagBag from /opt/airflow/dags/load_pageviews.py
[2023-06-27T17:33:57.854+0000] {processor.py:753} INFO - DAG(s) dict_keys(['load_pageviews']) retrieved from /opt/airflow/dags/load_pageviews.py
[2023-06-27T17:33:57.899+0000] {logging_mixin.py:137} INFO - [2023-06-27T17:33:57.899+0000] {dag.py:2676} INFO - Sync 1 DAGs
[2023-06-27T17:33:57.915+0000] {logging_mixin.py:137} INFO - [2023-06-27T17:33:57.915+0000] {dag.py:3427} INFO - Setting next_dagrun for load_pageviews to 2023-06-27T17:00:00+00:00, run_after=2023-06-27T18:00:00+00:00
[2023-06-27T17:33:57.928+0000] {processor.py:175} INFO - Processing /opt/airflow/dags/load_pageviews.py took 1.472 seconds
[2023-06-27T17:34:28.043+0000] {processor.py:153} INFO - Started process (PID=2514) to work on /opt/airflow/dags/load_pageviews.py
[2023-06-27T17:34:28.043+0000] {processor.py:743} INFO - Processing file /opt/airflow/dags/load_pageviews.py for tasks to queue
[2023-06-27T17:34:28.044+0000] {logging_mixin.py:137} INFO - [2023-06-27T17:34:28.044+0000] {dagbag.py:538} INFO - Filling up the DagBag from /opt/airflow/dags/load_pageviews.py
[2023-06-27T17:34:32.784+0000] {processor.py:753} INFO - DAG(s) dict_keys(['load_pageviews']) retrieved from /opt/airflow/dags/load_pageviews.py
[2023-06-27T17:34:32.837+0000] {logging_mixin.py:137} INFO - [2023-06-27T17:34:32.836+0000] {dag.py:2676} INFO - Sync 1 DAGs
[2023-06-27T17:34:32.856+0000] {logging_mixin.py:137} INFO - [2023-06-27T17:34:32.856+0000] {dag.py:3427} INFO - Setting next_dagrun for load_pageviews to 2023-06-27T17:00:00+00:00, run_after=2023-06-27T18:00:00+00:00
[2023-06-27T17:34:32.872+0000] {processor.py:175} INFO - Processing /opt/airflow/dags/load_pageviews.py took 4.832 seconds
[2023-06-27T17:35:03.308+0000] {processor.py:153} INFO - Started process (PID=2585) to work on /opt/airflow/dags/load_pageviews.py
[2023-06-27T17:35:03.309+0000] {processor.py:743} INFO - Processing file /opt/airflow/dags/load_pageviews.py for tasks to queue
[2023-06-27T17:35:03.309+0000] {logging_mixin.py:137} INFO - [2023-06-27T17:35:03.309+0000] {dagbag.py:538} INFO - Filling up the DagBag from /opt/airflow/dags/load_pageviews.py
[2023-06-27T17:35:04.834+0000] {processor.py:753} INFO - DAG(s) dict_keys(['load_pageviews']) retrieved from /opt/airflow/dags/load_pageviews.py
[2023-06-27T17:35:04.882+0000] {logging_mixin.py:137} INFO - [2023-06-27T17:35:04.881+0000] {dag.py:2676} INFO - Sync 1 DAGs
[2023-06-27T17:35:04.898+0000] {logging_mixin.py:137} INFO - [2023-06-27T17:35:04.897+0000] {dag.py:3427} INFO - Setting next_dagrun for load_pageviews to 2023-06-27T17:00:00+00:00, run_after=2023-06-27T18:00:00+00:00
[2023-06-27T17:35:04.910+0000] {processor.py:175} INFO - Processing /opt/airflow/dags/load_pageviews.py took 1.604 seconds
[2023-06-27T17:35:35.468+0000] {processor.py:153} INFO - Started process (PID=2632) to work on /opt/airflow/dags/load_pageviews.py
[2023-06-27T17:35:35.469+0000] {processor.py:743} INFO - Processing file /opt/airflow/dags/load_pageviews.py for tasks to queue
[2023-06-27T17:35:35.470+0000] {logging_mixin.py:137} INFO - [2023-06-27T17:35:35.469+0000] {dagbag.py:538} INFO - Filling up the DagBag from /opt/airflow/dags/load_pageviews.py
[2023-06-27T17:35:37.114+0000] {processor.py:753} INFO - DAG(s) dict_keys(['load_pageviews']) retrieved from /opt/airflow/dags/load_pageviews.py
[2023-06-27T17:35:37.171+0000] {logging_mixin.py:137} INFO - [2023-06-27T17:35:37.170+0000] {dag.py:2676} INFO - Sync 1 DAGs
[2023-06-27T17:35:37.189+0000] {logging_mixin.py:137} INFO - [2023-06-27T17:35:37.189+0000] {dag.py:3427} INFO - Setting next_dagrun for load_pageviews to 2023-06-27T17:00:00+00:00, run_after=2023-06-27T18:00:00+00:00
[2023-06-27T17:35:37.206+0000] {processor.py:175} INFO - Processing /opt/airflow/dags/load_pageviews.py took 1.742 seconds
[2023-06-27T17:36:07.647+0000] {processor.py:153} INFO - Started process (PID=2695) to work on /opt/airflow/dags/load_pageviews.py
[2023-06-27T17:36:07.648+0000] {processor.py:743} INFO - Processing file /opt/airflow/dags/load_pageviews.py for tasks to queue
[2023-06-27T17:36:07.649+0000] {logging_mixin.py:137} INFO - [2023-06-27T17:36:07.649+0000] {dagbag.py:538} INFO - Filling up the DagBag from /opt/airflow/dags/load_pageviews.py
[2023-06-27T17:36:08.776+0000] {processor.py:753} INFO - DAG(s) dict_keys(['load_pageviews']) retrieved from /opt/airflow/dags/load_pageviews.py
[2023-06-27T17:36:08.827+0000] {logging_mixin.py:137} INFO - [2023-06-27T17:36:08.826+0000] {dag.py:2676} INFO - Sync 1 DAGs
[2023-06-27T17:36:08.846+0000] {logging_mixin.py:137} INFO - [2023-06-27T17:36:08.846+0000] {dag.py:3427} INFO - Setting next_dagrun for load_pageviews to 2023-06-27T17:00:00+00:00, run_after=2023-06-27T18:00:00+00:00
[2023-06-27T17:36:08.864+0000] {processor.py:175} INFO - Processing /opt/airflow/dags/load_pageviews.py took 1.220 seconds
[2023-06-27T17:36:39.836+0000] {processor.py:153} INFO - Started process (PID=2742) to work on /opt/airflow/dags/load_pageviews.py
[2023-06-27T17:36:39.837+0000] {processor.py:743} INFO - Processing file /opt/airflow/dags/load_pageviews.py for tasks to queue
[2023-06-27T17:36:39.837+0000] {logging_mixin.py:137} INFO - [2023-06-27T17:36:39.837+0000] {dagbag.py:538} INFO - Filling up the DagBag from /opt/airflow/dags/load_pageviews.py
[2023-06-27T17:36:44.107+0000] {processor.py:753} INFO - DAG(s) dict_keys(['load_pageviews']) retrieved from /opt/airflow/dags/load_pageviews.py
[2023-06-27T17:36:44.158+0000] {logging_mixin.py:137} INFO - [2023-06-27T17:36:44.157+0000] {dag.py:2676} INFO - Sync 1 DAGs
[2023-06-27T17:36:44.175+0000] {logging_mixin.py:137} INFO - [2023-06-27T17:36:44.175+0000] {dag.py:3427} INFO - Setting next_dagrun for load_pageviews to 2023-06-27T17:00:00+00:00, run_after=2023-06-27T18:00:00+00:00
[2023-06-27T17:36:44.191+0000] {processor.py:175} INFO - Processing /opt/airflow/dags/load_pageviews.py took 4.357 seconds
[2023-06-27T17:37:14.436+0000] {processor.py:153} INFO - Started process (PID=2810) to work on /opt/airflow/dags/load_pageviews.py
[2023-06-27T17:37:14.437+0000] {processor.py:743} INFO - Processing file /opt/airflow/dags/load_pageviews.py for tasks to queue
[2023-06-27T17:37:14.437+0000] {logging_mixin.py:137} INFO - [2023-06-27T17:37:14.437+0000] {dagbag.py:538} INFO - Filling up the DagBag from /opt/airflow/dags/load_pageviews.py
[2023-06-27T17:37:16.327+0000] {processor.py:753} INFO - DAG(s) dict_keys(['load_pageviews']) retrieved from /opt/airflow/dags/load_pageviews.py
[2023-06-27T17:37:16.380+0000] {logging_mixin.py:137} INFO - [2023-06-27T17:37:16.379+0000] {dag.py:2676} INFO - Sync 1 DAGs
[2023-06-27T17:37:16.401+0000] {logging_mixin.py:137} INFO - [2023-06-27T17:37:16.401+0000] {dag.py:3427} INFO - Setting next_dagrun for load_pageviews to 2023-06-27T17:00:00+00:00, run_after=2023-06-27T18:00:00+00:00
[2023-06-27T17:37:16.417+0000] {processor.py:175} INFO - Processing /opt/airflow/dags/load_pageviews.py took 1.983 seconds
[2023-06-27T17:37:46.453+0000] {processor.py:153} INFO - Started process (PID=2882) to work on /opt/airflow/dags/load_pageviews.py
[2023-06-27T17:37:46.455+0000] {processor.py:743} INFO - Processing file /opt/airflow/dags/load_pageviews.py for tasks to queue
[2023-06-27T17:37:46.455+0000] {logging_mixin.py:137} INFO - [2023-06-27T17:37:46.455+0000] {dagbag.py:538} INFO - Filling up the DagBag from /opt/airflow/dags/load_pageviews.py
[2023-06-27T17:37:47.538+0000] {processor.py:753} INFO - DAG(s) dict_keys(['load_pageviews']) retrieved from /opt/airflow/dags/load_pageviews.py
[2023-06-27T17:37:47.588+0000] {logging_mixin.py:137} INFO - [2023-06-27T17:37:47.588+0000] {dag.py:2676} INFO - Sync 1 DAGs
[2023-06-27T17:37:47.611+0000] {logging_mixin.py:137} INFO - [2023-06-27T17:37:47.611+0000] {dag.py:3427} INFO - Setting next_dagrun for load_pageviews to 2023-06-27T17:00:00+00:00, run_after=2023-06-27T18:00:00+00:00
[2023-06-27T17:37:47.626+0000] {processor.py:175} INFO - Processing /opt/airflow/dags/load_pageviews.py took 1.176 seconds
[2023-06-27T17:38:17.682+0000] {processor.py:153} INFO - Started process (PID=2930) to work on /opt/airflow/dags/load_pageviews.py
[2023-06-27T17:38:17.682+0000] {processor.py:743} INFO - Processing file /opt/airflow/dags/load_pageviews.py for tasks to queue
[2023-06-27T17:38:17.683+0000] {logging_mixin.py:137} INFO - [2023-06-27T17:38:17.683+0000] {dagbag.py:538} INFO - Filling up the DagBag from /opt/airflow/dags/load_pageviews.py
[2023-06-27T17:38:19.313+0000] {processor.py:753} INFO - DAG(s) dict_keys(['load_pageviews']) retrieved from /opt/airflow/dags/load_pageviews.py
[2023-06-27T17:38:19.358+0000] {logging_mixin.py:137} INFO - [2023-06-27T17:38:19.357+0000] {dag.py:2676} INFO - Sync 1 DAGs
[2023-06-27T17:38:19.373+0000] {logging_mixin.py:137} INFO - [2023-06-27T17:38:19.373+0000] {dag.py:3427} INFO - Setting next_dagrun for load_pageviews to 2023-06-27T17:00:00+00:00, run_after=2023-06-27T18:00:00+00:00
[2023-06-27T17:38:19.386+0000] {processor.py:175} INFO - Processing /opt/airflow/dags/load_pageviews.py took 1.707 seconds
[2023-06-27T17:38:49.707+0000] {processor.py:153} INFO - Started process (PID=3010) to work on /opt/airflow/dags/load_pageviews.py
[2023-06-27T17:38:49.708+0000] {processor.py:743} INFO - Processing file /opt/airflow/dags/load_pageviews.py for tasks to queue
[2023-06-27T17:38:49.708+0000] {logging_mixin.py:137} INFO - [2023-06-27T17:38:49.708+0000] {dagbag.py:538} INFO - Filling up the DagBag from /opt/airflow/dags/load_pageviews.py
[2023-06-27T17:38:50.809+0000] {processor.py:753} INFO - DAG(s) dict_keys(['load_pageviews']) retrieved from /opt/airflow/dags/load_pageviews.py
[2023-06-27T17:38:50.864+0000] {logging_mixin.py:137} INFO - [2023-06-27T17:38:50.864+0000] {dag.py:2676} INFO - Sync 1 DAGs
[2023-06-27T17:38:50.884+0000] {logging_mixin.py:137} INFO - [2023-06-27T17:38:50.884+0000] {dag.py:3427} INFO - Setting next_dagrun for load_pageviews to 2023-06-27T17:00:00+00:00, run_after=2023-06-27T18:00:00+00:00
[2023-06-27T17:38:50.899+0000] {processor.py:175} INFO - Processing /opt/airflow/dags/load_pageviews.py took 1.196 seconds
[2023-06-27T17:39:06.366+0000] {processor.py:153} INFO - Started process (PID=3032) to work on /opt/airflow/dags/load_pageviews.py
[2023-06-27T17:39:06.367+0000] {processor.py:743} INFO - Processing file /opt/airflow/dags/load_pageviews.py for tasks to queue
[2023-06-27T17:39:06.367+0000] {logging_mixin.py:137} INFO - [2023-06-27T17:39:06.367+0000] {dagbag.py:538} INFO - Filling up the DagBag from /opt/airflow/dags/load_pageviews.py
[2023-06-27T17:39:13.128+0000] {processor.py:753} INFO - DAG(s) dict_keys(['load_pageviews']) retrieved from /opt/airflow/dags/load_pageviews.py
[2023-06-27T17:39:13.141+0000] {logging_mixin.py:137} INFO - [2023-06-27T17:39:13.141+0000] {dag.py:2676} INFO - Sync 1 DAGs
[2023-06-27T17:39:13.158+0000] {logging_mixin.py:137} INFO - [2023-06-27T17:39:13.158+0000] {dag.py:3427} INFO - Setting next_dagrun for load_pageviews to 2023-06-27T17:00:00+00:00, run_after=2023-06-27T18:00:00+00:00
[2023-06-27T17:39:13.171+0000] {processor.py:175} INFO - Processing /opt/airflow/dags/load_pageviews.py took 6.809 seconds
[2023-06-27T17:39:43.255+0000] {processor.py:153} INFO - Started process (PID=3095) to work on /opt/airflow/dags/load_pageviews.py
[2023-06-27T17:39:43.256+0000] {processor.py:743} INFO - Processing file /opt/airflow/dags/load_pageviews.py for tasks to queue
[2023-06-27T17:39:43.257+0000] {logging_mixin.py:137} INFO - [2023-06-27T17:39:43.257+0000] {dagbag.py:538} INFO - Filling up the DagBag from /opt/airflow/dags/load_pageviews.py
[2023-06-27T17:39:44.518+0000] {processor.py:753} INFO - DAG(s) dict_keys(['load_pageviews']) retrieved from /opt/airflow/dags/load_pageviews.py
[2023-06-27T17:39:44.564+0000] {logging_mixin.py:137} INFO - [2023-06-27T17:39:44.563+0000] {dag.py:2676} INFO - Sync 1 DAGs
[2023-06-27T17:39:44.580+0000] {logging_mixin.py:137} INFO - [2023-06-27T17:39:44.580+0000] {dag.py:3427} INFO - Setting next_dagrun for load_pageviews to 2023-06-27T17:00:00+00:00, run_after=2023-06-27T18:00:00+00:00
[2023-06-27T17:39:44.592+0000] {processor.py:175} INFO - Processing /opt/airflow/dags/load_pageviews.py took 1.340 seconds
[2023-06-27T17:40:14.707+0000] {processor.py:153} INFO - Started process (PID=3157) to work on /opt/airflow/dags/load_pageviews.py
[2023-06-27T17:40:14.708+0000] {processor.py:743} INFO - Processing file /opt/airflow/dags/load_pageviews.py for tasks to queue
[2023-06-27T17:40:14.709+0000] {logging_mixin.py:137} INFO - [2023-06-27T17:40:14.709+0000] {dagbag.py:538} INFO - Filling up the DagBag from /opt/airflow/dags/load_pageviews.py
[2023-06-27T17:40:16.251+0000] {processor.py:753} INFO - DAG(s) dict_keys(['load_pageviews']) retrieved from /opt/airflow/dags/load_pageviews.py
[2023-06-27T17:40:16.301+0000] {logging_mixin.py:137} INFO - [2023-06-27T17:40:16.300+0000] {dag.py:2676} INFO - Sync 1 DAGs
[2023-06-27T17:40:16.321+0000] {logging_mixin.py:137} INFO - [2023-06-27T17:40:16.320+0000] {dag.py:3427} INFO - Setting next_dagrun for load_pageviews to 2023-06-27T17:00:00+00:00, run_after=2023-06-27T18:00:00+00:00
[2023-06-27T17:40:16.334+0000] {processor.py:175} INFO - Processing /opt/airflow/dags/load_pageviews.py took 1.630 seconds
[2023-06-27T17:40:46.370+0000] {processor.py:153} INFO - Started process (PID=3210) to work on /opt/airflow/dags/load_pageviews.py
[2023-06-27T17:40:46.370+0000] {processor.py:743} INFO - Processing file /opt/airflow/dags/load_pageviews.py for tasks to queue
[2023-06-27T17:40:46.371+0000] {logging_mixin.py:137} INFO - [2023-06-27T17:40:46.371+0000] {dagbag.py:538} INFO - Filling up the DagBag from /opt/airflow/dags/load_pageviews.py
[2023-06-27T17:40:47.622+0000] {processor.py:753} INFO - DAG(s) dict_keys(['load_pageviews']) retrieved from /opt/airflow/dags/load_pageviews.py
[2023-06-27T17:40:47.668+0000] {logging_mixin.py:137} INFO - [2023-06-27T17:40:47.667+0000] {dag.py:2676} INFO - Sync 1 DAGs
[2023-06-27T17:40:47.683+0000] {logging_mixin.py:137} INFO - [2023-06-27T17:40:47.683+0000] {dag.py:3427} INFO - Setting next_dagrun for load_pageviews to 2023-06-27T17:00:00+00:00, run_after=2023-06-27T18:00:00+00:00
[2023-06-27T17:40:47.696+0000] {processor.py:175} INFO - Processing /opt/airflow/dags/load_pageviews.py took 1.329 seconds
[2023-06-27T17:41:15.697+0000] {processor.py:153} INFO - Started process (PID=3256) to work on /opt/airflow/dags/load_pageviews.py
[2023-06-27T17:41:15.698+0000] {processor.py:743} INFO - Processing file /opt/airflow/dags/load_pageviews.py for tasks to queue
[2023-06-27T17:41:15.698+0000] {logging_mixin.py:137} INFO - [2023-06-27T17:41:15.698+0000] {dagbag.py:538} INFO - Filling up the DagBag from /opt/airflow/dags/load_pageviews.py
[2023-06-27T17:41:16.866+0000] {processor.py:753} INFO - DAG(s) dict_keys(['load_pageviews']) retrieved from /opt/airflow/dags/load_pageviews.py
[2023-06-27T17:41:16.883+0000] {logging_mixin.py:137} INFO - [2023-06-27T17:41:16.882+0000] {dag.py:2676} INFO - Sync 1 DAGs
[2023-06-27T17:41:16.904+0000] {logging_mixin.py:137} INFO - [2023-06-27T17:41:16.904+0000] {dag.py:3427} INFO - Setting next_dagrun for load_pageviews to 2023-06-27T17:00:00+00:00, run_after=2023-06-27T18:00:00+00:00
[2023-06-27T17:41:16.919+0000] {processor.py:175} INFO - Processing /opt/airflow/dags/load_pageviews.py took 1.226 seconds
[2023-06-27T17:41:47.013+0000] {processor.py:153} INFO - Started process (PID=3305) to work on /opt/airflow/dags/load_pageviews.py
[2023-06-27T17:41:47.014+0000] {processor.py:743} INFO - Processing file /opt/airflow/dags/load_pageviews.py for tasks to queue
[2023-06-27T17:41:47.014+0000] {logging_mixin.py:137} INFO - [2023-06-27T17:41:47.014+0000] {dagbag.py:538} INFO - Filling up the DagBag from /opt/airflow/dags/load_pageviews.py
[2023-06-27T17:41:48.376+0000] {processor.py:753} INFO - DAG(s) dict_keys(['load_pageviews']) retrieved from /opt/airflow/dags/load_pageviews.py
[2023-06-27T17:41:48.440+0000] {logging_mixin.py:137} INFO - [2023-06-27T17:41:48.440+0000] {dag.py:2676} INFO - Sync 1 DAGs
[2023-06-27T17:41:48.461+0000] {logging_mixin.py:137} INFO - [2023-06-27T17:41:48.461+0000] {dag.py:3427} INFO - Setting next_dagrun for load_pageviews to 2023-06-27T17:00:00+00:00, run_after=2023-06-27T18:00:00+00:00
[2023-06-27T17:41:48.478+0000] {processor.py:175} INFO - Processing /opt/airflow/dags/load_pageviews.py took 1.468 seconds
[2023-06-27T17:41:55.618+0000] {processor.py:153} INFO - Started process (PID=3342) to work on /opt/airflow/dags/load_pageviews.py
[2023-06-27T17:41:55.618+0000] {processor.py:743} INFO - Processing file /opt/airflow/dags/load_pageviews.py for tasks to queue
[2023-06-27T17:41:55.619+0000] {logging_mixin.py:137} INFO - [2023-06-27T17:41:55.618+0000] {dagbag.py:538} INFO - Filling up the DagBag from /opt/airflow/dags/load_pageviews.py
[2023-06-27T17:41:56.899+0000] {processor.py:753} INFO - DAG(s) dict_keys(['load_pageviews']) retrieved from /opt/airflow/dags/load_pageviews.py
[2023-06-27T17:41:56.916+0000] {logging_mixin.py:137} INFO - [2023-06-27T17:41:56.916+0000] {dag.py:2676} INFO - Sync 1 DAGs
[2023-06-27T17:41:56.935+0000] {logging_mixin.py:137} INFO - [2023-06-27T17:41:56.935+0000] {dag.py:3427} INFO - Setting next_dagrun for load_pageviews to 2023-06-27T17:00:00+00:00, run_after=2023-06-27T18:00:00+00:00
[2023-06-27T17:41:56.949+0000] {processor.py:175} INFO - Processing /opt/airflow/dags/load_pageviews.py took 1.333 seconds
[2023-06-27T17:42:27.751+0000] {processor.py:153} INFO - Started process (PID=3405) to work on /opt/airflow/dags/load_pageviews.py
[2023-06-27T17:42:27.752+0000] {processor.py:743} INFO - Processing file /opt/airflow/dags/load_pageviews.py for tasks to queue
[2023-06-27T17:42:27.752+0000] {logging_mixin.py:137} INFO - [2023-06-27T17:42:27.752+0000] {dagbag.py:538} INFO - Filling up the DagBag from /opt/airflow/dags/load_pageviews.py
[2023-06-27T17:42:28.844+0000] {processor.py:753} INFO - DAG(s) dict_keys(['load_pageviews']) retrieved from /opt/airflow/dags/load_pageviews.py
[2023-06-27T17:42:28.896+0000] {logging_mixin.py:137} INFO - [2023-06-27T17:42:28.896+0000] {dag.py:2676} INFO - Sync 1 DAGs
[2023-06-27T17:42:28.913+0000] {logging_mixin.py:137} INFO - [2023-06-27T17:42:28.913+0000] {dag.py:3427} INFO - Setting next_dagrun for load_pageviews to 2023-06-27T17:00:00+00:00, run_after=2023-06-27T18:00:00+00:00
[2023-06-27T17:42:28.928+0000] {processor.py:175} INFO - Processing /opt/airflow/dags/load_pageviews.py took 1.179 seconds
[2023-06-27T17:42:58.948+0000] {processor.py:153} INFO - Started process (PID=3467) to work on /opt/airflow/dags/load_pageviews.py
[2023-06-27T17:42:58.949+0000] {processor.py:743} INFO - Processing file /opt/airflow/dags/load_pageviews.py for tasks to queue
[2023-06-27T17:42:58.949+0000] {logging_mixin.py:137} INFO - [2023-06-27T17:42:58.949+0000] {dagbag.py:538} INFO - Filling up the DagBag from /opt/airflow/dags/load_pageviews.py
[2023-06-27T17:43:05.011+0000] {processor.py:753} INFO - DAG(s) dict_keys(['load_pageviews']) retrieved from /opt/airflow/dags/load_pageviews.py
[2023-06-27T17:43:05.064+0000] {logging_mixin.py:137} INFO - [2023-06-27T17:43:05.064+0000] {dag.py:2676} INFO - Sync 1 DAGs
[2023-06-27T17:43:05.083+0000] {logging_mixin.py:137} INFO - [2023-06-27T17:43:05.083+0000] {dag.py:3427} INFO - Setting next_dagrun for load_pageviews to 2023-06-27T17:00:00+00:00, run_after=2023-06-27T18:00:00+00:00
[2023-06-27T17:43:05.100+0000] {processor.py:175} INFO - Processing /opt/airflow/dags/load_pageviews.py took 6.154 seconds
[2023-06-27T17:43:35.383+0000] {processor.py:153} INFO - Started process (PID=3520) to work on /opt/airflow/dags/load_pageviews.py
[2023-06-27T17:43:35.384+0000] {processor.py:743} INFO - Processing file /opt/airflow/dags/load_pageviews.py for tasks to queue
[2023-06-27T17:43:35.385+0000] {logging_mixin.py:137} INFO - [2023-06-27T17:43:35.384+0000] {dagbag.py:538} INFO - Filling up the DagBag from /opt/airflow/dags/load_pageviews.py
[2023-06-27T17:43:36.491+0000] {processor.py:753} INFO - DAG(s) dict_keys(['load_pageviews']) retrieved from /opt/airflow/dags/load_pageviews.py
[2023-06-27T17:43:36.536+0000] {logging_mixin.py:137} INFO - [2023-06-27T17:43:36.536+0000] {dag.py:2676} INFO - Sync 1 DAGs
[2023-06-27T17:43:36.553+0000] {logging_mixin.py:137} INFO - [2023-06-27T17:43:36.553+0000] {dag.py:3427} INFO - Setting next_dagrun for load_pageviews to 2023-06-27T17:00:00+00:00, run_after=2023-06-27T18:00:00+00:00
[2023-06-27T17:43:36.566+0000] {processor.py:175} INFO - Processing /opt/airflow/dags/load_pageviews.py took 1.185 seconds
[2023-06-27T17:44:07.506+0000] {processor.py:153} INFO - Started process (PID=3568) to work on /opt/airflow/dags/load_pageviews.py
[2023-06-27T17:44:07.506+0000] {processor.py:743} INFO - Processing file /opt/airflow/dags/load_pageviews.py for tasks to queue
[2023-06-27T17:44:07.507+0000] {logging_mixin.py:137} INFO - [2023-06-27T17:44:07.507+0000] {dagbag.py:538} INFO - Filling up the DagBag from /opt/airflow/dags/load_pageviews.py
[2023-06-27T17:44:09.647+0000] {processor.py:753} INFO - DAG(s) dict_keys(['load_pageviews']) retrieved from /opt/airflow/dags/load_pageviews.py
[2023-06-27T17:44:09.702+0000] {logging_mixin.py:137} INFO - [2023-06-27T17:44:09.702+0000] {dag.py:2676} INFO - Sync 1 DAGs
[2023-06-27T17:44:09.722+0000] {logging_mixin.py:137} INFO - [2023-06-27T17:44:09.722+0000] {dag.py:3427} INFO - Setting next_dagrun for load_pageviews to 2023-06-27T17:00:00+00:00, run_after=2023-06-27T18:00:00+00:00
[2023-06-27T17:44:09.737+0000] {processor.py:175} INFO - Processing /opt/airflow/dags/load_pageviews.py took 2.233 seconds
[2023-06-27T17:44:18.091+0000] {processor.py:153} INFO - Started process (PID=3575) to work on /opt/airflow/dags/load_pageviews.py
[2023-06-27T17:44:18.092+0000] {processor.py:743} INFO - Processing file /opt/airflow/dags/load_pageviews.py for tasks to queue
[2023-06-27T17:44:18.092+0000] {logging_mixin.py:137} INFO - [2023-06-27T17:44:18.092+0000] {dagbag.py:538} INFO - Filling up the DagBag from /opt/airflow/dags/load_pageviews.py
[2023-06-27T17:44:18.114+0000] {logging_mixin.py:137} INFO - [2023-06-27T17:44:18.113+0000] {dagbag.py:343} ERROR - Failed to import: /opt/airflow/dags/load_pageviews.py
Traceback (most recent call last):
  File "/home/airflow/.local/lib/python3.7/site-packages/airflow/models/dagbag.py", line 339, in parse
    loader.exec_module(new_module)
  File "<frozen importlib._bootstrap_external>", line 728, in exec_module
  File "<frozen importlib._bootstrap>", line 219, in _call_with_frames_removed
  File "/opt/airflow/dags/load_pageviews.py", line 29, in <module>
    from helper.helper import load_current_rates, is_new_data_is_available, generate_unzip_command, _load_data, _fetch_pageviews, generate_curl_command
ModuleNotFoundError: No module named 'helper'
[2023-06-27T17:44:18.114+0000] {processor.py:755} WARNING - No viable dags retrieved from /opt/airflow/dags/load_pageviews.py
[2023-06-27T17:44:18.131+0000] {processor.py:175} INFO - Processing /opt/airflow/dags/load_pageviews.py took 0.042 seconds
[2023-06-27T17:44:48.224+0000] {processor.py:153} INFO - Started process (PID=3664) to work on /opt/airflow/dags/load_pageviews.py
[2023-06-27T17:44:48.225+0000] {processor.py:743} INFO - Processing file /opt/airflow/dags/load_pageviews.py for tasks to queue
[2023-06-27T17:44:48.226+0000] {logging_mixin.py:137} INFO - [2023-06-27T17:44:48.225+0000] {dagbag.py:538} INFO - Filling up the DagBag from /opt/airflow/dags/load_pageviews.py
[2023-06-27T17:44:48.246+0000] {logging_mixin.py:137} INFO - [2023-06-27T17:44:48.246+0000] {dagbag.py:343} ERROR - Failed to import: /opt/airflow/dags/load_pageviews.py
Traceback (most recent call last):
  File "/home/airflow/.local/lib/python3.7/site-packages/airflow/models/dagbag.py", line 339, in parse
    loader.exec_module(new_module)
  File "<frozen importlib._bootstrap_external>", line 728, in exec_module
  File "<frozen importlib._bootstrap>", line 219, in _call_with_frames_removed
  File "/opt/airflow/dags/load_pageviews.py", line 29, in <module>
    from helper.helper import load_current_rates, is_new_data_is_available, generate_unzip_command, _load_data, _fetch_pageviews, generate_curl_command
ModuleNotFoundError: No module named 'helper'
[2023-06-27T17:44:48.247+0000] {processor.py:755} WARNING - No viable dags retrieved from /opt/airflow/dags/load_pageviews.py
[2023-06-27T17:44:48.265+0000] {processor.py:175} INFO - Processing /opt/airflow/dags/load_pageviews.py took 0.044 seconds
[2023-06-27T17:45:18.411+0000] {processor.py:153} INFO - Started process (PID=3711) to work on /opt/airflow/dags/load_pageviews.py
[2023-06-27T17:45:18.412+0000] {processor.py:743} INFO - Processing file /opt/airflow/dags/load_pageviews.py for tasks to queue
[2023-06-27T17:45:18.413+0000] {logging_mixin.py:137} INFO - [2023-06-27T17:45:18.412+0000] {dagbag.py:538} INFO - Filling up the DagBag from /opt/airflow/dags/load_pageviews.py
[2023-06-27T17:45:18.433+0000] {logging_mixin.py:137} INFO - [2023-06-27T17:45:18.433+0000] {dagbag.py:343} ERROR - Failed to import: /opt/airflow/dags/load_pageviews.py
Traceback (most recent call last):
  File "/home/airflow/.local/lib/python3.7/site-packages/airflow/models/dagbag.py", line 339, in parse
    loader.exec_module(new_module)
  File "<frozen importlib._bootstrap_external>", line 728, in exec_module
  File "<frozen importlib._bootstrap>", line 219, in _call_with_frames_removed
  File "/opt/airflow/dags/load_pageviews.py", line 29, in <module>
    from helper.helper import load_current_rates, is_new_data_is_available, generate_unzip_command, _load_data, _fetch_pageviews, generate_curl_command
ModuleNotFoundError: No module named 'helper'
[2023-06-27T17:45:18.434+0000] {processor.py:755} WARNING - No viable dags retrieved from /opt/airflow/dags/load_pageviews.py
[2023-06-27T17:45:18.452+0000] {processor.py:175} INFO - Processing /opt/airflow/dags/load_pageviews.py took 0.043 seconds
[2023-06-27T17:45:36.393+0000] {processor.py:153} INFO - Started process (PID=3752) to work on /opt/airflow/dags/load_pageviews.py
[2023-06-27T17:45:36.394+0000] {processor.py:743} INFO - Processing file /opt/airflow/dags/load_pageviews.py for tasks to queue
[2023-06-27T17:45:36.394+0000] {logging_mixin.py:137} INFO - [2023-06-27T17:45:36.394+0000] {dagbag.py:538} INFO - Filling up the DagBag from /opt/airflow/dags/load_pageviews.py
[2023-06-27T17:45:36.411+0000] {logging_mixin.py:137} INFO - [2023-06-27T17:45:36.411+0000] {dagbag.py:343} ERROR - Failed to import: /opt/airflow/dags/load_pageviews.py
Traceback (most recent call last):
  File "/home/airflow/.local/lib/python3.7/site-packages/airflow/models/dagbag.py", line 339, in parse
    loader.exec_module(new_module)
  File "<frozen importlib._bootstrap_external>", line 728, in exec_module
  File "<frozen importlib._bootstrap>", line 219, in _call_with_frames_removed
  File "/opt/airflow/dags/load_pageviews.py", line 29, in <module>
    from helper import load_current_rates, is_new_data_is_available, generate_unzip_command, _load_data, _fetch_pageviews, generate_curl_command
ModuleNotFoundError: No module named 'helper'
[2023-06-27T17:45:36.411+0000] {processor.py:755} WARNING - No viable dags retrieved from /opt/airflow/dags/load_pageviews.py
[2023-06-27T17:45:36.428+0000] {processor.py:175} INFO - Processing /opt/airflow/dags/load_pageviews.py took 0.038 seconds
[2023-06-27T17:46:06.558+0000] {processor.py:153} INFO - Started process (PID=3813) to work on /opt/airflow/dags/load_pageviews.py
[2023-06-27T17:46:06.559+0000] {processor.py:743} INFO - Processing file /opt/airflow/dags/load_pageviews.py for tasks to queue
[2023-06-27T17:46:06.560+0000] {logging_mixin.py:137} INFO - [2023-06-27T17:46:06.560+0000] {dagbag.py:538} INFO - Filling up the DagBag from /opt/airflow/dags/load_pageviews.py
[2023-06-27T17:46:06.580+0000] {logging_mixin.py:137} INFO - [2023-06-27T17:46:06.580+0000] {dagbag.py:343} ERROR - Failed to import: /opt/airflow/dags/load_pageviews.py
Traceback (most recent call last):
  File "/home/airflow/.local/lib/python3.7/site-packages/airflow/models/dagbag.py", line 339, in parse
    loader.exec_module(new_module)
  File "<frozen importlib._bootstrap_external>", line 728, in exec_module
  File "<frozen importlib._bootstrap>", line 219, in _call_with_frames_removed
  File "/opt/airflow/dags/load_pageviews.py", line 29, in <module>
    from helper import load_current_rates, is_new_data_is_available, generate_unzip_command, _load_data, _fetch_pageviews, generate_curl_command
ModuleNotFoundError: No module named 'helper'
[2023-06-27T17:46:06.581+0000] {processor.py:755} WARNING - No viable dags retrieved from /opt/airflow/dags/load_pageviews.py
[2023-06-27T17:46:06.604+0000] {processor.py:175} INFO - Processing /opt/airflow/dags/load_pageviews.py took 0.050 seconds
[2023-06-27T17:46:34.902+0000] {processor.py:153} INFO - Started process (PID=3859) to work on /opt/airflow/dags/load_pageviews.py
[2023-06-27T17:46:34.903+0000] {processor.py:743} INFO - Processing file /opt/airflow/dags/load_pageviews.py for tasks to queue
[2023-06-27T17:46:34.903+0000] {logging_mixin.py:137} INFO - [2023-06-27T17:46:34.903+0000] {dagbag.py:538} INFO - Filling up the DagBag from /opt/airflow/dags/load_pageviews.py
[2023-06-27T17:46:36.005+0000] {processor.py:753} INFO - DAG(s) dict_keys(['load_pageviews']) retrieved from /opt/airflow/dags/load_pageviews.py
[2023-06-27T17:46:36.052+0000] {logging_mixin.py:137} INFO - [2023-06-27T17:46:36.052+0000] {dag.py:2676} INFO - Sync 1 DAGs
[2023-06-27T17:46:36.069+0000] {logging_mixin.py:137} INFO - [2023-06-27T17:46:36.069+0000] {dag.py:3427} INFO - Setting next_dagrun for load_pageviews to 2023-06-27T17:00:00+00:00, run_after=2023-06-27T18:00:00+00:00
[2023-06-27T17:46:36.084+0000] {processor.py:175} INFO - Processing /opt/airflow/dags/load_pageviews.py took 1.184 seconds
[2023-06-27T17:47:07.022+0000] {processor.py:153} INFO - Started process (PID=3921) to work on /opt/airflow/dags/load_pageviews.py
[2023-06-27T17:47:07.023+0000] {processor.py:743} INFO - Processing file /opt/airflow/dags/load_pageviews.py for tasks to queue
[2023-06-27T17:47:07.023+0000] {logging_mixin.py:137} INFO - [2023-06-27T17:47:07.023+0000] {dagbag.py:538} INFO - Filling up the DagBag from /opt/airflow/dags/load_pageviews.py
[2023-06-27T17:47:08.080+0000] {processor.py:753} INFO - DAG(s) dict_keys(['load_pageviews']) retrieved from /opt/airflow/dags/load_pageviews.py
[2023-06-27T17:47:08.130+0000] {logging_mixin.py:137} INFO - [2023-06-27T17:47:08.130+0000] {dag.py:2676} INFO - Sync 1 DAGs
[2023-06-27T17:47:08.147+0000] {logging_mixin.py:137} INFO - [2023-06-27T17:47:08.147+0000] {dag.py:3427} INFO - Setting next_dagrun for load_pageviews to 2023-06-27T17:00:00+00:00, run_after=2023-06-27T18:00:00+00:00
[2023-06-27T17:47:08.160+0000] {processor.py:175} INFO - Processing /opt/airflow/dags/load_pageviews.py took 1.141 seconds
[2023-06-27T17:47:38.526+0000] {processor.py:153} INFO - Started process (PID=3968) to work on /opt/airflow/dags/load_pageviews.py
[2023-06-27T17:47:38.526+0000] {processor.py:743} INFO - Processing file /opt/airflow/dags/load_pageviews.py for tasks to queue
[2023-06-27T17:47:38.527+0000] {logging_mixin.py:137} INFO - [2023-06-27T17:47:38.527+0000] {dagbag.py:538} INFO - Filling up the DagBag from /opt/airflow/dags/load_pageviews.py
[2023-06-27T17:47:39.750+0000] {processor.py:753} INFO - DAG(s) dict_keys(['load_pageviews']) retrieved from /opt/airflow/dags/load_pageviews.py
[2023-06-27T17:47:39.794+0000] {logging_mixin.py:137} INFO - [2023-06-27T17:47:39.794+0000] {dag.py:2676} INFO - Sync 1 DAGs
[2023-06-27T17:47:39.810+0000] {logging_mixin.py:137} INFO - [2023-06-27T17:47:39.810+0000] {dag.py:3427} INFO - Setting next_dagrun for load_pageviews to 2023-06-27T17:00:00+00:00, run_after=2023-06-27T18:00:00+00:00
[2023-06-27T17:47:39.824+0000] {processor.py:175} INFO - Processing /opt/airflow/dags/load_pageviews.py took 1.300 seconds
[2023-06-27T17:48:10.695+0000] {processor.py:153} INFO - Started process (PID=4030) to work on /opt/airflow/dags/load_pageviews.py
[2023-06-27T17:48:10.695+0000] {processor.py:743} INFO - Processing file /opt/airflow/dags/load_pageviews.py for tasks to queue
[2023-06-27T17:48:10.696+0000] {logging_mixin.py:137} INFO - [2023-06-27T17:48:10.696+0000] {dagbag.py:538} INFO - Filling up the DagBag from /opt/airflow/dags/load_pageviews.py
[2023-06-27T17:48:11.810+0000] {processor.py:753} INFO - DAG(s) dict_keys(['load_pageviews']) retrieved from /opt/airflow/dags/load_pageviews.py
[2023-06-27T17:48:11.861+0000] {logging_mixin.py:137} INFO - [2023-06-27T17:48:11.861+0000] {dag.py:2676} INFO - Sync 1 DAGs
[2023-06-27T17:48:11.879+0000] {logging_mixin.py:137} INFO - [2023-06-27T17:48:11.879+0000] {dag.py:3427} INFO - Setting next_dagrun for load_pageviews to 2023-06-27T17:00:00+00:00, run_after=2023-06-27T18:00:00+00:00
[2023-06-27T17:48:11.893+0000] {processor.py:175} INFO - Processing /opt/airflow/dags/load_pageviews.py took 1.201 seconds
[2023-06-27T17:48:41.965+0000] {processor.py:153} INFO - Started process (PID=4077) to work on /opt/airflow/dags/load_pageviews.py
[2023-06-27T17:48:41.965+0000] {processor.py:743} INFO - Processing file /opt/airflow/dags/load_pageviews.py for tasks to queue
[2023-06-27T17:48:41.966+0000] {logging_mixin.py:137} INFO - [2023-06-27T17:48:41.966+0000] {dagbag.py:538} INFO - Filling up the DagBag from /opt/airflow/dags/load_pageviews.py
[2023-06-27T17:48:46.681+0000] {processor.py:753} INFO - DAG(s) dict_keys(['load_pageviews']) retrieved from /opt/airflow/dags/load_pageviews.py
[2023-06-27T17:48:46.731+0000] {logging_mixin.py:137} INFO - [2023-06-27T17:48:46.730+0000] {dag.py:2676} INFO - Sync 1 DAGs
[2023-06-27T17:48:46.747+0000] {logging_mixin.py:137} INFO - [2023-06-27T17:48:46.747+0000] {dag.py:3427} INFO - Setting next_dagrun for load_pageviews to 2023-06-27T17:00:00+00:00, run_after=2023-06-27T18:00:00+00:00
[2023-06-27T17:48:46.760+0000] {processor.py:175} INFO - Processing /opt/airflow/dags/load_pageviews.py took 4.798 seconds
[2023-06-27T17:49:17.210+0000] {processor.py:153} INFO - Started process (PID=4124) to work on /opt/airflow/dags/load_pageviews.py
[2023-06-27T17:49:17.211+0000] {processor.py:743} INFO - Processing file /opt/airflow/dags/load_pageviews.py for tasks to queue
[2023-06-27T17:49:17.211+0000] {logging_mixin.py:137} INFO - [2023-06-27T17:49:17.211+0000] {dagbag.py:538} INFO - Filling up the DagBag from /opt/airflow/dags/load_pageviews.py
[2023-06-27T17:49:18.314+0000] {processor.py:753} INFO - DAG(s) dict_keys(['load_pageviews']) retrieved from /opt/airflow/dags/load_pageviews.py
[2023-06-27T17:49:18.362+0000] {logging_mixin.py:137} INFO - [2023-06-27T17:49:18.361+0000] {dag.py:2676} INFO - Sync 1 DAGs
[2023-06-27T17:49:18.378+0000] {logging_mixin.py:137} INFO - [2023-06-27T17:49:18.378+0000] {dag.py:3427} INFO - Setting next_dagrun for load_pageviews to 2023-06-27T17:00:00+00:00, run_after=2023-06-27T18:00:00+00:00
[2023-06-27T17:49:18.392+0000] {processor.py:175} INFO - Processing /opt/airflow/dags/load_pageviews.py took 1.185 seconds
[2023-06-27T17:49:48.496+0000] {processor.py:153} INFO - Started process (PID=4172) to work on /opt/airflow/dags/load_pageviews.py
[2023-06-27T17:49:48.497+0000] {processor.py:743} INFO - Processing file /opt/airflow/dags/load_pageviews.py for tasks to queue
[2023-06-27T17:49:48.498+0000] {logging_mixin.py:137} INFO - [2023-06-27T17:49:48.497+0000] {dagbag.py:538} INFO - Filling up the DagBag from /opt/airflow/dags/load_pageviews.py
[2023-06-27T17:49:50.405+0000] {processor.py:753} INFO - DAG(s) dict_keys(['load_pageviews']) retrieved from /opt/airflow/dags/load_pageviews.py
[2023-06-27T17:49:50.452+0000] {logging_mixin.py:137} INFO - [2023-06-27T17:49:50.452+0000] {dag.py:2676} INFO - Sync 1 DAGs
[2023-06-27T17:49:50.469+0000] {logging_mixin.py:137} INFO - [2023-06-27T17:49:50.469+0000] {dag.py:3427} INFO - Setting next_dagrun for load_pageviews to 2023-06-27T17:00:00+00:00, run_after=2023-06-27T18:00:00+00:00
[2023-06-27T17:49:50.482+0000] {processor.py:175} INFO - Processing /opt/airflow/dags/load_pageviews.py took 1.989 seconds
[2023-06-27T17:50:20.894+0000] {processor.py:153} INFO - Started process (PID=4222) to work on /opt/airflow/dags/load_pageviews.py
[2023-06-27T17:50:20.894+0000] {processor.py:743} INFO - Processing file /opt/airflow/dags/load_pageviews.py for tasks to queue
[2023-06-27T17:50:20.895+0000] {logging_mixin.py:137} INFO - [2023-06-27T17:50:20.895+0000] {dagbag.py:538} INFO - Filling up the DagBag from /opt/airflow/dags/load_pageviews.py
[2023-06-27T17:50:47.200+0000] {processor.py:753} INFO - DAG(s) dict_keys(['load_pageviews']) retrieved from /opt/airflow/dags/load_pageviews.py
[2023-06-27T17:50:47.245+0000] {logging_mixin.py:137} INFO - [2023-06-27T17:50:47.244+0000] {dag.py:2676} INFO - Sync 1 DAGs
[2023-06-27T17:50:47.261+0000] {logging_mixin.py:137} INFO - [2023-06-27T17:50:47.261+0000] {dag.py:3427} INFO - Setting next_dagrun for load_pageviews to 2023-06-27T17:00:00+00:00, run_after=2023-06-27T18:00:00+00:00
[2023-06-27T17:50:47.274+0000] {processor.py:175} INFO - Processing /opt/airflow/dags/load_pageviews.py took 26.382 seconds
[2023-06-27T17:50:51.470+0000] {processor.py:153} INFO - Started process (PID=4270) to work on /opt/airflow/dags/load_pageviews.py
[2023-06-27T17:50:51.470+0000] {processor.py:743} INFO - Processing file /opt/airflow/dags/load_pageviews.py for tasks to queue
[2023-06-27T17:50:51.471+0000] {logging_mixin.py:137} INFO - [2023-06-27T17:50:51.471+0000] {dagbag.py:538} INFO - Filling up the DagBag from /opt/airflow/dags/load_pageviews.py
[2023-06-27T17:50:55.787+0000] {processor.py:753} INFO - DAG(s) dict_keys(['load_pageviews']) retrieved from /opt/airflow/dags/load_pageviews.py
[2023-06-27T17:50:55.800+0000] {logging_mixin.py:137} INFO - [2023-06-27T17:50:55.800+0000] {dag.py:2676} INFO - Sync 1 DAGs
[2023-06-27T17:50:55.816+0000] {logging_mixin.py:137} INFO - [2023-06-27T17:50:55.816+0000] {dag.py:3427} INFO - Setting next_dagrun for load_pageviews to 2023-06-27T17:00:00+00:00, run_after=2023-06-27T18:00:00+00:00
[2023-06-27T17:50:55.829+0000] {processor.py:175} INFO - Processing /opt/airflow/dags/load_pageviews.py took 4.364 seconds
[2023-06-27T17:51:25.948+0000] {processor.py:153} INFO - Started process (PID=4357) to work on /opt/airflow/dags/load_pageviews.py
[2023-06-27T17:51:25.949+0000] {processor.py:743} INFO - Processing file /opt/airflow/dags/load_pageviews.py for tasks to queue
[2023-06-27T17:51:25.950+0000] {logging_mixin.py:137} INFO - [2023-06-27T17:51:25.950+0000] {dagbag.py:538} INFO - Filling up the DagBag from /opt/airflow/dags/load_pageviews.py
[2023-06-27T17:51:27.052+0000] {processor.py:753} INFO - DAG(s) dict_keys(['load_pageviews']) retrieved from /opt/airflow/dags/load_pageviews.py
[2023-06-27T17:51:27.105+0000] {logging_mixin.py:137} INFO - [2023-06-27T17:51:27.105+0000] {dag.py:2676} INFO - Sync 1 DAGs
[2023-06-27T17:51:27.121+0000] {logging_mixin.py:137} INFO - [2023-06-27T17:51:27.121+0000] {dag.py:3427} INFO - Setting next_dagrun for load_pageviews to 2023-06-27T17:00:00+00:00, run_after=2023-06-27T18:00:00+00:00
[2023-06-27T17:51:27.138+0000] {processor.py:175} INFO - Processing /opt/airflow/dags/load_pageviews.py took 1.193 seconds
[2023-06-27T17:51:57.210+0000] {processor.py:153} INFO - Started process (PID=4429) to work on /opt/airflow/dags/load_pageviews.py
[2023-06-27T17:51:57.211+0000] {processor.py:743} INFO - Processing file /opt/airflow/dags/load_pageviews.py for tasks to queue
[2023-06-27T17:51:57.211+0000] {logging_mixin.py:137} INFO - [2023-06-27T17:51:57.211+0000] {dagbag.py:538} INFO - Filling up the DagBag from /opt/airflow/dags/load_pageviews.py
[2023-06-27T17:51:58.337+0000] {processor.py:753} INFO - DAG(s) dict_keys(['load_pageviews']) retrieved from /opt/airflow/dags/load_pageviews.py
[2023-06-27T17:51:58.388+0000] {logging_mixin.py:137} INFO - [2023-06-27T17:51:58.387+0000] {dag.py:2676} INFO - Sync 1 DAGs
[2023-06-27T17:51:58.407+0000] {logging_mixin.py:137} INFO - [2023-06-27T17:51:58.407+0000] {dag.py:3427} INFO - Setting next_dagrun for load_pageviews to 2023-06-27T17:00:00+00:00, run_after=2023-06-27T18:00:00+00:00
[2023-06-27T17:51:58.421+0000] {processor.py:175} INFO - Processing /opt/airflow/dags/load_pageviews.py took 1.213 seconds
[2023-06-27T17:52:29.044+0000] {processor.py:153} INFO - Started process (PID=4482) to work on /opt/airflow/dags/load_pageviews.py
[2023-06-27T17:52:29.045+0000] {processor.py:743} INFO - Processing file /opt/airflow/dags/load_pageviews.py for tasks to queue
[2023-06-27T17:52:29.046+0000] {logging_mixin.py:137} INFO - [2023-06-27T17:52:29.046+0000] {dagbag.py:538} INFO - Filling up the DagBag from /opt/airflow/dags/load_pageviews.py
[2023-06-27T17:52:30.153+0000] {processor.py:753} INFO - DAG(s) dict_keys(['load_pageviews']) retrieved from /opt/airflow/dags/load_pageviews.py
[2023-06-27T17:52:30.200+0000] {logging_mixin.py:137} INFO - [2023-06-27T17:52:30.200+0000] {dag.py:2676} INFO - Sync 1 DAGs
[2023-06-27T17:52:30.217+0000] {logging_mixin.py:137} INFO - [2023-06-27T17:52:30.217+0000] {dag.py:3427} INFO - Setting next_dagrun for load_pageviews to 2023-06-27T17:00:00+00:00, run_after=2023-06-27T18:00:00+00:00
[2023-06-27T17:52:30.231+0000] {processor.py:175} INFO - Processing /opt/airflow/dags/load_pageviews.py took 1.189 seconds
[2023-06-27T17:53:00.893+0000] {processor.py:153} INFO - Started process (PID=4538) to work on /opt/airflow/dags/load_pageviews.py
[2023-06-27T17:53:00.894+0000] {processor.py:743} INFO - Processing file /opt/airflow/dags/load_pageviews.py for tasks to queue
[2023-06-27T17:53:00.894+0000] {logging_mixin.py:137} INFO - [2023-06-27T17:53:00.894+0000] {dagbag.py:538} INFO - Filling up the DagBag from /opt/airflow/dags/load_pageviews.py
[2023-06-27T17:53:02.025+0000] {processor.py:753} INFO - DAG(s) dict_keys(['load_pageviews']) retrieved from /opt/airflow/dags/load_pageviews.py
[2023-06-27T17:53:02.072+0000] {logging_mixin.py:137} INFO - [2023-06-27T17:53:02.071+0000] {dag.py:2676} INFO - Sync 1 DAGs
[2023-06-27T17:53:02.087+0000] {logging_mixin.py:137} INFO - [2023-06-27T17:53:02.087+0000] {dag.py:3427} INFO - Setting next_dagrun for load_pageviews to 2023-06-27T17:00:00+00:00, run_after=2023-06-27T18:00:00+00:00
[2023-06-27T17:53:02.101+0000] {processor.py:175} INFO - Processing /opt/airflow/dags/load_pageviews.py took 1.210 seconds
[2023-06-27T17:53:32.181+0000] {processor.py:153} INFO - Started process (PID=4586) to work on /opt/airflow/dags/load_pageviews.py
[2023-06-27T17:53:32.182+0000] {processor.py:743} INFO - Processing file /opt/airflow/dags/load_pageviews.py for tasks to queue
[2023-06-27T17:53:32.183+0000] {logging_mixin.py:137} INFO - [2023-06-27T17:53:32.182+0000] {dagbag.py:538} INFO - Filling up the DagBag from /opt/airflow/dags/load_pageviews.py
[2023-06-27T17:53:35.408+0000] {processor.py:753} INFO - DAG(s) dict_keys(['load_pageviews']) retrieved from /opt/airflow/dags/load_pageviews.py
[2023-06-27T17:53:35.466+0000] {logging_mixin.py:137} INFO - [2023-06-27T17:53:35.465+0000] {dag.py:2676} INFO - Sync 1 DAGs
[2023-06-27T17:53:35.485+0000] {logging_mixin.py:137} INFO - [2023-06-27T17:53:35.485+0000] {dag.py:3427} INFO - Setting next_dagrun for load_pageviews to 2023-06-27T17:00:00+00:00, run_after=2023-06-27T18:00:00+00:00
[2023-06-27T17:53:35.499+0000] {processor.py:175} INFO - Processing /opt/airflow/dags/load_pageviews.py took 3.321 seconds
[2023-06-27T17:54:06.372+0000] {processor.py:153} INFO - Started process (PID=4633) to work on /opt/airflow/dags/load_pageviews.py
[2023-06-27T17:54:06.373+0000] {processor.py:743} INFO - Processing file /opt/airflow/dags/load_pageviews.py for tasks to queue
[2023-06-27T17:54:06.374+0000] {logging_mixin.py:137} INFO - [2023-06-27T17:54:06.374+0000] {dagbag.py:538} INFO - Filling up the DagBag from /opt/airflow/dags/load_pageviews.py
[2023-06-27T17:54:07.570+0000] {processor.py:753} INFO - DAG(s) dict_keys(['load_pageviews']) retrieved from /opt/airflow/dags/load_pageviews.py
[2023-06-27T17:54:07.620+0000] {logging_mixin.py:137} INFO - [2023-06-27T17:54:07.620+0000] {dag.py:2676} INFO - Sync 1 DAGs
[2023-06-27T17:54:07.640+0000] {logging_mixin.py:137} INFO - [2023-06-27T17:54:07.640+0000] {dag.py:3427} INFO - Setting next_dagrun for load_pageviews to 2023-06-27T17:00:00+00:00, run_after=2023-06-27T18:00:00+00:00
[2023-06-27T17:54:07.656+0000] {processor.py:175} INFO - Processing /opt/airflow/dags/load_pageviews.py took 1.287 seconds
[2023-06-27T17:54:38.590+0000] {processor.py:153} INFO - Started process (PID=4696) to work on /opt/airflow/dags/load_pageviews.py
[2023-06-27T17:54:38.591+0000] {processor.py:743} INFO - Processing file /opt/airflow/dags/load_pageviews.py for tasks to queue
[2023-06-27T17:54:38.591+0000] {logging_mixin.py:137} INFO - [2023-06-27T17:54:38.591+0000] {dagbag.py:538} INFO - Filling up the DagBag from /opt/airflow/dags/load_pageviews.py
[2023-06-27T17:54:39.993+0000] {processor.py:753} INFO - DAG(s) dict_keys(['load_pageviews']) retrieved from /opt/airflow/dags/load_pageviews.py
[2023-06-27T17:54:40.044+0000] {logging_mixin.py:137} INFO - [2023-06-27T17:54:40.043+0000] {dag.py:2676} INFO - Sync 1 DAGs
[2023-06-27T17:54:40.060+0000] {logging_mixin.py:137} INFO - [2023-06-27T17:54:40.059+0000] {dag.py:3427} INFO - Setting next_dagrun for load_pageviews to 2023-06-27T17:00:00+00:00, run_after=2023-06-27T18:00:00+00:00
[2023-06-27T17:54:40.072+0000] {processor.py:175} INFO - Processing /opt/airflow/dags/load_pageviews.py took 1.484 seconds
[2023-06-27T17:55:11.037+0000] {processor.py:153} INFO - Started process (PID=4766) to work on /opt/airflow/dags/load_pageviews.py
[2023-06-27T17:55:11.038+0000] {processor.py:743} INFO - Processing file /opt/airflow/dags/load_pageviews.py for tasks to queue
[2023-06-27T17:55:11.038+0000] {logging_mixin.py:137} INFO - [2023-06-27T17:55:11.038+0000] {dagbag.py:538} INFO - Filling up the DagBag from /opt/airflow/dags/load_pageviews.py
[2023-06-27T17:55:12.131+0000] {processor.py:753} INFO - DAG(s) dict_keys(['load_pageviews']) retrieved from /opt/airflow/dags/load_pageviews.py
[2023-06-27T17:55:12.180+0000] {logging_mixin.py:137} INFO - [2023-06-27T17:55:12.179+0000] {dag.py:2676} INFO - Sync 1 DAGs
[2023-06-27T17:55:12.198+0000] {logging_mixin.py:137} INFO - [2023-06-27T17:55:12.198+0000] {dag.py:3427} INFO - Setting next_dagrun for load_pageviews to 2023-06-27T17:00:00+00:00, run_after=2023-06-27T18:00:00+00:00
[2023-06-27T17:55:12.214+0000] {processor.py:175} INFO - Processing /opt/airflow/dags/load_pageviews.py took 1.178 seconds
