[2023-06-27T17:31:35.358+0000] {taskinstance.py:1087} INFO - Dependencies all met for <TaskInstance: load_pageviews.extract_data manual__2023-06-27T17:31:30.537875+00:00 [queued]>
[2023-06-27T17:31:35.364+0000] {taskinstance.py:1087} INFO - Dependencies all met for <TaskInstance: load_pageviews.extract_data manual__2023-06-27T17:31:30.537875+00:00 [queued]>
[2023-06-27T17:31:35.364+0000] {taskinstance.py:1283} INFO - 
--------------------------------------------------------------------------------
[2023-06-27T17:31:35.364+0000] {taskinstance.py:1284} INFO - Starting attempt 1 of 1
[2023-06-27T17:31:35.364+0000] {taskinstance.py:1285} INFO - 
--------------------------------------------------------------------------------
[2023-06-27T17:31:35.373+0000] {taskinstance.py:1304} INFO - Executing <Task(BashOperator): extract_data> on 2023-06-27 17:31:30.537875+00:00
[2023-06-27T17:31:35.377+0000] {standard_task_runner.py:55} INFO - Started process 993 to run task
[2023-06-27T17:31:35.381+0000] {standard_task_runner.py:82} INFO - Running: ['***', 'tasks', 'run', 'load_pageviews', 'extract_data', 'manual__2023-06-27T17:31:30.537875+00:00', '--job-id', '6', '--raw', '--subdir', 'DAGS_FOLDER/load_pageviews.py', '--cfg-path', '/tmp/tmp2pl9akw5']
[2023-06-27T17:31:35.381+0000] {standard_task_runner.py:83} INFO - Job 6: Subtask extract_data
[2023-06-27T17:31:35.425+0000] {task_command.py:389} INFO - Running <TaskInstance: load_pageviews.extract_data manual__2023-06-27T17:31:30.537875+00:00 [running]> on host df36c5c3b1c7
[2023-06-27T17:31:35.470+0000] {taskinstance.py:1513} INFO - Exporting the following env vars:
AIRFLOW_CTX_DAG_OWNER=***
AIRFLOW_CTX_DAG_ID=load_pageviews
AIRFLOW_CTX_TASK_ID=extract_data
AIRFLOW_CTX_EXECUTION_DATE=2023-06-27T17:31:30.537875+00:00
AIRFLOW_CTX_TRY_NUMBER=1
AIRFLOW_CTX_DAG_RUN_ID=manual__2023-06-27T17:31:30.537875+00:00
[2023-06-27T17:31:35.471+0000] {subprocess.py:63} INFO - Tmp dir root location: 
 /tmp
[2023-06-27T17:31:35.472+0000] {subprocess.py:75} INFO - Running command: ['/bin/bash', '-c', 'curl -o /tmp/wikipageviews.gz https://dumps.wikimedia.org/other/pageviews/2023/2023-06/pageviews-20230627-150000.gz']
[2023-06-27T17:31:35.480+0000] {subprocess.py:86} INFO - Output:
[2023-06-27T17:31:35.485+0000] {subprocess.py:93} INFO -   % Total    % Received % Xferd  Average Speed   Time    Time     Time  Current
[2023-06-27T17:31:35.485+0000] {subprocess.py:93} INFO -                                  Dload  Upload   Total   Spent    Left  Speed
[2023-06-27T17:31:49.146+0000] {subprocess.py:93} INFO -   0     0    0     0    0     0      0      0 --:--:-- --:--:-- --:--:--     0  0 60.5M    0 48816    0     0  67332      0  0:15:42 --:--:--  0:15:42 67239  5 60.5M    5 3647k    0     0  2140k      0  0:00:28  0:00:01  0:00:27 2139k 13 60.5M   13 8639k    0     0  3184k      0  0:00:19  0:00:02  0:00:17 3183k 21 60.5M   21 13.1M    0     0  3626k      0  0:00:17  0:00:03  0:00:14 3625k 29 60.5M   29 17.7M    0     0  3857k      0  0:00:16  0:00:04  0:00:12 3857k 37 60.5M   37 22.5M    0     0  4039k      0  0:00:15  0:00:05  0:00:10 4616k 45 60.5M   45 27.2M    0     0  4164k      0  0:00:14  0:00:06  0:00:08 4854k 52 60.5M   52 32.0M    0     0  4263k      0  0:00:14  0:00:07  0:00:07 4848k 60 60.5M   60 36.8M    0     0  4335k      0  0:00:14  0:00:08  0:00:06 4861k 68 60.5M   68 41.5M    0     0  4389k      0  0:00:14  0:00:09  0:00:05 4889k 76 60.5M   76 46.4M    0     0  4443k      0  0:00:13  0:00:10  0:00:03 4904k 84 60.5M   84 51.1M    0     0  4475k      0  0:00:13  0:00:11  0:00:02 4892k 92 60.5M   92 56.0M    0     0  4511k      0  0:00:13  0:00:12  0:00:01 4894k100 60.5M  100 60.5M    0     0  4538k      0  0:00:13  0:00:13 --:--:-- 4893k
[2023-06-27T17:31:49.152+0000] {subprocess.py:97} INFO - Command exited with return code 0
[2023-06-27T17:31:49.226+0000] {taskinstance.py:1327} INFO - Marking task as SUCCESS. dag_id=load_pageviews, task_id=extract_data, execution_date=20230627T173130, start_date=20230627T173135, end_date=20230627T173149
[2023-06-27T17:31:49.281+0000] {local_task_job.py:159} INFO - Task exited with return code 0
[2023-06-27T17:31:49.305+0000] {taskinstance.py:2582} INFO - 1 downstream tasks scheduled from follow-on schedule check
