[2023-06-28T15:00:54.984+0000] {taskinstance.py:1087} INFO - Dependencies all met for <TaskInstance: load_pageviews.load_rates_data scheduled__2023-06-28T14:00:00+00:00 [queued]>
[2023-06-28T15:00:54.994+0000] {taskinstance.py:1087} INFO - Dependencies all met for <TaskInstance: load_pageviews.load_rates_data scheduled__2023-06-28T14:00:00+00:00 [queued]>
[2023-06-28T15:00:54.994+0000] {taskinstance.py:1283} INFO - 
--------------------------------------------------------------------------------
[2023-06-28T15:00:54.994+0000] {taskinstance.py:1284} INFO - Starting attempt 1 of 1
[2023-06-28T15:00:54.994+0000] {taskinstance.py:1285} INFO - 
--------------------------------------------------------------------------------
[2023-06-28T15:00:55.006+0000] {taskinstance.py:1304} INFO - Executing <Task(PythonOperator): load_rates_data> on 2023-06-28 14:00:00+00:00
[2023-06-28T15:00:55.015+0000] {standard_task_runner.py:55} INFO - Started process 8543 to run task
[2023-06-28T15:00:55.018+0000] {standard_task_runner.py:82} INFO - Running: ['***', 'tasks', 'run', 'load_pageviews', 'load_rates_data', 'scheduled__2023-06-28T14:00:00+00:00', '--job-id', '129', '--raw', '--subdir', 'DAGS_FOLDER/load_pageviews.py', '--cfg-path', '/tmp/tmpdz6eqfd4']
[2023-06-28T15:00:55.018+0000] {standard_task_runner.py:83} INFO - Job 129: Subtask load_rates_data
[2023-06-28T15:00:55.072+0000] {task_command.py:389} INFO - Running <TaskInstance: load_pageviews.load_rates_data scheduled__2023-06-28T14:00:00+00:00 [running]> on host 3e2e38946fac
[2023-06-28T15:00:55.133+0000] {taskinstance.py:1513} INFO - Exporting the following env vars:
AIRFLOW_CTX_DAG_OWNER=***
AIRFLOW_CTX_DAG_ID=load_pageviews
AIRFLOW_CTX_TASK_ID=load_rates_data
AIRFLOW_CTX_EXECUTION_DATE=2023-06-28T14:00:00+00:00
AIRFLOW_CTX_TRY_NUMBER=1
AIRFLOW_CTX_DAG_RUN_ID=scheduled__2023-06-28T14:00:00+00:00
[2023-06-28T15:01:05.288+0000] {logging_mixin.py:137} INFO - Loaded 5 rows into pageviews-390416.pageviews.rates.
[2023-06-28T15:01:05.289+0000] {python.py:177} INFO - Done. Returned value was: None
[2023-06-28T15:01:05.302+0000] {taskinstance.py:1327} INFO - Marking task as SUCCESS. dag_id=load_pageviews, task_id=load_rates_data, execution_date=20230628T140000, start_date=20230628T150054, end_date=20230628T150105
[2023-06-28T15:01:05.646+0000] {local_task_job.py:159} INFO - Task exited with return code 0
[2023-06-28T15:01:05.672+0000] {taskinstance.py:2582} INFO - 1 downstream tasks scheduled from follow-on schedule check
