[2023-06-28T05:44:30.635+0000] {taskinstance.py:1087} INFO - Dependencies all met for <TaskInstance: load_pageviews.check_if_new_link_is_available manual__2023-06-28T05:44:28.068172+00:00 [queued]>
[2023-06-28T05:44:30.644+0000] {taskinstance.py:1087} INFO - Dependencies all met for <TaskInstance: load_pageviews.check_if_new_link_is_available manual__2023-06-28T05:44:28.068172+00:00 [queued]>
[2023-06-28T05:44:30.645+0000] {taskinstance.py:1283} INFO - 
--------------------------------------------------------------------------------
[2023-06-28T05:44:30.645+0000] {taskinstance.py:1284} INFO - Starting attempt 1 of 1
[2023-06-28T05:44:30.645+0000] {taskinstance.py:1285} INFO - 
--------------------------------------------------------------------------------
[2023-06-28T05:44:30.661+0000] {taskinstance.py:1304} INFO - Executing <Task(PythonOperator): check_if_new_link_is_available> on 2023-06-28 05:44:28.068172+00:00
[2023-06-28T05:44:30.666+0000] {standard_task_runner.py:55} INFO - Started process 373 to run task
[2023-06-28T05:44:30.670+0000] {standard_task_runner.py:82} INFO - Running: ['***', 'tasks', 'run', 'load_pageviews', 'check_if_new_link_is_available', 'manual__2023-06-28T05:44:28.068172+00:00', '--job-id', '49', '--raw', '--subdir', 'DAGS_FOLDER/load_pageviews.py', '--cfg-path', '/tmp/tmpiru04d21']
[2023-06-28T05:44:30.670+0000] {standard_task_runner.py:83} INFO - Job 49: Subtask check_if_new_link_is_available
[2023-06-28T05:44:30.719+0000] {task_command.py:389} INFO - Running <TaskInstance: load_pageviews.check_if_new_link_is_available manual__2023-06-28T05:44:28.068172+00:00 [running]> on host b7f23ecf7992
[2023-06-28T05:44:30.781+0000] {taskinstance.py:1513} INFO - Exporting the following env vars:
AIRFLOW_CTX_DAG_OWNER=***
AIRFLOW_CTX_DAG_ID=load_pageviews
AIRFLOW_CTX_TASK_ID=check_if_new_link_is_available
AIRFLOW_CTX_EXECUTION_DATE=2023-06-28T05:44:28.068172+00:00
AIRFLOW_CTX_TRY_NUMBER=1
AIRFLOW_CTX_DAG_RUN_ID=manual__2023-06-28T05:44:28.068172+00:00
[2023-06-28T05:44:34.280+0000] {logging_mixin.py:137} INFO - Data is up to date.
[2023-06-28T05:44:34.280+0000] {logging_mixin.py:137} INFO - Latest link from Wikipedia: 2023-06-28 03:00:00
[2023-06-28T05:44:34.280+0000] {logging_mixin.py:137} INFO - Latest link from BigQuery: 2023-06-28 03:00:00
[2023-06-28T05:44:34.281+0000] {python.py:177} INFO - Done. Returned value was: False
[2023-06-28T05:44:34.331+0000] {taskinstance.py:1327} INFO - Marking task as SUCCESS. dag_id=load_pageviews, task_id=check_if_new_link_is_available, execution_date=20230628T054428, start_date=20230628T054430, end_date=20230628T054434
[2023-06-28T05:44:34.376+0000] {local_task_job.py:159} INFO - Task exited with return code 0
[2023-06-28T05:44:34.400+0000] {taskinstance.py:2582} INFO - 1 downstream tasks scheduled from follow-on schedule check
