[2023-06-28T06:03:16.794+0000] {taskinstance.py:1087} INFO - Dependencies all met for <TaskInstance: load_pageviews.create_dbt_models manual__2023-06-28T06:02:22.812930+00:00 [queued]>
[2023-06-28T06:03:16.801+0000] {taskinstance.py:1087} INFO - Dependencies all met for <TaskInstance: load_pageviews.create_dbt_models manual__2023-06-28T06:02:22.812930+00:00 [queued]>
[2023-06-28T06:03:16.801+0000] {taskinstance.py:1283} INFO - 
--------------------------------------------------------------------------------
[2023-06-28T06:03:16.801+0000] {taskinstance.py:1284} INFO - Starting attempt 1 of 1
[2023-06-28T06:03:16.801+0000] {taskinstance.py:1285} INFO - 
--------------------------------------------------------------------------------
[2023-06-28T06:03:16.811+0000] {taskinstance.py:1304} INFO - Executing <Task(BashOperator): create_dbt_models> on 2023-06-28 06:02:22.812930+00:00
[2023-06-28T06:03:16.817+0000] {standard_task_runner.py:55} INFO - Started process 357 to run task
[2023-06-28T06:03:16.819+0000] {standard_task_runner.py:82} INFO - Running: ['***', 'tasks', 'run', 'load_pageviews', 'create_dbt_models', 'manual__2023-06-28T06:02:22.812930+00:00', '--job-id', '76', '--raw', '--subdir', 'DAGS_FOLDER/load_pageviews.py', '--cfg-path', '/tmp/tmpka22ss8k']
[2023-06-28T06:03:16.820+0000] {standard_task_runner.py:83} INFO - Job 76: Subtask create_dbt_models
[2023-06-28T06:03:16.866+0000] {task_command.py:389} INFO - Running <TaskInstance: load_pageviews.create_dbt_models manual__2023-06-28T06:02:22.812930+00:00 [running]> on host 53ef9e17488f
[2023-06-28T06:03:17.087+0000] {taskinstance.py:1513} INFO - Exporting the following env vars:
AIRFLOW_CTX_DAG_OWNER=***
AIRFLOW_CTX_DAG_ID=load_pageviews
AIRFLOW_CTX_TASK_ID=create_dbt_models
AIRFLOW_CTX_EXECUTION_DATE=2023-06-28T06:02:22.812930+00:00
AIRFLOW_CTX_TRY_NUMBER=1
AIRFLOW_CTX_DAG_RUN_ID=manual__2023-06-28T06:02:22.812930+00:00
[2023-06-28T06:03:17.088+0000] {subprocess.py:63} INFO - Tmp dir root location: 
 /tmp
[2023-06-28T06:03:17.089+0000] {subprocess.py:75} INFO - Running command: ['/bin/bash', '-c', 'cd /opt/***/helper/dbt_pageviews && dbt run']
[2023-06-28T06:03:17.100+0000] {subprocess.py:86} INFO - Output:
[2023-06-28T06:03:18.870+0000] {subprocess.py:93} INFO - [0m06:03:18  Running with dbt=1.5.2
[2023-06-28T06:03:19.588+0000] {subprocess.py:93} INFO - [0m06:03:19  Registered adapter: bigquery=1.5.3
[2023-06-28T06:03:19.632+0000] {subprocess.py:93} INFO - [0m06:03:19  Found 3 models, 4 tests, 0 snapshots, 0 analyses, 357 macros, 0 operations, 0 seed files, 0 sources, 0 exposures, 0 metrics, 0 groups
[2023-06-28T06:03:19.634+0000] {subprocess.py:93} INFO - [0m06:03:19
[2023-06-28T06:03:20.531+0000] {subprocess.py:93} INFO - [0m06:03:20  Concurrency: 1 threads (target='dev')
[2023-06-28T06:03:20.532+0000] {subprocess.py:93} INFO - [0m06:03:20
[2023-06-28T06:03:20.538+0000] {subprocess.py:93} INFO - [0m06:03:20  1 of 3 START sql table model pageviews.my_first_dbt_model ...................... [RUN]
[2023-06-28T06:03:23.074+0000] {subprocess.py:93} INFO - [0m06:03:23  1 of 3 OK created sql table model pageviews.my_first_dbt_model ................. [[32mCREATE TABLE (2.0 rows, 0 processed)[0m in 2.53s]
[2023-06-28T06:03:23.076+0000] {subprocess.py:93} INFO - [0m06:03:23  2 of 3 START sql view model pageviews.pageviews_ranks .......................... [RUN]
[2023-06-28T06:03:24.110+0000] {subprocess.py:93} INFO - [0m06:03:24  2 of 3 OK created sql view model pageviews.pageviews_ranks ..................... [[32mCREATE VIEW (0 processed)[0m in 1.03s]
[2023-06-28T06:03:24.112+0000] {subprocess.py:93} INFO - [0m06:03:24  3 of 3 START sql view model pageviews.my_second_dbt_model ...................... [RUN]
[2023-06-28T06:03:25.170+0000] {subprocess.py:93} INFO - [0m06:03:25  3 of 3 OK created sql view model pageviews.my_second_dbt_model ................. [[32mCREATE VIEW (0 processed)[0m in 1.06s]
[2023-06-28T06:03:25.249+0000] {subprocess.py:93} INFO - [0m06:03:25
[2023-06-28T06:03:25.250+0000] {subprocess.py:93} INFO - [0m06:03:25  Finished running 1 table model, 2 view models in 0 hours 0 minutes and 5.61 seconds (5.61s).
[2023-06-28T06:03:25.258+0000] {subprocess.py:93} INFO - [0m06:03:25
[2023-06-28T06:03:25.258+0000] {subprocess.py:93} INFO - [0m06:03:25  [32mCompleted successfully[0m
[2023-06-28T06:03:25.259+0000] {subprocess.py:93} INFO - [0m06:03:25
[2023-06-28T06:03:25.259+0000] {subprocess.py:93} INFO - [0m06:03:25  Done. PASS=3 WARN=0 ERROR=0 SKIP=0 TOTAL=3
[2023-06-28T06:03:26.086+0000] {subprocess.py:97} INFO - Command exited with return code 0
[2023-06-28T06:03:26.166+0000] {taskinstance.py:1327} INFO - Marking task as SUCCESS. dag_id=load_pageviews, task_id=create_dbt_models, execution_date=20230628T060222, start_date=20230628T060316, end_date=20230628T060326
[2023-06-28T06:03:26.219+0000] {local_task_job.py:159} INFO - Task exited with return code 0
[2023-06-28T06:03:26.239+0000] {taskinstance.py:2582} INFO - 1 downstream tasks scheduled from follow-on schedule check
