[2023-06-27T17:48:46.085+0000] {taskinstance.py:1087} INFO - Dependencies all met for <TaskInstance: load_pageviews.unzip_file manual__2023-06-27T17:48:12.724159+00:00 [queued]>
[2023-06-27T17:48:46.092+0000] {taskinstance.py:1087} INFO - Dependencies all met for <TaskInstance: load_pageviews.unzip_file manual__2023-06-27T17:48:12.724159+00:00 [queued]>
[2023-06-27T17:48:46.092+0000] {taskinstance.py:1283} INFO - 
--------------------------------------------------------------------------------
[2023-06-27T17:48:46.092+0000] {taskinstance.py:1284} INFO - Starting attempt 1 of 1
[2023-06-27T17:48:46.092+0000] {taskinstance.py:1285} INFO - 
--------------------------------------------------------------------------------
[2023-06-27T17:48:46.101+0000] {taskinstance.py:1304} INFO - Executing <Task(BashOperator): unzip_file> on 2023-06-27 17:48:12.724159+00:00
[2023-06-27T17:48:46.105+0000] {standard_task_runner.py:55} INFO - Started process 1690 to run task
[2023-06-27T17:48:46.108+0000] {standard_task_runner.py:82} INFO - Running: ['***', 'tasks', 'run', 'load_pageviews', 'unzip_file', 'manual__2023-06-27T17:48:12.724159+00:00', '--job-id', '11', '--raw', '--subdir', 'DAGS_FOLDER/load_pageviews.py', '--cfg-path', '/tmp/tmp91zhtr0k']
[2023-06-27T17:48:46.108+0000] {standard_task_runner.py:83} INFO - Job 11: Subtask unzip_file
[2023-06-27T17:48:46.147+0000] {task_command.py:389} INFO - Running <TaskInstance: load_pageviews.unzip_file manual__2023-06-27T17:48:12.724159+00:00 [running]> on host df36c5c3b1c7
[2023-06-27T17:48:46.190+0000] {taskinstance.py:1513} INFO - Exporting the following env vars:
AIRFLOW_CTX_DAG_OWNER=***
AIRFLOW_CTX_DAG_ID=load_pageviews
AIRFLOW_CTX_TASK_ID=unzip_file
AIRFLOW_CTX_EXECUTION_DATE=2023-06-27T17:48:12.724159+00:00
AIRFLOW_CTX_TRY_NUMBER=1
AIRFLOW_CTX_DAG_RUN_ID=manual__2023-06-27T17:48:12.724159+00:00
[2023-06-27T17:48:46.191+0000] {subprocess.py:63} INFO - Tmp dir root location: 
 /tmp
[2023-06-27T17:48:46.191+0000] {subprocess.py:75} INFO - Running command: ['/bin/bash', '-c', 'gunzip --force /tmp/wikipageviews.gz']
[2023-06-27T17:48:46.199+0000] {subprocess.py:86} INFO - Output:
[2023-06-27T17:48:47.406+0000] {subprocess.py:97} INFO - Command exited with return code 0
[2023-06-27T17:48:47.423+0000] {taskinstance.py:1327} INFO - Marking task as SUCCESS. dag_id=load_pageviews, task_id=unzip_file, execution_date=20230627T174812, start_date=20230627T174846, end_date=20230627T174847
[2023-06-27T17:48:47.443+0000] {local_task_job.py:159} INFO - Task exited with return code 0
[2023-06-27T17:48:47.462+0000] {taskinstance.py:2582} INFO - 1 downstream tasks scheduled from follow-on schedule check
