[2023-06-28T06:00:38.514+0000] {taskinstance.py:1087} INFO - Dependencies all met for <TaskInstance: load_pageviews.fetch_pageviews scheduled__2023-06-28T05:00:00+00:00 [queued]>
[2023-06-28T06:00:38.523+0000] {taskinstance.py:1087} INFO - Dependencies all met for <TaskInstance: load_pageviews.fetch_pageviews scheduled__2023-06-28T05:00:00+00:00 [queued]>
[2023-06-28T06:00:38.523+0000] {taskinstance.py:1283} INFO - 
--------------------------------------------------------------------------------
[2023-06-28T06:00:38.524+0000] {taskinstance.py:1284} INFO - Starting attempt 1 of 1
[2023-06-28T06:00:38.524+0000] {taskinstance.py:1285} INFO - 
--------------------------------------------------------------------------------
[2023-06-28T06:00:38.535+0000] {taskinstance.py:1304} INFO - Executing <Task(PythonOperator): fetch_pageviews> on 2023-06-28 05:00:00+00:00
[2023-06-28T06:00:38.541+0000] {standard_task_runner.py:55} INFO - Started process 148 to run task
[2023-06-28T06:00:38.544+0000] {standard_task_runner.py:82} INFO - Running: ['***', 'tasks', 'run', 'load_pageviews', 'fetch_pageviews', 'scheduled__2023-06-28T05:00:00+00:00', '--job-id', '64', '--raw', '--subdir', 'DAGS_FOLDER/load_pageviews.py', '--cfg-path', '/tmp/tmpxx8rt_p3']
[2023-06-28T06:00:38.544+0000] {standard_task_runner.py:83} INFO - Job 64: Subtask fetch_pageviews
[2023-06-28T06:00:38.587+0000] {task_command.py:389} INFO - Running <TaskInstance: load_pageviews.fetch_pageviews scheduled__2023-06-28T05:00:00+00:00 [running]> on host 53ef9e17488f
[2023-06-28T06:00:38.633+0000] {taskinstance.py:1513} INFO - Exporting the following env vars:
AIRFLOW_CTX_DAG_OWNER=***
AIRFLOW_CTX_DAG_ID=load_pageviews
AIRFLOW_CTX_TASK_ID=fetch_pageviews
AIRFLOW_CTX_EXECUTION_DATE=2023-06-28T05:00:00+00:00
AIRFLOW_CTX_TRY_NUMBER=1
AIRFLOW_CTX_DAG_RUN_ID=scheduled__2023-06-28T05:00:00+00:00
[2023-06-28T06:00:40.819+0000] {logging_mixin.py:137} INFO - {'Amazon': '16', 'Google': '535', 'Apple': '39', 'Facebook': '519', 'Microsoft': '117'}
[2023-06-28T06:00:41.494+0000] {python.py:177} INFO - Done. Returned value was: None
[2023-06-28T06:00:41.500+0000] {taskinstance.py:1327} INFO - Marking task as SUCCESS. dag_id=load_pageviews, task_id=fetch_pageviews, execution_date=20230628T050000, start_date=20230628T060038, end_date=20230628T060041
[2023-06-28T06:00:41.523+0000] {local_task_job.py:159} INFO - Task exited with return code 0
[2023-06-28T06:00:41.543+0000] {taskinstance.py:2582} INFO - 1 downstream tasks scheduled from follow-on schedule check
