[2023-06-28T12:24:57.608+0000] {taskinstance.py:1087} INFO - Dependencies all met for <TaskInstance: load_pageviews.check_if_new_link_is_available scheduled__2023-06-28T11:00:00+00:00 [queued]>
[2023-06-28T12:24:57.614+0000] {taskinstance.py:1087} INFO - Dependencies all met for <TaskInstance: load_pageviews.check_if_new_link_is_available scheduled__2023-06-28T11:00:00+00:00 [queued]>
[2023-06-28T12:24:57.614+0000] {taskinstance.py:1283} INFO - 
--------------------------------------------------------------------------------
[2023-06-28T12:24:57.614+0000] {taskinstance.py:1284} INFO - Starting attempt 1 of 1
[2023-06-28T12:24:57.614+0000] {taskinstance.py:1285} INFO - 
--------------------------------------------------------------------------------
[2023-06-28T12:24:57.622+0000] {taskinstance.py:1304} INFO - Executing <Task(PythonOperator): check_if_new_link_is_available> on 2023-06-28 11:00:00+00:00
[2023-06-28T12:24:57.627+0000] {standard_task_runner.py:55} INFO - Started process 62 to run task
[2023-06-28T12:24:57.630+0000] {standard_task_runner.py:82} INFO - Running: ['***', 'tasks', 'run', 'load_pageviews', 'check_if_new_link_is_available', 'scheduled__2023-06-28T11:00:00+00:00', '--job-id', '83', '--raw', '--subdir', 'DAGS_FOLDER/load_pageviews.py', '--cfg-path', '/tmp/tmp8y562211']
[2023-06-28T12:24:57.630+0000] {standard_task_runner.py:83} INFO - Job 83: Subtask check_if_new_link_is_available
[2023-06-28T12:24:57.675+0000] {task_command.py:389} INFO - Running <TaskInstance: load_pageviews.check_if_new_link_is_available scheduled__2023-06-28T11:00:00+00:00 [running]> on host 3e2e38946fac
[2023-06-28T12:24:57.725+0000] {taskinstance.py:1513} INFO - Exporting the following env vars:
AIRFLOW_CTX_DAG_OWNER=***
AIRFLOW_CTX_DAG_ID=load_pageviews
AIRFLOW_CTX_TASK_ID=check_if_new_link_is_available
AIRFLOW_CTX_EXECUTION_DATE=2023-06-28T11:00:00+00:00
AIRFLOW_CTX_TRY_NUMBER=1
AIRFLOW_CTX_DAG_RUN_ID=scheduled__2023-06-28T11:00:00+00:00
[2023-06-28T12:25:01.260+0000] {logging_mixin.py:137} INFO - Latest link from Wikipedia: 2023-06-28 10:00:00
[2023-06-28T12:25:01.260+0000] {logging_mixin.py:137} INFO - Latest link from BigQuery: 2023-06-28 04:00:00
[2023-06-28T12:25:01.260+0000] {python.py:177} INFO - Done. Returned value was: True
[2023-06-28T12:25:01.278+0000] {taskinstance.py:1327} INFO - Marking task as SUCCESS. dag_id=load_pageviews, task_id=check_if_new_link_is_available, execution_date=20230628T110000, start_date=20230628T122457, end_date=20230628T122501
[2023-06-28T12:25:01.299+0000] {local_task_job.py:159} INFO - Task exited with return code 0
[2023-06-28T12:25:01.321+0000] {taskinstance.py:2582} INFO - 1 downstream tasks scheduled from follow-on schedule check
