[2023-06-28T05:39:12.681+0000] {taskinstance.py:1087} INFO - Dependencies all met for <TaskInstance: load_pageviews.load_pageview_data scheduled__2023-06-28T04:00:00+00:00 [queued]>
[2023-06-28T05:39:12.687+0000] {taskinstance.py:1087} INFO - Dependencies all met for <TaskInstance: load_pageviews.load_pageview_data scheduled__2023-06-28T04:00:00+00:00 [queued]>
[2023-06-28T05:39:12.687+0000] {taskinstance.py:1283} INFO - 
--------------------------------------------------------------------------------
[2023-06-28T05:39:12.687+0000] {taskinstance.py:1284} INFO - Starting attempt 1 of 1
[2023-06-28T05:39:12.687+0000] {taskinstance.py:1285} INFO - 
--------------------------------------------------------------------------------
[2023-06-28T05:39:12.697+0000] {taskinstance.py:1304} INFO - Executing <Task(PythonOperator): load_pageview_data> on 2023-06-28 04:00:00+00:00
[2023-06-28T05:39:12.702+0000] {standard_task_runner.py:55} INFO - Started process 124 to run task
[2023-06-28T05:39:12.705+0000] {standard_task_runner.py:82} INFO - Running: ['***', 'tasks', 'run', 'load_pageviews', 'load_pageview_data', 'scheduled__2023-06-28T04:00:00+00:00', '--job-id', '45', '--raw', '--subdir', 'DAGS_FOLDER/load_pageviews.py', '--cfg-path', '/tmp/tmp0n3z42u0']
[2023-06-28T05:39:12.705+0000] {standard_task_runner.py:83} INFO - Job 45: Subtask load_pageview_data
[2023-06-28T05:39:12.752+0000] {task_command.py:389} INFO - Running <TaskInstance: load_pageviews.load_pageview_data scheduled__2023-06-28T04:00:00+00:00 [running]> on host b7f23ecf7992
[2023-06-28T05:39:12.803+0000] {taskinstance.py:1513} INFO - Exporting the following env vars:
AIRFLOW_CTX_DAG_OWNER=***
AIRFLOW_CTX_DAG_ID=load_pageviews
AIRFLOW_CTX_TASK_ID=load_pageview_data
AIRFLOW_CTX_EXECUTION_DATE=2023-06-28T04:00:00+00:00
AIRFLOW_CTX_TRY_NUMBER=1
AIRFLOW_CTX_DAG_RUN_ID=scheduled__2023-06-28T04:00:00+00:00
[2023-06-28T05:39:21.284+0000] {logging_mixin.py:137} INFO - Loaded 5 rows into pageviews-390416.pageviews.pageviews.
[2023-06-28T05:39:21.285+0000] {python.py:177} INFO - Done. Returned value was: None
[2023-06-28T05:39:21.293+0000] {taskinstance.py:1327} INFO - Marking task as SUCCESS. dag_id=load_pageviews, task_id=load_pageview_data, execution_date=20230628T040000, start_date=20230628T053912, end_date=20230628T053921
[2023-06-28T05:39:21.340+0000] {local_task_job.py:159} INFO - Task exited with return code 0
[2023-06-28T05:39:21.364+0000] {taskinstance.py:2582} INFO - 1 downstream tasks scheduled from follow-on schedule check
