[2023-06-28T06:02:51.969+0000] {taskinstance.py:1087} INFO - Dependencies all met for <TaskInstance: load_pageviews.fetch_pageviews manual__2023-06-28T06:02:22.812930+00:00 [queued]>
[2023-06-28T06:02:51.975+0000] {taskinstance.py:1087} INFO - Dependencies all met for <TaskInstance: load_pageviews.fetch_pageviews manual__2023-06-28T06:02:22.812930+00:00 [queued]>
[2023-06-28T06:02:51.975+0000] {taskinstance.py:1283} INFO - 
--------------------------------------------------------------------------------
[2023-06-28T06:02:51.975+0000] {taskinstance.py:1284} INFO - Starting attempt 1 of 1
[2023-06-28T06:02:51.975+0000] {taskinstance.py:1285} INFO - 
--------------------------------------------------------------------------------
[2023-06-28T06:02:51.985+0000] {taskinstance.py:1304} INFO - Executing <Task(PythonOperator): fetch_pageviews> on 2023-06-28 06:02:22.812930+00:00
[2023-06-28T06:02:51.990+0000] {standard_task_runner.py:55} INFO - Started process 316 to run task
[2023-06-28T06:02:51.993+0000] {standard_task_runner.py:82} INFO - Running: ['***', 'tasks', 'run', 'load_pageviews', 'fetch_pageviews', 'manual__2023-06-28T06:02:22.812930+00:00', '--job-id', '73', '--raw', '--subdir', 'DAGS_FOLDER/load_pageviews.py', '--cfg-path', '/tmp/tmpicwgjmet']
[2023-06-28T06:02:51.993+0000] {standard_task_runner.py:83} INFO - Job 73: Subtask fetch_pageviews
[2023-06-28T06:02:52.038+0000] {task_command.py:389} INFO - Running <TaskInstance: load_pageviews.fetch_pageviews manual__2023-06-28T06:02:22.812930+00:00 [running]> on host 53ef9e17488f
[2023-06-28T06:02:52.087+0000] {taskinstance.py:1513} INFO - Exporting the following env vars:
AIRFLOW_CTX_DAG_OWNER=***
AIRFLOW_CTX_DAG_ID=load_pageviews
AIRFLOW_CTX_TASK_ID=fetch_pageviews
AIRFLOW_CTX_EXECUTION_DATE=2023-06-28T06:02:22.812930+00:00
AIRFLOW_CTX_TRY_NUMBER=1
AIRFLOW_CTX_DAG_RUN_ID=manual__2023-06-28T06:02:22.812930+00:00
[2023-06-28T06:02:54.320+0000] {logging_mixin.py:137} INFO - {'Amazon': '7', 'Google': '550', 'Apple': '42', 'Facebook': '601', 'Microsoft': '133'}
[2023-06-28T06:02:54.989+0000] {python.py:177} INFO - Done. Returned value was: None
[2023-06-28T06:02:54.995+0000] {taskinstance.py:1327} INFO - Marking task as SUCCESS. dag_id=load_pageviews, task_id=fetch_pageviews, execution_date=20230628T060222, start_date=20230628T060251, end_date=20230628T060254
[2023-06-28T06:02:55.013+0000] {local_task_job.py:159} INFO - Task exited with return code 0
[2023-06-28T06:02:55.033+0000] {taskinstance.py:2582} INFO - 1 downstream tasks scheduled from follow-on schedule check
