[2023-06-27T18:11:25.535+0000] {taskinstance.py:1087} INFO - Dependencies all met for <TaskInstance: load_pageviews.check_if_new_link_is_available __airflow_temporary_run_2023-06-27T18:11:23.382918+00:00__ [queued]>
[2023-06-27T18:11:25.542+0000] {taskinstance.py:1087} INFO - Dependencies all met for <TaskInstance: load_pageviews.check_if_new_link_is_available __airflow_temporary_run_2023-06-27T18:11:23.382918+00:00__ [queued]>
[2023-06-27T18:11:25.542+0000] {taskinstance.py:1283} INFO - 
--------------------------------------------------------------------------------
[2023-06-27T18:11:25.542+0000] {taskinstance.py:1284} INFO - Starting attempt 1 of 1
[2023-06-27T18:11:25.542+0000] {taskinstance.py:1285} INFO - 
--------------------------------------------------------------------------------
[2023-06-27T18:11:25.552+0000] {taskinstance.py:1304} INFO - Executing <Task(PythonOperator): check_if_new_link_is_available> on 2023-06-27 00:00:00+00:00
[2023-06-27T18:11:25.556+0000] {standard_task_runner.py:55} INFO - Started process 2744 to run task
[2023-06-27T18:11:25.560+0000] {standard_task_runner.py:82} INFO - Running: ['***', 'tasks', 'run', 'load_pageviews', 'check_if_new_link_is_available', '__***_temporary_run_2023-06-27T18:11:23.382918+00:00__', '--job-id', '35', '--raw', '--subdir', 'DAGS_FOLDER/load_pageviews.py', '--cfg-path', '/tmp/tmpy0utuerw']
[2023-06-27T18:11:25.560+0000] {standard_task_runner.py:83} INFO - Job 35: Subtask check_if_new_link_is_available
[2023-06-27T18:11:25.608+0000] {task_command.py:389} INFO - Running <TaskInstance: load_pageviews.check_if_new_link_is_available __airflow_temporary_run_2023-06-27T18:11:23.382918+00:00__ [running]> on host df36c5c3b1c7
[2023-06-27T18:11:25.665+0000] {taskinstance.py:1513} INFO - Exporting the following env vars:
AIRFLOW_CTX_DAG_OWNER=***
AIRFLOW_CTX_DAG_ID=load_pageviews
AIRFLOW_CTX_TASK_ID=check_if_new_link_is_available
AIRFLOW_CTX_EXECUTION_DATE=2023-06-27T00:00:00+00:00
AIRFLOW_CTX_TRY_NUMBER=1
AIRFLOW_CTX_DAG_RUN_ID=__***_temporary_run_2023-06-27T18:11:23.382918+00:00__
[2023-06-27T18:11:28.682+0000] {taskinstance.py:1772} ERROR - Task failed with exception
Traceback (most recent call last):
  File "/home/airflow/.local/lib/python3.7/site-packages/airflow/operators/python.py", line 175, in execute
    return_value = self.execute_callable()
  File "/home/airflow/.local/lib/python3.7/site-packages/airflow/operators/python.py", line 192, in execute_callable
    return self.python_callable(*self.op_args, **self.op_kwargs)
  File "/opt/airflow/helper/helper.py", line 266, in is_new_data_is_available
    if latest_link_from_wikipedia > latest_link_from_bigquery:
TypeError: '<' not supported between instances of 'numpy.ndarray' and 'str'
[2023-06-27T18:11:28.690+0000] {taskinstance.py:1327} INFO - Marking task as FAILED. dag_id=load_pageviews, task_id=check_if_new_link_is_available, execution_date=20230627T000000, start_date=20230627T181125, end_date=20230627T181128
[2023-06-27T18:11:28.700+0000] {standard_task_runner.py:105} ERROR - Failed to execute job 35 for task check_if_new_link_is_available ('<' not supported between instances of 'numpy.ndarray' and 'str'; 2744)
[2023-06-27T18:11:28.746+0000] {local_task_job.py:159} INFO - Task exited with return code 1
[2023-06-27T18:11:28.771+0000] {taskinstance.py:2582} INFO - 0 downstream tasks scheduled from follow-on schedule check
