[2023-06-28T17:00:06.358+0000] {taskinstance.py:1087} INFO - Dependencies all met for <TaskInstance: load_pageviews.check_if_new_link_is_available scheduled__2023-06-28T16:00:00+00:00 [queued]>
[2023-06-28T17:00:06.371+0000] {taskinstance.py:1087} INFO - Dependencies all met for <TaskInstance: load_pageviews.check_if_new_link_is_available scheduled__2023-06-28T16:00:00+00:00 [queued]>
[2023-06-28T17:00:06.371+0000] {taskinstance.py:1283} INFO - 
--------------------------------------------------------------------------------
[2023-06-28T17:00:06.371+0000] {taskinstance.py:1284} INFO - Starting attempt 1 of 1
[2023-06-28T17:00:06.371+0000] {taskinstance.py:1285} INFO - 
--------------------------------------------------------------------------------
[2023-06-28T17:00:06.386+0000] {taskinstance.py:1304} INFO - Executing <Task(PythonOperator): check_if_new_link_is_available> on 2023-06-28 16:00:00+00:00
[2023-06-28T17:00:06.394+0000] {standard_task_runner.py:55} INFO - Started process 13441 to run task
[2023-06-28T17:00:06.397+0000] {standard_task_runner.py:82} INFO - Running: ['***', 'tasks', 'run', 'load_pageviews', 'check_if_new_link_is_available', 'scheduled__2023-06-28T16:00:00+00:00', '--job-id', '138', '--raw', '--subdir', 'DAGS_FOLDER/load_pageviews.py', '--cfg-path', '/tmp/tmp416ee2z_']
[2023-06-28T17:00:06.397+0000] {standard_task_runner.py:83} INFO - Job 138: Subtask check_if_new_link_is_available
[2023-06-28T17:00:06.457+0000] {task_command.py:389} INFO - Running <TaskInstance: load_pageviews.check_if_new_link_is_available scheduled__2023-06-28T16:00:00+00:00 [running]> on host 3e2e38946fac
[2023-06-28T17:00:06.524+0000] {taskinstance.py:1513} INFO - Exporting the following env vars:
AIRFLOW_CTX_DAG_OWNER=***
AIRFLOW_CTX_DAG_ID=load_pageviews
AIRFLOW_CTX_TASK_ID=check_if_new_link_is_available
AIRFLOW_CTX_EXECUTION_DATE=2023-06-28T16:00:00+00:00
AIRFLOW_CTX_TRY_NUMBER=1
AIRFLOW_CTX_DAG_RUN_ID=scheduled__2023-06-28T16:00:00+00:00
[2023-06-28T17:00:14.080+0000] {logging_mixin.py:137} INFO - Latest link from Wikipedia: 2023-06-28 14:00:00
[2023-06-28T17:00:14.081+0000] {logging_mixin.py:137} INFO - Latest link from BigQuery: 2023-06-28 12:00:00
[2023-06-28T17:00:14.081+0000] {python.py:177} INFO - Done. Returned value was: True
[2023-06-28T17:00:14.312+0000] {taskinstance.py:1327} INFO - Marking task as SUCCESS. dag_id=load_pageviews, task_id=check_if_new_link_is_available, execution_date=20230628T160000, start_date=20230628T170006, end_date=20230628T170014
[2023-06-28T17:00:14.354+0000] {local_task_job.py:159} INFO - Task exited with return code 0
[2023-06-28T17:00:14.379+0000] {taskinstance.py:2582} INFO - 1 downstream tasks scheduled from follow-on schedule check
