[2023-06-27T18:09:45.819+0000] {taskinstance.py:1087} INFO - Dependencies all met for <TaskInstance: load_pageviews.check_if_new_link_is_available __airflow_temporary_run_2023-06-27T18:09:44.092563+00:00__ [queued]>
[2023-06-27T18:09:45.828+0000] {taskinstance.py:1087} INFO - Dependencies all met for <TaskInstance: load_pageviews.check_if_new_link_is_available __airflow_temporary_run_2023-06-27T18:09:44.092563+00:00__ [queued]>
[2023-06-27T18:09:45.828+0000] {taskinstance.py:1283} INFO - 
--------------------------------------------------------------------------------
[2023-06-27T18:09:45.828+0000] {taskinstance.py:1284} INFO - Starting attempt 1 of 1
[2023-06-27T18:09:45.828+0000] {taskinstance.py:1285} INFO - 
--------------------------------------------------------------------------------
[2023-06-27T18:09:45.839+0000] {taskinstance.py:1304} INFO - Executing <Task(PythonOperator): check_if_new_link_is_available> on 2023-06-27 00:00:00+00:00
[2023-06-27T18:09:45.845+0000] {standard_task_runner.py:55} INFO - Started process 2677 to run task
[2023-06-27T18:09:45.846+0000] {standard_task_runner.py:82} INFO - Running: ['***', 'tasks', 'run', 'load_pageviews', 'check_if_new_link_is_available', '__***_temporary_run_2023-06-27T18:09:44.092563+00:00__', '--job-id', '34', '--raw', '--subdir', 'DAGS_FOLDER/load_pageviews.py', '--cfg-path', '/tmp/tmpe538mes_']
[2023-06-27T18:09:45.847+0000] {standard_task_runner.py:83} INFO - Job 34: Subtask check_if_new_link_is_available
[2023-06-27T18:09:45.895+0000] {task_command.py:389} INFO - Running <TaskInstance: load_pageviews.check_if_new_link_is_available __airflow_temporary_run_2023-06-27T18:09:44.092563+00:00__ [running]> on host df36c5c3b1c7
[2023-06-27T18:09:45.948+0000] {taskinstance.py:1513} INFO - Exporting the following env vars:
AIRFLOW_CTX_DAG_OWNER=***
AIRFLOW_CTX_DAG_ID=load_pageviews
AIRFLOW_CTX_TASK_ID=check_if_new_link_is_available
AIRFLOW_CTX_EXECUTION_DATE=2023-06-27T00:00:00+00:00
AIRFLOW_CTX_TRY_NUMBER=1
AIRFLOW_CTX_DAG_RUN_ID=__***_temporary_run_2023-06-27T18:09:44.092563+00:00__
[2023-06-27T18:09:45.948+0000] {python.py:177} INFO - Done. Returned value was: True
[2023-06-27T18:09:45.966+0000] {taskinstance.py:1327} INFO - Marking task as SUCCESS. dag_id=load_pageviews, task_id=check_if_new_link_is_available, execution_date=20230627T000000, start_date=20230627T180945, end_date=20230627T180945
[2023-06-27T18:09:45.979+0000] {local_task_job.py:159} INFO - Task exited with return code 0
[2023-06-27T18:09:46.002+0000] {taskinstance.py:2582} INFO - 1 downstream tasks scheduled from follow-on schedule check
