[2023-06-28T12:26:29.883+0000] {taskinstance.py:1087} INFO - Dependencies all met for <TaskInstance: load_pageviews.send_email_notification scheduled__2023-06-28T11:00:00+00:00 [queued]>
[2023-06-28T12:26:29.892+0000] {taskinstance.py:1087} INFO - Dependencies all met for <TaskInstance: load_pageviews.send_email_notification scheduled__2023-06-28T11:00:00+00:00 [queued]>
[2023-06-28T12:26:29.892+0000] {taskinstance.py:1283} INFO - 
--------------------------------------------------------------------------------
[2023-06-28T12:26:29.892+0000] {taskinstance.py:1284} INFO - Starting attempt 1 of 1
[2023-06-28T12:26:29.892+0000] {taskinstance.py:1285} INFO - 
--------------------------------------------------------------------------------
[2023-06-28T12:26:29.903+0000] {taskinstance.py:1304} INFO - Executing <Task(EmailOperator): send_email_notification> on 2023-06-28 11:00:00+00:00
[2023-06-28T12:26:29.911+0000] {standard_task_runner.py:55} INFO - Started process 206 to run task
[2023-06-28T12:26:29.914+0000] {standard_task_runner.py:82} INFO - Running: ['***', 'tasks', 'run', 'load_pageviews', 'send_email_notification', 'scheduled__2023-06-28T11:00:00+00:00', '--job-id', '91', '--raw', '--subdir', 'DAGS_FOLDER/load_pageviews.py', '--cfg-path', '/tmp/tmpqlq8000y']
[2023-06-28T12:26:29.914+0000] {standard_task_runner.py:83} INFO - Job 91: Subtask send_email_notification
[2023-06-28T12:26:29.967+0000] {task_command.py:389} INFO - Running <TaskInstance: load_pageviews.send_email_notification scheduled__2023-06-28T11:00:00+00:00 [running]> on host 3e2e38946fac
[2023-06-28T12:26:30.026+0000] {taskinstance.py:1513} INFO - Exporting the following env vars:
AIRFLOW_CTX_DAG_OWNER=***
AIRFLOW_CTX_DAG_ID=load_pageviews
AIRFLOW_CTX_TASK_ID=send_email_notification
AIRFLOW_CTX_EXECUTION_DATE=2023-06-28T11:00:00+00:00
AIRFLOW_CTX_TRY_NUMBER=1
AIRFLOW_CTX_DAG_RUN_ID=scheduled__2023-06-28T11:00:00+00:00
[2023-06-28T12:26:30.037+0000] {warnings.py:110} WARNING - /home/***/.local/lib/python3.7/site-packages/***/utils/email.py:120: RemovedInAirflow3Warning: Fetching SMTP credentials from configuration variables will be deprecated in a future release. Please set credentials using a connection instead.
  send_mime_email(e_from=mail_from, e_to=recipients, mime_msg=msg, conn_id=conn_id, dryrun=dryrun)

[2023-06-28T12:26:30.037+0000] {email.py:229} INFO - Email alerting: attempt 1
[2023-06-28T12:26:30.813+0000] {email.py:241} INFO - Sent an alert email to ['bdadon50@gmail.com']
[2023-06-28T12:26:32.375+0000] {taskinstance.py:1327} INFO - Marking task as SUCCESS. dag_id=load_pageviews, task_id=send_email_notification, execution_date=20230628T110000, start_date=20230628T122629, end_date=20230628T122632
[2023-06-28T12:26:32.412+0000] {local_task_job.py:159} INFO - Task exited with return code 0
[2023-06-28T12:26:32.428+0000] {taskinstance.py:2582} INFO - 0 downstream tasks scheduled from follow-on schedule check
