[2023-06-28T06:03:27.963+0000] {taskinstance.py:1087} INFO - Dependencies all met for <TaskInstance: load_pageviews.send_email_notification manual__2023-06-28T06:02:22.812930+00:00 [queued]>
[2023-06-28T06:03:27.970+0000] {taskinstance.py:1087} INFO - Dependencies all met for <TaskInstance: load_pageviews.send_email_notification manual__2023-06-28T06:02:22.812930+00:00 [queued]>
[2023-06-28T06:03:27.970+0000] {taskinstance.py:1283} INFO - 
--------------------------------------------------------------------------------
[2023-06-28T06:03:27.970+0000] {taskinstance.py:1284} INFO - Starting attempt 1 of 1
[2023-06-28T06:03:27.970+0000] {taskinstance.py:1285} INFO - 
--------------------------------------------------------------------------------
[2023-06-28T06:03:27.981+0000] {taskinstance.py:1304} INFO - Executing <Task(EmailOperator): send_email_notification> on 2023-06-28 06:02:22.812930+00:00
[2023-06-28T06:03:27.987+0000] {standard_task_runner.py:55} INFO - Started process 381 to run task
[2023-06-28T06:03:27.990+0000] {standard_task_runner.py:82} INFO - Running: ['***', 'tasks', 'run', 'load_pageviews', 'send_email_notification', 'manual__2023-06-28T06:02:22.812930+00:00', '--job-id', '77', '--raw', '--subdir', 'DAGS_FOLDER/load_pageviews.py', '--cfg-path', '/tmp/tmp099pjoc4']
[2023-06-28T06:03:27.991+0000] {standard_task_runner.py:83} INFO - Job 77: Subtask send_email_notification
[2023-06-28T06:03:28.045+0000] {task_command.py:389} INFO - Running <TaskInstance: load_pageviews.send_email_notification manual__2023-06-28T06:02:22.812930+00:00 [running]> on host 53ef9e17488f
[2023-06-28T06:03:28.111+0000] {taskinstance.py:1513} INFO - Exporting the following env vars:
AIRFLOW_CTX_DAG_OWNER=***
AIRFLOW_CTX_DAG_ID=load_pageviews
AIRFLOW_CTX_TASK_ID=send_email_notification
AIRFLOW_CTX_EXECUTION_DATE=2023-06-28T06:02:22.812930+00:00
AIRFLOW_CTX_TRY_NUMBER=1
AIRFLOW_CTX_DAG_RUN_ID=manual__2023-06-28T06:02:22.812930+00:00
[2023-06-28T06:03:28.119+0000] {warnings.py:110} WARNING - /home/***/.local/lib/python3.7/site-packages/***/utils/email.py:120: RemovedInAirflow3Warning: Fetching SMTP credentials from configuration variables will be deprecated in a future release. Please set credentials using a connection instead.
  send_mime_email(e_from=mail_from, e_to=recipients, mime_msg=msg, conn_id=conn_id, dryrun=dryrun)

[2023-06-28T06:03:28.119+0000] {email.py:229} INFO - Email alerting: attempt 1
[2023-06-28T06:03:28.773+0000] {email.py:241} INFO - Sent an alert email to ['bdadon50@gmail.com']
[2023-06-28T06:03:30.323+0000] {taskinstance.py:1327} INFO - Marking task as SUCCESS. dag_id=load_pageviews, task_id=send_email_notification, execution_date=20230628T060222, start_date=20230628T060327, end_date=20230628T060330
[2023-06-28T06:03:30.370+0000] {local_task_job.py:159} INFO - Task exited with return code 0
[2023-06-28T06:03:30.384+0000] {taskinstance.py:2582} INFO - 0 downstream tasks scheduled from follow-on schedule check
