[2023-06-28T05:45:24.767+0000] {taskinstance.py:1087} INFO - Dependencies all met for <TaskInstance: load_pageviews.create_dbt_models manual__2023-06-28T05:44:28.068172+00:00 [queued]>
[2023-06-28T05:45:24.774+0000] {taskinstance.py:1087} INFO - Dependencies all met for <TaskInstance: load_pageviews.create_dbt_models manual__2023-06-28T05:44:28.068172+00:00 [queued]>
[2023-06-28T05:45:24.774+0000] {taskinstance.py:1283} INFO - 
--------------------------------------------------------------------------------
[2023-06-28T05:45:24.774+0000] {taskinstance.py:1284} INFO - Starting attempt 1 of 1
[2023-06-28T05:45:24.774+0000] {taskinstance.py:1285} INFO - 
--------------------------------------------------------------------------------
[2023-06-28T05:45:24.785+0000] {taskinstance.py:1304} INFO - Executing <Task(BashOperator): create_dbt_models> on 2023-06-28 05:44:28.068172+00:00
[2023-06-28T05:45:24.791+0000] {standard_task_runner.py:55} INFO - Started process 473 to run task
[2023-06-28T05:45:24.795+0000] {standard_task_runner.py:82} INFO - Running: ['***', 'tasks', 'run', 'load_pageviews', 'create_dbt_models', 'manual__2023-06-28T05:44:28.068172+00:00', '--job-id', '56', '--raw', '--subdir', 'DAGS_FOLDER/load_pageviews.py', '--cfg-path', '/tmp/tmpqq0pcz_v']
[2023-06-28T05:45:24.795+0000] {standard_task_runner.py:83} INFO - Job 56: Subtask create_dbt_models
[2023-06-28T05:45:24.840+0000] {task_command.py:389} INFO - Running <TaskInstance: load_pageviews.create_dbt_models manual__2023-06-28T05:44:28.068172+00:00 [running]> on host b7f23ecf7992
[2023-06-28T05:45:24.971+0000] {taskinstance.py:1513} INFO - Exporting the following env vars:
AIRFLOW_CTX_DAG_OWNER=***
AIRFLOW_CTX_DAG_ID=load_pageviews
AIRFLOW_CTX_TASK_ID=create_dbt_models
AIRFLOW_CTX_EXECUTION_DATE=2023-06-28T05:44:28.068172+00:00
AIRFLOW_CTX_TRY_NUMBER=1
AIRFLOW_CTX_DAG_RUN_ID=manual__2023-06-28T05:44:28.068172+00:00
[2023-06-28T05:45:24.972+0000] {subprocess.py:63} INFO - Tmp dir root location: 
 /tmp
[2023-06-28T05:45:24.973+0000] {subprocess.py:75} INFO - Running command: ['/bin/bash', '-c', 'cd /opt/***/helper/dbt_pageviews && dbt run']
[2023-06-28T05:45:24.987+0000] {subprocess.py:86} INFO - Output:
[2023-06-28T05:45:26.767+0000] {subprocess.py:93} INFO - [0m05:45:26  Running with dbt=1.5.2
[2023-06-28T05:45:27.456+0000] {subprocess.py:93} INFO - [0m05:45:27  Registered adapter: bigquery=1.5.3
[2023-06-28T05:45:27.500+0000] {subprocess.py:93} INFO - [0m05:45:27  Found 3 models, 4 tests, 0 snapshots, 0 analyses, 357 macros, 0 operations, 0 seed files, 0 sources, 0 exposures, 0 metrics, 0 groups
[2023-06-28T05:45:27.502+0000] {subprocess.py:93} INFO - [0m05:45:27
[2023-06-28T05:45:28.426+0000] {subprocess.py:93} INFO - [0m05:45:28  Concurrency: 1 threads (target='dev')
[2023-06-28T05:45:28.427+0000] {subprocess.py:93} INFO - [0m05:45:28
[2023-06-28T05:45:28.432+0000] {subprocess.py:93} INFO - [0m05:45:28  1 of 3 START sql table model pageviews.my_first_dbt_model ...................... [RUN]
[2023-06-28T05:45:31.017+0000] {subprocess.py:93} INFO - [0m05:45:31  1 of 3 OK created sql table model pageviews.my_first_dbt_model ................. [[32mCREATE TABLE (2.0 rows, 0 processed)[0m in 2.58s]
[2023-06-28T05:45:31.019+0000] {subprocess.py:93} INFO - [0m05:45:31  2 of 3 START sql view model pageviews.pageviews_ranks .......................... [RUN]
[2023-06-28T05:45:32.085+0000] {subprocess.py:93} INFO - [0m05:45:32  2 of 3 OK created sql view model pageviews.pageviews_ranks ..................... [[32mCREATE VIEW (0 processed)[0m in 1.06s]
[2023-06-28T05:45:32.086+0000] {subprocess.py:93} INFO - [0m05:45:32  3 of 3 START sql view model pageviews.my_second_dbt_model ...................... [RUN]
[2023-06-28T05:45:33.052+0000] {subprocess.py:93} INFO - [0m05:45:33  3 of 3 OK created sql view model pageviews.my_second_dbt_model ................. [[32mCREATE VIEW (0 processed)[0m in 0.96s]
[2023-06-28T05:45:33.154+0000] {subprocess.py:93} INFO - [0m05:45:33
[2023-06-28T05:45:33.155+0000] {subprocess.py:93} INFO - [0m05:45:33  Finished running 1 table model, 2 view models in 0 hours 0 minutes and 5.65 seconds (5.65s).
[2023-06-28T05:45:33.164+0000] {subprocess.py:93} INFO - [0m05:45:33
[2023-06-28T05:45:33.165+0000] {subprocess.py:93} INFO - [0m05:45:33  [32mCompleted successfully[0m
[2023-06-28T05:45:33.166+0000] {subprocess.py:93} INFO - [0m05:45:33
[2023-06-28T05:45:33.166+0000] {subprocess.py:93} INFO - [0m05:45:33  Done. PASS=3 WARN=0 ERROR=0 SKIP=0 TOTAL=3
[2023-06-28T05:45:33.959+0000] {subprocess.py:97} INFO - Command exited with return code 0
[2023-06-28T05:45:33.975+0000] {taskinstance.py:1327} INFO - Marking task as SUCCESS. dag_id=load_pageviews, task_id=create_dbt_models, execution_date=20230628T054428, start_date=20230628T054524, end_date=20230628T054533
[2023-06-28T05:45:33.998+0000] {local_task_job.py:159} INFO - Task exited with return code 0
[2023-06-28T05:45:34.013+0000] {taskinstance.py:2582} INFO - 1 downstream tasks scheduled from follow-on schedule check
